2023-11-16T19:27:19.702+0300 [DEBUG] [org.gradle.launcher.daemon.bootstrap.DaemonMain] Assuming the daemon was started with following jvm opts: [--add-opens=java.base/java.util=ALL-UNNAMED, --add-opens=java.base/java.lang=ALL-UNNAMED, --add-opens=java.base/java.lang.invoke=ALL-UNNAMED, --add-opens=java.prefs/java.util.prefs=ALL-UNNAMED, --add-opens=java.base/java.nio.charset=ALL-UNNAMED, --add-opens=java.base/java.net=ALL-UNNAMED, --add-opens=java.base/java.util.concurrent.atomic=ALL-UNNAMED, -Xmx2048m, -Dfile.encoding=UTF-8, -Duser.country=US, -Duser.language=en, -Duser.variant]
2023-11-16T19:27:19.810+0300 [INFO] [org.gradle.launcher.daemon.server.Daemon] start() called on daemon - DefaultDaemonContext[uid=6cbf9693-993d-4cb8-91fe-b2540a620002,javaHome=/opt/android-studio-canary/jbr,daemonRegistryDir=/mnt/code/AS/SeverDroneClient/daemon,pid=280836,idleTimeout=10800000,priority=NORMAL,daemonOpts=--add-opens=java.base/java.util=ALL-UNNAMED,--add-opens=java.base/java.lang=ALL-UNNAMED,--add-opens=java.base/java.lang.invoke=ALL-UNNAMED,--add-opens=java.prefs/java.util.prefs=ALL-UNNAMED,--add-opens=java.base/java.nio.charset=ALL-UNNAMED,--add-opens=java.base/java.net=ALL-UNNAMED,--add-opens=java.base/java.util.concurrent.atomic=ALL-UNNAMED,-Xmx2048m,-Dfile.encoding=UTF-8,-Duser.country=US,-Duser.language=en,-Duser.variant]
2023-11-16T19:27:19.833+0300 [DEBUG] [org.gradle.internal.remote.internal.inet.InetAddresses] Adding IP addresses for network interface docker0
2023-11-16T19:27:19.833+0300 [DEBUG] [org.gradle.internal.remote.internal.inet.InetAddresses] Is this a loopback interface? false
2023-11-16T19:27:19.834+0300 [DEBUG] [org.gradle.internal.remote.internal.inet.InetAddresses] Adding remote address /172.17.0.1
2023-11-16T19:27:19.834+0300 [DEBUG] [org.gradle.internal.remote.internal.inet.InetAddresses] Adding IP addresses for network interface wlp4s0
2023-11-16T19:27:19.835+0300 [DEBUG] [org.gradle.internal.remote.internal.inet.InetAddresses] Is this a loopback interface? false
2023-11-16T19:27:19.835+0300 [DEBUG] [org.gradle.internal.remote.internal.inet.InetAddresses] Adding remote address /fe80:0:0:0:ae88:3539:aac:1060%wlp4s0
2023-11-16T19:27:19.836+0300 [DEBUG] [org.gradle.internal.remote.internal.inet.InetAddresses] Adding remote address /192.168.31.214
2023-11-16T19:27:19.836+0300 [DEBUG] [org.gradle.internal.remote.internal.inet.InetAddresses] Adding IP addresses for network interface lo
2023-11-16T19:27:19.836+0300 [DEBUG] [org.gradle.internal.remote.internal.inet.InetAddresses] Is this a loopback interface? true
2023-11-16T19:27:19.837+0300 [DEBUG] [org.gradle.internal.remote.internal.inet.InetAddresses] Adding loopback address /0:0:0:0:0:0:0:1%lo
2023-11-16T19:27:19.837+0300 [DEBUG] [org.gradle.internal.remote.internal.inet.InetAddresses] Adding loopback address /127.0.0.1
2023-11-16T19:27:19.839+0300 [DEBUG] [org.gradle.internal.remote.internal.inet.TcpIncomingConnector] Listening on [f36987be-52cd-461e-9d10-cd8262cbd912 port:38253, addresses:[localhost/127.0.0.1]].
2023-11-16T19:27:19.851+0300 [DEBUG] [org.gradle.launcher.daemon.server.Daemon] Daemon starting at: Thu Nov 16 19:27:19 MSK 2023, with address: [f36987be-52cd-461e-9d10-cd8262cbd912 port:38253, addresses:[localhost/127.0.0.1]]
2023-11-16T19:27:19.852+0300 [INFO] [org.gradle.launcher.daemon.server.DaemonRegistryUpdater] Advertising the daemon address to the clients: [f36987be-52cd-461e-9d10-cd8262cbd912 port:38253, addresses:[localhost/127.0.0.1]]
2023-11-16T19:27:19.852+0300 [DEBUG] [org.gradle.launcher.daemon.server.DaemonRegistryUpdater] Advertised daemon context: DefaultDaemonContext[uid=6cbf9693-993d-4cb8-91fe-b2540a620002,javaHome=/opt/android-studio-canary/jbr,daemonRegistryDir=/mnt/code/AS/SeverDroneClient/daemon,pid=280836,idleTimeout=10800000,priority=NORMAL,daemonOpts=--add-opens=java.base/java.util=ALL-UNNAMED,--add-opens=java.base/java.lang=ALL-UNNAMED,--add-opens=java.base/java.lang.invoke=ALL-UNNAMED,--add-opens=java.prefs/java.util.prefs=ALL-UNNAMED,--add-opens=java.base/java.nio.charset=ALL-UNNAMED,--add-opens=java.base/java.net=ALL-UNNAMED,--add-opens=java.base/java.util.concurrent.atomic=ALL-UNNAMED,-Xmx2048m,-Dfile.encoding=UTF-8,-Duser.country=US,-Duser.language=en,-Duser.variant]
2023-11-16T19:27:19.853+0300 [DEBUG] [org.gradle.launcher.daemon.registry.PersistentDaemonRegistry] Storing daemon address: [f36987be-52cd-461e-9d10-cd8262cbd912 port:38253, addresses:[localhost/127.0.0.1]], context: DefaultDaemonContext[uid=6cbf9693-993d-4cb8-91fe-b2540a620002,javaHome=/opt/android-studio-canary/jbr,daemonRegistryDir=/mnt/code/AS/SeverDroneClient/daemon,pid=280836,idleTimeout=10800000,priority=NORMAL,daemonOpts=--add-opens=java.base/java.util=ALL-UNNAMED,--add-opens=java.base/java.lang=ALL-UNNAMED,--add-opens=java.base/java.lang.invoke=ALL-UNNAMED,--add-opens=java.prefs/java.util.prefs=ALL-UNNAMED,--add-opens=java.base/java.nio.charset=ALL-UNNAMED,--add-opens=java.base/java.net=ALL-UNNAMED,--add-opens=java.base/java.util.concurrent.atomic=ALL-UNNAMED,-Xmx2048m,-Dfile.encoding=UTF-8,-Duser.country=US,-Duser.language=en,-Duser.variant]
2023-11-16T19:27:19.860+0300 [DEBUG] [org.gradle.cache.internal.DefaultFileLockManager] Waiting to acquire exclusive lock on daemon addresses registry.
2023-11-16T19:27:19.863+0300 [DEBUG] [org.gradle.cache.internal.DefaultFileLockManager] Lock acquired on daemon addresses registry.
2023-11-16T19:27:19.890+0300 [DEBUG] [org.gradle.cache.internal.DefaultFileLockManager] Releasing lock on daemon addresses registry.
2023-11-16T19:27:19.893+0300 [LIFECYCLE] [org.gradle.launcher.daemon.server.Daemon] Daemon server started.
2023-11-16T19:27:19.898+0300 [DEBUG] [org.gradle.launcher.daemon.bootstrap.DaemonStartupCommunication] Completed writing the daemon greeting. Closing streams...
2023-11-16T19:27:19.912+0300 [DEBUG] [org.gradle.launcher.daemon.server.Daemon] stopOnExpiration() called on daemon
2023-11-16T19:27:19.919+0300 [DEBUG] [org.gradle.launcher.daemon.server.Daemon] awaitExpiration() called on daemon
2023-11-16T19:27:19.923+0300 [DEBUG] [org.gradle.launcher.daemon.server.DaemonStateCoordinator] daemon is running. Sleeping until state changes.
2023-11-16T19:27:19.924+0300 [DEBUG] [org.gradle.internal.remote.internal.inet.TcpIncomingConnector] Accepted connection from /127.0.0.1:44688 to /127.0.0.1:38253.
2023-11-16T19:27:20.039+0300 [DEBUG] [org.gradle.launcher.daemon.server.SynchronizedDispatchConnection] thread 20: received class org.gradle.launcher.daemon.protocol.Build
2023-11-16T19:27:20.040+0300 [DEBUG] [org.gradle.launcher.daemon.server.DefaultDaemonConnection] thread 20: Received non-IO message from client: Build{id=90a66f67-d890-415d-9a6f-6309aab9fe8b, currentDir=/mnt/code/AS/KotlinLvl1_2}
2023-11-16T19:27:20.041+0300 [INFO] [org.gradle.launcher.daemon.server.DefaultIncomingConnectionHandler] Received command: Build{id=90a66f67-d890-415d-9a6f-6309aab9fe8b, currentDir=/mnt/code/AS/KotlinLvl1_2}.
2023-11-16T19:27:20.042+0300 [DEBUG] [org.gradle.launcher.daemon.server.DefaultIncomingConnectionHandler] Starting executing command: Build{id=90a66f67-d890-415d-9a6f-6309aab9fe8b, currentDir=/mnt/code/AS/KotlinLvl1_2} with connection: socket connection from /127.0.0.1:38253 to /127.0.0.1:44688.
2023-11-16T19:27:20.044+0300 [DEBUG] [org.gradle.launcher.daemon.server.DaemonStateCoordinator] Command execution: started DaemonCommandExecution[command = Build{id=90a66f67-d890-415d-9a6f-6309aab9fe8b, currentDir=/mnt/code/AS/KotlinLvl1_2}, connection = DefaultDaemonConnection: socket connection from /127.0.0.1:38253 to /127.0.0.1:44688] after 0.0 minutes of idle
2023-11-16T19:27:20.045+0300 [INFO] [org.gradle.launcher.daemon.server.DaemonRegistryUpdater] Marking the daemon as busy, address: [f36987be-52cd-461e-9d10-cd8262cbd912 port:38253, addresses:[localhost/127.0.0.1]]
2023-11-16T19:27:20.046+0300 [DEBUG] [org.gradle.launcher.daemon.registry.PersistentDaemonRegistry] Marking busy by address: [f36987be-52cd-461e-9d10-cd8262cbd912 port:38253, addresses:[localhost/127.0.0.1]]
2023-11-16T19:27:20.047+0300 [DEBUG] [org.gradle.cache.internal.DefaultFileLockManager] Waiting to acquire exclusive lock on daemon addresses registry.
2023-11-16T19:27:20.048+0300 [DEBUG] [org.gradle.cache.internal.DefaultFileLockManager] Lock acquired on daemon addresses registry.
2023-11-16T19:27:20.050+0300 [DEBUG] [org.gradle.cache.internal.DefaultFileLockManager] Releasing lock on daemon addresses registry.
2023-11-16T19:27:20.050+0300 [DEBUG] [org.gradle.launcher.daemon.server.DaemonStateCoordinator] resetting idle timer
2023-11-16T19:27:20.051+0300 [DEBUG] [org.gradle.launcher.daemon.server.DaemonStateCoordinator] daemon is running. Sleeping until state changes.
2023-11-16T19:27:20.051+0300 [INFO] [org.gradle.launcher.daemon.server.exec.StartBuildOrRespondWithBusy] Daemon is about to start building Build{id=90a66f67-d890-415d-9a6f-6309aab9fe8b, currentDir=/mnt/code/AS/KotlinLvl1_2}. Dispatching build started information...
2023-11-16T19:27:20.052+0300 [DEBUG] [org.gradle.launcher.daemon.server.SynchronizedDispatchConnection] thread 22: dispatching org.gradle.launcher.daemon.protocol.BuildStarted@3e0a0b0d
2023-11-16T19:27:20.054+0300 [DEBUG] [org.gradle.launcher.daemon.server.exec.EstablishBuildEnvironment] Configuring env variables: [PATH, XAUTHORITY, INVOCATION_ID, MOTD_SHOWN, DBUS_SESSION_BUS_ADDRESS, XDG_CURRENT_DESKTOP, JOURNAL_STREAM, QT_AUTO_SCREEN_SCALE_FACTOR, MAIL, LADSPA_PATH, SESSION_MANAGER, LOGNAME, PWD, PAM_KWALLET5_LOGIN, MANAGERPID, XCURSOR_THEME, KDE_SESSION_VERSION, SHELL, QT_SCREEN_SCALE_FACTORS, OLDPWD, CADENCE_AUTO_STARTED, VST_PATH, KDE_FULL_SESSION, GTK_MODULES, XDG_SESSION_PATH, DEBUGINFOD_URLS, DSSI_PATH, SYSTEMD_EXEC_PID, LC_CTYPE, XDG_SESSION_DESKTOP, SHLVL, KDE_APPLICATIONS_AS_SCOPE, MEMORY_PRESSURE_WRITE, MEMORY_PRESSURE_WATCH, KDE_SESSION_UID, XDG_CONFIG_DIRS, LANG, XDG_SEAT_PATH, XDG_SESSION_TYPE, XDG_SESSION_ID, GRADLE_HOME, DISPLAY, GTK_RC_FILES, XDG_SESSION_CLASS, XCURSOR_SIZE, GTK3_MODULES, UBUNTU_MENUPROXY, DESKTOP_SESSION, USER, GTK2_RC_FILES, XDG_SEAT, XDG_RUNTIME_DIR, XDG_VTNR, HOME, LV2_PATH]
2023-11-16T19:27:20.055+0300 [DEBUG] [org.gradle.launcher.daemon.server.SynchronizedDispatchConnection] thread 20: received class org.gradle.launcher.daemon.protocol.CloseInput
2023-11-16T19:27:20.056+0300 [DEBUG] [org.gradle.launcher.daemon.server.DefaultDaemonConnection] thread 20: Received IO message from client: org.gradle.launcher.daemon.protocol.CloseInput@5a368a02
2023-11-16T19:27:20.058+0300 [DEBUG] [org.gradle.launcher.daemon.server.exec.LogToClient] About to start relaying all logs to the client via the connection.
2023-11-16T19:27:20.059+0300 [INFO] [org.gradle.launcher.daemon.server.exec.LogToClient] The client will now receive all logging from the daemon (pid: 280836). The daemon log file: /mnt/code/AS/SeverDroneClient/daemon/8.0/daemon-280836.out.log
2023-11-16T19:27:20.061+0300 [INFO] [org.gradle.launcher.daemon.server.exec.LogAndCheckHealth] Starting build in new daemon [memory: 2 GiB]
2023-11-16T19:27:20.062+0300 [INFO] [org.gradle.launcher.daemon.server.exec.ForwardClientInput] Closing daemon's stdin at end of input.
2023-11-16T19:27:20.063+0300 [INFO] [org.gradle.launcher.daemon.server.exec.ForwardClientInput] The daemon will no longer process any standard input.
2023-11-16T19:27:20.065+0300 [DEBUG] [org.gradle.launcher.daemon.server.exec.ExecuteBuild] The daemon has started executing the build.
2023-11-16T19:27:20.066+0300 [DEBUG] [org.gradle.launcher.daemon.server.exec.ExecuteBuild] Executing build with daemon context: DefaultDaemonContext[uid=6cbf9693-993d-4cb8-91fe-b2540a620002,javaHome=/opt/android-studio-canary/jbr,daemonRegistryDir=/mnt/code/AS/SeverDroneClient/daemon,pid=280836,idleTimeout=10800000,priority=NORMAL,daemonOpts=--add-opens=java.base/java.util=ALL-UNNAMED,--add-opens=java.base/java.lang=ALL-UNNAMED,--add-opens=java.base/java.lang.invoke=ALL-UNNAMED,--add-opens=java.prefs/java.util.prefs=ALL-UNNAMED,--add-opens=java.base/java.nio.charset=ALL-UNNAMED,--add-opens=java.base/java.net=ALL-UNNAMED,--add-opens=java.base/java.util.concurrent.atomic=ALL-UNNAMED,-Xmx2048m,-Dfile.encoding=UTF-8,-Duser.country=US,-Duser.language=en,-Duser.variant]

BUILD SUCCESSFUL in 6m 12s
2023-11-16T19:33:30.712+0300 [DEBUG] [org.gradle.launcher.daemon.server.exec.ExecuteBuild] The daemon has finished executing the build.
2023-11-16T19:33:30.767+0300 [DEBUG] [org.gradle.launcher.daemon.server.DaemonStateCoordinator] daemon is running. Sleeping until state changes.
2023-11-16T19:33:30.779+0300 [DEBUG] [org.gradle.launcher.daemon.server.DaemonStateCoordinator] Command execution: finished waiting for DaemonCommandExecution[command = Build{id=90a66f67-d890-415d-9a6f-6309aab9fe8b, currentDir=/mnt/code/AS/KotlinLvl1_2}, connection = DefaultDaemonConnection: socket connection from /127.0.0.1:38253 to /127.0.0.1:44688]. Result org.gradle.launcher.daemon.server.DaemonStateCoordinator@5d76f548 with state Busy
2023-11-16T19:33:30.794+0300 [DEBUG] [org.gradle.launcher.daemon.server.DaemonStateCoordinator] Command execution: completed DaemonCommandExecution[command = Build{id=90a66f67-d890-415d-9a6f-6309aab9fe8b, currentDir=/mnt/code/AS/KotlinLvl1_2}, connection = DefaultDaemonConnection: socket connection from /127.0.0.1:38253 to /127.0.0.1:44688]
2023-11-16T19:33:30.797+0300 [DEBUG] [org.gradle.launcher.daemon.server.DaemonStateCoordinator] resetting idle timer
2023-11-16T19:33:30.801+0300 [INFO] [org.gradle.launcher.daemon.server.DaemonRegistryUpdater] Marking the daemon as idle, address: [f36987be-52cd-461e-9d10-cd8262cbd912 port:38253, addresses:[localhost/127.0.0.1]]
2023-11-16T19:33:30.808+0300 [DEBUG] [org.gradle.launcher.daemon.registry.PersistentDaemonRegistry] Marking busy by address: [f36987be-52cd-461e-9d10-cd8262cbd912 port:38253, addresses:[localhost/127.0.0.1]]
2023-11-16T19:33:30.811+0300 [DEBUG] [org.gradle.cache.internal.DefaultFileLockManager] Waiting to acquire exclusive lock on daemon addresses registry.
2023-11-16T19:33:30.857+0300 [DEBUG] [org.gradle.cache.internal.DefaultFileLockManager] Lock acquired on daemon addresses registry.
2023-11-16T19:33:30.863+0300 [DEBUG] [org.gradle.cache.internal.DefaultFileLockManager] Releasing lock on daemon addresses registry.
2023-11-16T19:33:30.865+0300 [DEBUG] [org.gradle.launcher.daemon.server.DaemonStateCoordinator] daemon is running. Sleeping until state changes.
2023-11-16T19:33:30.865+0300 [DEBUG] [org.gradle.launcher.daemon.server.exec.ReturnResult] Daemon is dispatching the build result: Success[value=org.gradle.launcher.exec.BuildActionResult@5120192a]
2023-11-16T19:33:30.866+0300 [DEBUG] [org.gradle.launcher.daemon.server.SynchronizedDispatchConnection] thread 19: dispatching Success[value=org.gradle.launcher.exec.BuildActionResult@5120192a]
2023-11-16T19:33:30.866+0300 [DEBUG] [org.gradle.launcher.daemon.server.DefaultIncomingConnectionHandler] Finishing executing command: Build{id=90a66f67-d890-415d-9a6f-6309aab9fe8b, currentDir=/mnt/code/AS/KotlinLvl1_2}
2023-11-16T19:33:30.867+0300 [DEBUG] [org.gradle.launcher.daemon.server.SynchronizedDispatchConnection] thread 20: received class org.gradle.launcher.daemon.protocol.Finished
2023-11-16T19:33:30.878+0300 [DEBUG] [org.gradle.launcher.daemon.server.DefaultDaemonConnection] thread 20: Received non-IO message from client: org.gradle.launcher.daemon.protocol.Finished@4cf700c1
2023-11-16T19:33:30.880+0300 [DEBUG] [org.gradle.launcher.daemon.server.DefaultIncomingConnectionHandler] Received finished message: org.gradle.launcher.daemon.protocol.Finished@4cf700c1
2023-11-16T19:33:30.880+0300 [DEBUG] [org.gradle.internal.remote.internal.inet.SocketConnection] Discarding EOFException: java.io.EOFException
2023-11-16T19:33:30.881+0300 [DEBUG] [org.gradle.launcher.daemon.server.SynchronizedDispatchConnection] thread 19: stopping connection
2023-11-16T19:33:30.882+0300 [DEBUG] [org.gradle.launcher.daemon.server.SynchronizedDispatchConnection] thread 20: received null
2023-11-16T19:33:30.903+0300 [DEBUG] [org.gradle.launcher.daemon.server.DefaultDaemonConnection] thread 20: Received end-of-input from client.
2023-11-16T19:33:30.904+0300 [DEBUG] [org.gradle.launcher.daemon.server.SynchronizedDispatchConnection] thread 19: stopping connection
2023-11-16T19:33:31.076+0300 [DEBUG] [org.apache.http.impl.conn.PoolingHttpClientConnectionManager] Connection manager is shutting down
2023-11-16T19:33:31.076+0300 [DEBUG] [org.apache.http.impl.conn.DefaultManagedHttpClientConnection] http-outgoing-41: Close connection
2023-11-16T19:33:31.079+0300 [DEBUG] [org.apache.http.impl.conn.PoolingHttpClientConnectionManager] Connection manager shut down
2023-11-16T19:33:31.080+0300 [DEBUG] [org.apache.http.impl.conn.PoolingHttpClientConnectionManager] Connection manager is shutting down
2023-11-16T19:33:31.080+0300 [DEBUG] [org.apache.http.impl.conn.DefaultManagedHttpClientConnection] http-outgoing-43: Close connection
2023-11-16T19:33:31.080+0300 [DEBUG] [org.apache.http.impl.conn.PoolingHttpClientConnectionManager] Connection manager shut down
2023-11-16T19:33:31.081+0300 [DEBUG] [org.apache.http.impl.conn.PoolingHttpClientConnectionManager] Connection manager is shutting down
2023-11-16T19:33:31.084+0300 [DEBUG] [org.apache.http.impl.conn.DefaultManagedHttpClientConnection] http-outgoing-42: Close connection
2023-11-16T19:33:31.084+0300 [DEBUG] [org.apache.http.impl.conn.PoolingHttpClientConnectionManager] Connection manager shut down
2023-11-16T19:33:31.085+0300 [DEBUG] [org.apache.http.impl.conn.PoolingHttpClientConnectionManager] Connection manager is shutting down
2023-11-16T19:33:31.085+0300 [DEBUG] [org.apache.http.impl.conn.DefaultManagedHttpClientConnection] http-outgoing-44: Close connection
2023-11-16T19:33:31.085+0300 [DEBUG] [org.apache.http.impl.conn.PoolingHttpClientConnectionManager] Connection manager shut down
2023-11-16T19:33:31.086+0300 [DEBUG] [org.apache.http.impl.conn.PoolingHttpClientConnectionManager] Connection manager is shutting down
2023-11-16T19:33:31.087+0300 [DEBUG] [org.apache.http.impl.conn.DefaultManagedHttpClientConnection] http-outgoing-48: Close connection
2023-11-16T19:33:31.088+0300 [DEBUG] [org.apache.http.impl.conn.DefaultManagedHttpClientConnection] http-outgoing-51: Close connection
2023-11-16T19:33:31.089+0300 [DEBUG] [org.apache.http.impl.conn.DefaultManagedHttpClientConnection] http-outgoing-50: Close connection
2023-11-16T19:33:31.090+0300 [DEBUG] [org.apache.http.impl.conn.DefaultManagedHttpClientConnection] http-outgoing-45: Close connection
2023-11-16T19:33:31.090+0300 [DEBUG] [org.apache.http.impl.conn.DefaultManagedHttpClientConnection] http-outgoing-47: Close connection
2023-11-16T19:33:31.091+0300 [DEBUG] [org.apache.http.impl.conn.DefaultManagedHttpClientConnection] http-outgoing-49: Close connection
2023-11-16T19:33:31.091+0300 [DEBUG] [org.apache.http.impl.conn.PoolingHttpClientConnectionManager] Connection manager shut down
2023-11-16T19:33:31.092+0300 [DEBUG] [org.apache.http.impl.conn.PoolingHttpClientConnectionManager] Connection manager is shutting down
2023-11-16T19:33:31.093+0300 [DEBUG] [org.apache.http.impl.conn.DefaultManagedHttpClientConnection] http-outgoing-46: Close connection
2023-11-16T19:33:31.093+0300 [DEBUG] [org.apache.http.impl.conn.PoolingHttpClientConnectionManager] Connection manager shut down
2023-11-16T19:33:39.921+0300 [DEBUG] [org.gradle.cache.internal.DefaultFileLockManager] Waiting to acquire shared lock on daemon addresses registry.
2023-11-16T19:33:39.922+0300 [DEBUG] [org.gradle.cache.internal.DefaultFileLockManager] Lock acquired on daemon addresses registry.
2023-11-16T19:33:39.922+0300 [DEBUG] [org.gradle.cache.internal.DefaultFileLockManager] Releasing lock on daemon addresses registry.
2023-11-16T19:33:39.923+0300 [DEBUG] [org.gradle.cache.internal.DefaultFileLockManager] Waiting to acquire shared lock on daemon addresses registry.
2023-11-16T19:33:39.923+0300 [DEBUG] [org.gradle.cache.internal.DefaultFileLockManager] Lock acquired on daemon addresses registry.
2023-11-16T19:33:39.924+0300 [DEBUG] [org.gradle.cache.internal.DefaultFileLockManager] Releasing lock on daemon addresses registry.
2023-11-16T19:33:49.940+0300 [DEBUG] [org.gradle.cache.internal.DefaultFileLockManager] Waiting to acquire shared lock on daemon addresses registry.
2023-11-16T19:33:50.076+0300 [DEBUG] [org.gradle.cache.internal.DefaultFileLockManager] Lock acquired on daemon addresses registry.
2023-11-16T19:33:50.119+0300 [DEBUG] [org.gradle.cache.internal.DefaultFileLockManager] Releasing lock on daemon addresses registry.
2023-11-16T19:33:50.121+0300 [DEBUG] [org.gradle.cache.internal.DefaultFileLockManager] Waiting to acquire shared lock on daemon addresses registry.
2023-11-16T19:33:50.122+0300 [DEBUG] [org.gradle.cache.internal.DefaultFileLockManager] Lock acquired on daemon addresses registry.
2023-11-16T19:33:50.124+0300 [DEBUG] [org.gradle.cache.internal.DefaultFileLockManager] Releasing lock on daemon addresses registry.
2023-11-16T19:33:50.127+0300 [DEBUG] [org.gradle.cache.internal.DefaultFileLockManager] Waiting to acquire shared lock on daemon addresses registry.
2023-11-16T19:33:50.128+0300 [DEBUG] [org.gradle.cache.internal.DefaultFileLockManager] Lock acquired on daemon addresses registry.
2023-11-16T19:33:50.129+0300 [DEBUG] [org.gradle.cache.internal.DefaultFileLockManager] Releasing lock on daemon addresses registry.
2023-11-16T19:34:00.006+0300 [DEBUG] [org.gradle.cache.internal.DefaultFileLockManager] Waiting to acquire shared lock on daemon addresses registry.
2023-11-16T19:34:00.011+0300 [DEBUG] [org.gradle.cache.internal.DefaultFileLockManager] Lock acquired on daemon addresses registry.
2023-11-16T19:34:00.067+0300 [DEBUG] [org.gradle.cache.internal.DefaultFileLockManager] Releasing lock on daemon addresses registry.
2023-11-16T19:34:00.154+0300 [DEBUG] [org.gradle.cache.internal.DefaultFileLockManager] Waiting to acquire shared lock on daemon addresses registry.
2023-11-16T19:34:00.156+0300 [DEBUG] [org.gradle.cache.internal.DefaultFileLockManager] Lock acquired on daemon addresses registry.
2023-11-16T19:34:00.218+0300 [DEBUG] [org.gradle.cache.internal.DefaultFileLockManager] Releasing lock on daemon addresses registry.
2023-11-16T19:34:00.252+0300 [DEBUG] [org.gradle.cache.internal.DefaultFileLockManager] Waiting to acquire shared lock on daemon addresses registry.
2023-11-16T19:34:00.259+0300 [DEBUG] [org.gradle.cache.internal.DefaultFileLockManager] Lock acquired on daemon addresses registry.
2023-11-16T19:34:00.267+0300 [DEBUG] [org.gradle.cache.internal.DefaultFileLockManager] Releasing lock on daemon addresses registry.
2023-11-16T19:34:09.932+0300 [DEBUG] [org.gradle.cache.internal.DefaultFileLockManager] Waiting to acquire shared lock on daemon addresses registry.
2023-11-16T19:34:09.933+0300 [DEBUG] [org.gradle.cache.internal.DefaultFileLockManager] Lock acquired on daemon addresses registry.
2023-11-16T19:34:09.935+0300 [DEBUG] [org.gradle.cache.internal.DefaultFileLockManager] Releasing lock on daemon addresses registry.
2023-11-16T19:34:09.936+0300 [DEBUG] [org.gradle.cache.internal.DefaultFileLockManager] Waiting to acquire shared lock on daemon addresses registry.
2023-11-16T19:34:09.937+0300 [DEBUG] [org.gradle.cache.internal.DefaultFileLockManager] Lock acquired on daemon addresses registry.
2023-11-16T19:34:09.957+0300 [DEBUG] [org.gradle.cache.internal.DefaultFileLockManager] Releasing lock on daemon addresses registry.
2023-11-16T19:34:09.959+0300 [DEBUG] [org.gradle.cache.internal.DefaultFileLockManager] Waiting to acquire shared lock on daemon addresses registry.
2023-11-16T19:34:09.961+0300 [DEBUG] [org.gradle.cache.internal.DefaultFileLockManager] Lock acquired on daemon addresses registry.
2023-11-16T19:34:09.962+0300 [DEBUG] [org.gradle.cache.internal.DefaultFileLockManager] Releasing lock on daemon addresses registry.
2023-11-16T19:34:19.919+0300 [DEBUG] [org.gradle.cache.internal.DefaultFileLockManager] Waiting to acquire shared lock on daemon addresses registry.
2023-11-16T19:34:19.922+0300 [DEBUG] [org.gradle.cache.internal.DefaultFileLockManager] Lock acquired on daemon addresses registry.
2023-11-16T19:34:19.928+0300 [DEBUG] [org.gradle.cache.internal.DefaultFileLockManager] Releasing lock on daemon addresses registry.
2023-11-16T19:34:19.933+0300 [DEBUG] [org.gradle.cache.internal.DefaultFileLockManager] Waiting to acquire shared lock on daemon addresses registry.
2023-11-16T19:34:19.935+0300 [DEBUG] [org.gradle.cache.internal.DefaultFileLockManager] Lock acquired on daemon addresses registry.
2023-11-16T19:34:19.938+0300 [DEBUG] [org.gradle.cache.internal.DefaultFileLockManager] Releasing lock on daemon addresses registry.
2023-11-16T19:34:19.946+0300 [DEBUG] [org.gradle.cache.internal.DefaultFileLockManager] Waiting to acquire shared lock on daemon addresses registry.
2023-11-16T19:34:19.953+0300 [DEBUG] [org.gradle.cache.internal.DefaultFileLockManager] Lock acquired on daemon addresses registry.
2023-11-16T19:34:19.956+0300 [DEBUG] [org.gradle.cache.internal.DefaultFileLockManager] Releasing lock on daemon addresses registry.
2023-11-16T19:34:29.920+0300 [DEBUG] [org.gradle.cache.internal.DefaultFileLockManager] Waiting to acquire shared lock on daemon addresses registry.
2023-11-16T19:34:29.952+0300 [DEBUG] [org.gradle.cache.internal.DefaultFileLockManager] Lock acquired on daemon addresses registry.
2023-11-16T19:34:29.956+0300 [DEBUG] [org.gradle.cache.internal.DefaultFileLockManager] Releasing lock on daemon addresses registry.
2023-11-16T19:34:29.962+0300 [DEBUG] [org.gradle.cache.internal.DefaultFileLockManager] Waiting to acquire shared lock on daemon addresses registry.
2023-11-16T19:34:29.965+0300 [DEBUG] [org.gradle.cache.internal.DefaultFileLockManager] Lock acquired on daemon addresses registry.
2023-11-16T19:34:29.969+0300 [DEBUG] [org.gradle.cache.internal.DefaultFileLockManager] Releasing lock on daemon addresses registry.
2023-11-16T19:34:29.976+0300 [DEBUG] [org.gradle.cache.internal.DefaultFileLockManager] Waiting to acquire shared lock on daemon addresses registry.
2023-11-16T19:34:29.990+0300 [DEBUG] [org.gradle.cache.internal.DefaultFileLockManager] Lock acquired on daemon addresses registry.
2023-11-16T19:34:30.057+0300 [DEBUG] [org.gradle.cache.internal.DefaultFileLockManager] Releasing lock on daemon addresses registry.
2023-11-16T19:34:39.952+0300 [DEBUG] [org.gradle.cache.internal.DefaultFileLockManager] Waiting to acquire shared lock on daemon addresses registry.
2023-11-16T19:34:39.956+0300 [DEBUG] [org.gradle.cache.internal.DefaultFileLockManager] Lock acquired on daemon addresses registry.
2023-11-16T19:34:39.959+0300 [DEBUG] [org.gradle.cache.internal.DefaultFileLockManager] Releasing lock on daemon addresses registry.
2023-11-16T19:34:39.966+0300 [DEBUG] [org.gradle.cache.internal.DefaultFileLockManager] Waiting to acquire shared lock on daemon addresses registry.
2023-11-16T19:34:39.969+0300 [DEBUG] [org.gradle.cache.internal.DefaultFileLockManager] Lock acquired on daemon addresses registry.
2023-11-16T19:34:39.974+0300 [DEBUG] [org.gradle.cache.internal.DefaultFileLockManager] Releasing lock on daemon addresses registry.
2023-11-16T19:34:39.979+0300 [DEBUG] [org.gradle.cache.internal.DefaultFileLockManager] Waiting to acquire shared lock on daemon addresses registry.
2023-11-16T19:34:39.981+0300 [DEBUG] [org.gradle.cache.internal.DefaultFileLockManager] Lock acquired on daemon addresses registry.
2023-11-16T19:34:39.983+0300 [DEBUG] [org.gradle.cache.internal.DefaultFileLockManager] Releasing lock on daemon addresses registry.
2023-11-16T19:34:49.934+0300 [DEBUG] [org.gradle.cache.internal.DefaultFileLockManager] Waiting to acquire shared lock on daemon addresses registry.
2023-11-16T19:34:49.941+0300 [DEBUG] [org.gradle.cache.internal.DefaultFileLockManager] Lock acquired on daemon addresses registry.
2023-11-16T19:34:49.962+0300 [DEBUG] [org.gradle.cache.internal.DefaultFileLockManager] Releasing lock on daemon addresses registry.
2023-11-16T19:34:49.965+0300 [DEBUG] [org.gradle.cache.internal.DefaultFileLockManager] Waiting to acquire shared lock on daemon addresses registry.
2023-11-16T19:34:49.968+0300 [DEBUG] [org.gradle.cache.internal.DefaultFileLockManager] Lock acquired on daemon addresses registry.
2023-11-16T19:34:49.972+0300 [DEBUG] [org.gradle.cache.internal.DefaultFileLockManager] Releasing lock on daemon addresses registry.
2023-11-16T19:34:49.974+0300 [DEBUG] [org.gradle.cache.internal.DefaultFileLockManager] Waiting to acquire shared lock on daemon addresses registry.
2023-11-16T19:34:49.976+0300 [DEBUG] [org.gradle.cache.internal.DefaultFileLockManager] Lock acquired on daemon addresses registry.
2023-11-16T19:34:49.985+0300 [DEBUG] [org.gradle.cache.internal.DefaultFileLockManager] Releasing lock on daemon addresses registry.
2023-11-16T19:34:59.926+0300 [DEBUG] [org.gradle.cache.internal.DefaultFileLockManager] Waiting to acquire shared lock on daemon addresses registry.
2023-11-16T19:34:59.928+0300 [DEBUG] [org.gradle.cache.internal.DefaultFileLockManager] Lock acquired on daemon addresses registry.
2023-11-16T19:34:59.928+0300 [DEBUG] [org.gradle.cache.internal.DefaultFileLockManager] Releasing lock on daemon addresses registry.
2023-11-16T19:34:59.930+0300 [DEBUG] [org.gradle.cache.internal.DefaultFileLockManager] Waiting to acquire shared lock on daemon addresses registry.
2023-11-16T19:34:59.931+0300 [DEBUG] [org.gradle.cache.internal.DefaultFileLockManager] Lock acquired on daemon addresses registry.
2023-11-16T19:34:59.947+0300 [DEBUG] [org.gradle.cache.internal.DefaultFileLockManager] Releasing lock on daemon addresses registry.
2023-11-16T19:34:59.970+0300 [DEBUG] [org.gradle.cache.internal.DefaultFileLockManager] Waiting to acquire shared lock on daemon addresses registry.
2023-11-16T19:34:59.971+0300 [DEBUG] [org.gradle.cache.internal.DefaultFileLockManager] Lock acquired on daemon addresses registry.
2023-11-16T19:34:59.972+0300 [DEBUG] [org.gradle.cache.internal.DefaultFileLockManager] Releasing lock on daemon addresses registry.
2023-11-16T19:35:09.930+0300 [DEBUG] [org.gradle.cache.internal.DefaultFileLockManager] Waiting to acquire shared lock on daemon addresses registry.
2023-11-16T19:35:09.960+0300 [DEBUG] [org.gradle.cache.internal.DefaultFileLockManager] Lock acquired on daemon addresses registry.
2023-11-16T19:35:09.980+0300 [DEBUG] [org.gradle.cache.internal.DefaultFileLockManager] Releasing lock on daemon addresses registry.
2023-11-16T19:35:09.985+0300 [DEBUG] [org.gradle.cache.internal.DefaultFileLockManager] Waiting to acquire shared lock on daemon addresses registry.
2023-11-16T19:35:10.012+0300 [DEBUG] [org.gradle.cache.internal.DefaultFileLockManager] Lock acquired on daemon addresses registry.
2023-11-16T19:35:10.024+0300 [DEBUG] [org.gradle.cache.internal.DefaultFileLockManager] Releasing lock on daemon addresses registry.
2023-11-16T19:35:10.034+0300 [DEBUG] [org.gradle.cache.internal.DefaultFileLockManager] Waiting to acquire shared lock on daemon addresses registry.
2023-11-16T19:35:10.118+0300 [DEBUG] [org.gradle.cache.internal.DefaultFileLockManager] Lock acquired on daemon addresses registry.
2023-11-16T19:35:10.147+0300 [DEBUG] [org.gradle.cache.internal.DefaultFileLockManager] Releasing lock on daemon addresses registry.
2023-11-16T19:35:19.919+0300 [DEBUG] [org.gradle.cache.internal.DefaultFileLockManager] Waiting to acquire shared lock on daemon addresses registry.
2023-11-16T19:35:19.921+0300 [DEBUG] [org.gradle.cache.internal.DefaultFileLockManager] Lock acquired on daemon addresses registry.
2023-11-16T19:35:19.938+0300 [DEBUG] [org.gradle.cache.internal.DefaultFileLockManager] Releasing lock on daemon addresses registry.
2023-11-16T19:35:19.944+0300 [DEBUG] [org.gradle.cache.internal.DefaultFileLockManager] Waiting to acquire shared lock on daemon addresses registry.
2023-11-16T19:35:19.948+0300 [DEBUG] [org.gradle.cache.internal.DefaultFileLockManager] Lock acquired on daemon addresses registry.
2023-11-16T19:35:19.953+0300 [DEBUG] [org.gradle.cache.internal.DefaultFileLockManager] Releasing lock on daemon addresses registry.
2023-11-16T19:35:19.961+0300 [DEBUG] [org.gradle.cache.internal.DefaultFileLockManager] Waiting to acquire shared lock on daemon addresses registry.
2023-11-16T19:35:19.965+0300 [DEBUG] [org.gradle.cache.internal.DefaultFileLockManager] Lock acquired on daemon addresses registry.
2023-11-16T19:35:19.968+0300 [DEBUG] [org.gradle.cache.internal.DefaultFileLockManager] Releasing lock on daemon addresses registry.
2023-11-16T19:35:29.920+0300 [DEBUG] [org.gradle.cache.internal.DefaultFileLockManager] Waiting to acquire shared lock on daemon addresses registry.
2023-11-16T19:35:29.930+0300 [DEBUG] [org.gradle.cache.internal.DefaultFileLockManager] Lock acquired on daemon addresses registry.
2023-11-16T19:35:29.936+0300 [DEBUG] [org.gradle.cache.internal.DefaultFileLockManager] Releasing lock on daemon addresses registry.
2023-11-16T19:35:29.938+0300 [DEBUG] [org.gradle.cache.internal.DefaultFileLockManager] Waiting to acquire shared lock on daemon addresses registry.
2023-11-16T19:35:29.940+0300 [DEBUG] [org.gradle.cache.internal.DefaultFileLockManager] Lock acquired on daemon addresses registry.
2023-11-16T19:35:29.944+0300 [DEBUG] [org.gradle.cache.internal.DefaultFileLockManager] Releasing lock on daemon addresses registry.
2023-11-16T19:35:29.947+0300 [DEBUG] [org.gradle.cache.internal.DefaultFileLockManager] Waiting to acquire shared lock on daemon addresses registry.
2023-11-16T19:35:29.953+0300 [DEBUG] [org.gradle.cache.internal.DefaultFileLockManager] Lock acquired on daemon addresses registry.
2023-11-16T19:35:29.954+0300 [DEBUG] [org.gradle.cache.internal.DefaultFileLockManager] Releasing lock on daemon addresses registry.
2023-11-16T19:35:39.919+0300 [DEBUG] [org.gradle.cache.internal.DefaultFileLockManager] Waiting to acquire shared lock on daemon addresses registry.
2023-11-16T19:35:39.919+0300 [DEBUG] [org.gradle.cache.internal.DefaultFileLockManager] Lock acquired on daemon addresses registry.
2023-11-16T19:35:39.930+0300 [DEBUG] [org.gradle.cache.internal.DefaultFileLockManager] Releasing lock on daemon addresses registry.
2023-11-16T19:35:39.930+0300 [DEBUG] [org.gradle.cache.internal.DefaultFileLockManager] Waiting to acquire shared lock on daemon addresses registry.
2023-11-16T19:35:39.931+0300 [DEBUG] [org.gradle.cache.internal.DefaultFileLockManager] Lock acquired on daemon addresses registry.
2023-11-16T19:35:39.931+0300 [DEBUG] [org.gradle.cache.internal.DefaultFileLockManager] Releasing lock on daemon addresses registry.
2023-11-16T19:35:39.931+0300 [DEBUG] [org.gradle.cache.internal.DefaultFileLockManager] Waiting to acquire shared lock on daemon addresses registry.
2023-11-16T19:35:39.932+0300 [DEBUG] [org.gradle.cache.internal.DefaultFileLockManager] Lock acquired on daemon addresses registry.
2023-11-16T19:35:39.932+0300 [DEBUG] [org.gradle.cache.internal.DefaultFileLockManager] Releasing lock on daemon addresses registry.
2023-11-16T19:35:49.919+0300 [DEBUG] [org.gradle.cache.internal.DefaultFileLockManager] Waiting to acquire shared lock on daemon addresses registry.
2023-11-16T19:35:49.921+0300 [DEBUG] [org.gradle.cache.internal.DefaultFileLockManager] Lock acquired on daemon addresses registry.
2023-11-16T19:35:49.922+0300 [DEBUG] [org.gradle.cache.internal.DefaultFileLockManager] Releasing lock on daemon addresses registry.
2023-11-16T19:35:49.925+0300 [DEBUG] [org.gradle.cache.internal.DefaultFileLockManager] Waiting to acquire shared lock on daemon addresses registry.
2023-11-16T19:35:49.928+0300 [DEBUG] [org.gradle.cache.internal.DefaultFileLockManager] Lock acquired on daemon addresses registry.
2023-11-16T19:35:49.929+0300 [DEBUG] [org.gradle.cache.internal.DefaultFileLockManager] Releasing lock on daemon addresses registry.
2023-11-16T19:35:49.931+0300 [DEBUG] [org.gradle.cache.internal.DefaultFileLockManager] Waiting to acquire shared lock on daemon addresses registry.
2023-11-16T19:35:49.932+0300 [DEBUG] [org.gradle.cache.internal.DefaultFileLockManager] Lock acquired on daemon addresses registry.
2023-11-16T19:35:49.934+0300 [DEBUG] [org.gradle.cache.internal.DefaultFileLockManager] Releasing lock on daemon addresses registry.
2023-11-16T19:35:59.919+0300 [DEBUG] [org.gradle.cache.internal.DefaultFileLockManager] Waiting to acquire shared lock on daemon addresses registry.
2023-11-16T19:35:59.921+0300 [DEBUG] [org.gradle.cache.internal.DefaultFileLockManager] Lock acquired on daemon addresses registry.
2023-11-16T19:35:59.923+0300 [DEBUG] [org.gradle.cache.internal.DefaultFileLockManager] Releasing lock on daemon addresses registry.
2023-11-16T19:35:59.925+0300 [DEBUG] [org.gradle.cache.internal.DefaultFileLockManager] Waiting to acquire shared lock on daemon addresses registry.
2023-11-16T19:35:59.927+0300 [DEBUG] [org.gradle.cache.internal.DefaultFileLockManager] Lock acquired on daemon addresses registry.
2023-11-16T19:35:59.929+0300 [DEBUG] [org.gradle.cache.internal.DefaultFileLockManager] Releasing lock on daemon addresses registry.
2023-11-16T19:35:59.933+0300 [DEBUG] [org.gradle.cache.internal.DefaultFileLockManager] Waiting to acquire shared lock on daemon addresses registry.
2023-11-16T19:35:59.935+0300 [DEBUG] [org.gradle.cache.internal.DefaultFileLockManager] Lock acquired on daemon addresses registry.
2023-11-16T19:35:59.937+0300 [DEBUG] [org.gradle.cache.internal.DefaultFileLockManager] Releasing lock on daemon addresses registry.
2023-11-16T19:36:09.920+0300 [DEBUG] [org.gradle.cache.internal.DefaultFileLockManager] Waiting to acquire shared lock on daemon addresses registry.
2023-11-16T19:36:09.921+0300 [DEBUG] [org.gradle.cache.internal.DefaultFileLockManager] Lock acquired on daemon addresses registry.
2023-11-16T19:36:09.925+0300 [DEBUG] [org.gradle.cache.internal.DefaultFileLockManager] Releasing lock on daemon addresses registry.
2023-11-16T19:36:09.929+0300 [DEBUG] [org.gradle.cache.internal.DefaultFileLockManager] Waiting to acquire shared lock on daemon addresses registry.
2023-11-16T19:36:09.930+0300 [DEBUG] [org.gradle.cache.internal.DefaultFileLockManager] Lock acquired on daemon addresses registry.
2023-11-16T19:36:09.932+0300 [DEBUG] [org.gradle.cache.internal.DefaultFileLockManager] Releasing lock on daemon addresses registry.
2023-11-16T19:36:09.934+0300 [DEBUG] [org.gradle.cache.internal.DefaultFileLockManager] Waiting to acquire shared lock on daemon addresses registry.
2023-11-16T19:36:09.936+0300 [DEBUG] [org.gradle.cache.internal.DefaultFileLockManager] Lock acquired on daemon addresses registry.
2023-11-16T19:36:09.937+0300 [DEBUG] [org.gradle.cache.internal.DefaultFileLockManager] Releasing lock on daemon addresses registry.
2023-11-16T19:36:19.918+0300 [DEBUG] [org.gradle.cache.internal.DefaultFileLockManager] Waiting to acquire shared lock on daemon addresses registry.
2023-11-16T19:36:19.919+0300 [DEBUG] [org.gradle.cache.internal.DefaultFileLockManager] Lock acquired on daemon addresses registry.
2023-11-16T19:36:19.919+0300 [DEBUG] [org.gradle.cache.internal.DefaultFileLockManager] Releasing lock on daemon addresses registry.
2023-11-16T19:36:19.920+0300 [DEBUG] [org.gradle.cache.internal.DefaultFileLockManager] Waiting to acquire shared lock on daemon addresses registry.
2023-11-16T19:36:19.920+0300 [DEBUG] [org.gradle.cache.internal.DefaultFileLockManager] Lock acquired on daemon addresses registry.
2023-11-16T19:36:19.920+0300 [DEBUG] [org.gradle.cache.internal.DefaultFileLockManager] Releasing lock on daemon addresses registry.
2023-11-16T19:36:19.921+0300 [DEBUG] [org.gradle.cache.internal.DefaultFileLockManager] Waiting to acquire shared lock on daemon addresses registry.
2023-11-16T19:36:19.921+0300 [DEBUG] [org.gradle.cache.internal.DefaultFileLockManager] Lock acquired on daemon addresses registry.
2023-11-16T19:36:19.921+0300 [DEBUG] [org.gradle.cache.internal.DefaultFileLockManager] Releasing lock on daemon addresses registry.
2023-11-16T19:36:29.919+0300 [DEBUG] [org.gradle.cache.internal.DefaultFileLockManager] Waiting to acquire shared lock on daemon addresses registry.
2023-11-16T19:36:29.920+0300 [DEBUG] [org.gradle.cache.internal.DefaultFileLockManager] Lock acquired on daemon addresses registry.
2023-11-16T19:36:29.921+0300 [DEBUG] [org.gradle.cache.internal.DefaultFileLockManager] Releasing lock on daemon addresses registry.
2023-11-16T19:36:29.922+0300 [DEBUG] [org.gradle.cache.internal.DefaultFileLockManager] Waiting to acquire shared lock on daemon addresses registry.
2023-11-16T19:36:29.922+0300 [DEBUG] [org.gradle.cache.internal.DefaultFileLockManager] Lock acquired on daemon addresses registry.
2023-11-16T19:36:29.923+0300 [DEBUG] [org.gradle.cache.internal.DefaultFileLockManager] Releasing lock on daemon addresses registry.
2023-11-16T19:36:29.924+0300 [DEBUG] [org.gradle.cache.internal.DefaultFileLockManager] Waiting to acquire shared lock on daemon addresses registry.
2023-11-16T19:36:29.925+0300 [DEBUG] [org.gradle.cache.internal.DefaultFileLockManager] Lock acquired on daemon addresses registry.
2023-11-16T19:36:29.925+0300 [DEBUG] [org.gradle.cache.internal.DefaultFileLockManager] Releasing lock on daemon addresses registry.
2023-11-16T19:36:40.371+0300 [DEBUG] [org.gradle.cache.internal.DefaultFileLockManager] Waiting to acquire shared lock on daemon addresses registry.
2023-11-16T19:36:40.372+0300 [DEBUG] [org.gradle.cache.internal.DefaultFileLockManager] Lock acquired on daemon addresses registry.
2023-11-16T19:36:40.458+0300 [DEBUG] [org.gradle.cache.internal.DefaultFileLockManager] Releasing lock on daemon addresses registry.
2023-11-16T19:36:40.460+0300 [DEBUG] [org.gradle.cache.internal.DefaultFileLockManager] Waiting to acquire shared lock on daemon addresses registry.
2023-11-16T19:36:40.462+0300 [DEBUG] [org.gradle.cache.internal.DefaultFileLockManager] Lock acquired on daemon addresses registry.
2023-11-16T19:36:40.463+0300 [DEBUG] [org.gradle.cache.internal.DefaultFileLockManager] Releasing lock on daemon addresses registry.
2023-11-16T19:36:40.466+0300 [DEBUG] [org.gradle.cache.internal.DefaultFileLockManager] Waiting to acquire shared lock on daemon addresses registry.
2023-11-16T19:36:40.468+0300 [DEBUG] [org.gradle.cache.internal.DefaultFileLockManager] Lock acquired on daemon addresses registry.
2023-11-16T19:36:40.469+0300 [DEBUG] [org.gradle.cache.internal.DefaultFileLockManager] Releasing lock on daemon addresses registry.
2023-11-16T19:36:49.919+0300 [DEBUG] [org.gradle.cache.internal.DefaultFileLockManager] Waiting to acquire shared lock on daemon addresses registry.
2023-11-16T19:36:49.933+0300 [DEBUG] [org.gradle.cache.internal.DefaultFileLockManager] Lock acquired on daemon addresses registry.
2023-11-16T19:36:49.937+0300 [DEBUG] [org.gradle.cache.internal.DefaultFileLockManager] Releasing lock on daemon addresses registry.
2023-11-16T19:36:49.939+0300 [DEBUG] [org.gradle.cache.internal.DefaultFileLockManager] Waiting to acquire shared lock on daemon addresses registry.
2023-11-16T19:36:49.940+0300 [DEBUG] [org.gradle.cache.internal.DefaultFileLockManager] Lock acquired on daemon addresses registry.
2023-11-16T19:36:49.941+0300 [DEBUG] [org.gradle.cache.internal.DefaultFileLockManager] Releasing lock on daemon addresses registry.
2023-11-16T19:36:49.958+0300 [DEBUG] [org.gradle.cache.internal.DefaultFileLockManager] Waiting to acquire shared lock on daemon addresses registry.
2023-11-16T19:36:49.960+0300 [DEBUG] [org.gradle.cache.internal.DefaultFileLockManager] Lock acquired on daemon addresses registry.
2023-11-16T19:36:49.961+0300 [DEBUG] [org.gradle.cache.internal.DefaultFileLockManager] Releasing lock on daemon addresses registry.
2023-11-16T19:36:59.920+0300 [DEBUG] [org.gradle.cache.internal.DefaultFileLockManager] Waiting to acquire shared lock on daemon addresses registry.
2023-11-16T19:36:59.922+0300 [DEBUG] [org.gradle.cache.internal.DefaultFileLockManager] Lock acquired on daemon addresses registry.
2023-11-16T19:36:59.923+0300 [DEBUG] [org.gradle.cache.internal.DefaultFileLockManager] Releasing lock on daemon addresses registry.
2023-11-16T19:36:59.925+0300 [DEBUG] [org.gradle.cache.internal.DefaultFileLockManager] Waiting to acquire shared lock on daemon addresses registry.
2023-11-16T19:36:59.926+0300 [DEBUG] [org.gradle.cache.internal.DefaultFileLockManager] Lock acquired on daemon addresses registry.
2023-11-16T19:36:59.929+0300 [DEBUG] [org.gradle.cache.internal.DefaultFileLockManager] Releasing lock on daemon addresses registry.
2023-11-16T19:36:59.932+0300 [DEBUG] [org.gradle.cache.internal.DefaultFileLockManager] Waiting to acquire shared lock on daemon addresses registry.
2023-11-16T19:36:59.934+0300 [DEBUG] [org.gradle.cache.internal.DefaultFileLockManager] Lock acquired on daemon addresses registry.
2023-11-16T19:36:59.935+0300 [DEBUG] [org.gradle.cache.internal.DefaultFileLockManager] Releasing lock on daemon addresses registry.
2023-11-16T19:37:10.484+0300 [DEBUG] [org.gradle.cache.internal.DefaultFileLockManager] Waiting to acquire shared lock on daemon addresses registry.
2023-11-16T19:37:10.487+0300 [DEBUG] [org.gradle.cache.internal.DefaultFileLockManager] Lock acquired on daemon addresses registry.
2023-11-16T19:37:10.489+0300 [DEBUG] [org.gradle.cache.internal.DefaultFileLockManager] Releasing lock on daemon addresses registry.
2023-11-16T19:37:10.573+0300 [DEBUG] [org.gradle.cache.internal.DefaultFileLockManager] Waiting to acquire shared lock on daemon addresses registry.
2023-11-16T19:37:10.575+0300 [DEBUG] [org.gradle.cache.internal.DefaultFileLockManager] Lock acquired on daemon addresses registry.
2023-11-16T19:37:10.577+0300 [DEBUG] [org.gradle.cache.internal.DefaultFileLockManager] Releasing lock on daemon addresses registry.
2023-11-16T19:37:10.579+0300 [DEBUG] [org.gradle.cache.internal.DefaultFileLockManager] Waiting to acquire shared lock on daemon addresses registry.
2023-11-16T19:37:10.580+0300 [DEBUG] [org.gradle.cache.internal.DefaultFileLockManager] Lock acquired on daemon addresses registry.
2023-11-16T19:37:10.582+0300 [DEBUG] [org.gradle.cache.internal.DefaultFileLockManager] Releasing lock on daemon addresses registry.
2023-11-16T19:37:19.934+0300 [DEBUG] [org.gradle.cache.internal.DefaultFileLockManager] Waiting to acquire shared lock on daemon addresses registry.
2023-11-16T19:37:19.935+0300 [DEBUG] [org.gradle.cache.internal.DefaultFileLockManager] Lock acquired on daemon addresses registry.
2023-11-16T19:37:19.937+0300 [DEBUG] [org.gradle.cache.internal.DefaultFileLockManager] Releasing lock on daemon addresses registry.
2023-11-16T19:37:19.940+0300 [DEBUG] [org.gradle.cache.internal.DefaultFileLockManager] Waiting to acquire shared lock on daemon addresses registry.
2023-11-16T19:37:19.942+0300 [DEBUG] [org.gradle.cache.internal.DefaultFileLockManager] Lock acquired on daemon addresses registry.
2023-11-16T19:37:19.944+0300 [DEBUG] [org.gradle.cache.internal.DefaultFileLockManager] Releasing lock on daemon addresses registry.
2023-11-16T19:37:19.946+0300 [DEBUG] [org.gradle.cache.internal.DefaultFileLockManager] Waiting to acquire shared lock on daemon addresses registry.
2023-11-16T19:37:19.948+0300 [DEBUG] [org.gradle.cache.internal.DefaultFileLockManager] Lock acquired on daemon addresses registry.
2023-11-16T19:37:19.949+0300 [DEBUG] [org.gradle.cache.internal.DefaultFileLockManager] Releasing lock on daemon addresses registry.
2023-11-16T19:37:29.920+0300 [DEBUG] [org.gradle.cache.internal.DefaultFileLockManager] Waiting to acquire shared lock on daemon addresses registry.
2023-11-16T19:37:29.943+0300 [DEBUG] [org.gradle.cache.internal.DefaultFileLockManager] Lock acquired on daemon addresses registry.
2023-11-16T19:37:29.945+0300 [DEBUG] [org.gradle.cache.internal.DefaultFileLockManager] Releasing lock on daemon addresses registry.
2023-11-16T19:37:29.948+0300 [DEBUG] [org.gradle.cache.internal.DefaultFileLockManager] Waiting to acquire shared lock on daemon addresses registry.
2023-11-16T19:37:29.982+0300 [DEBUG] [org.gradle.cache.internal.DefaultFileLockManager] Lock acquired on daemon addresses registry.
2023-11-16T19:37:29.984+0300 [DEBUG] [org.gradle.cache.internal.DefaultFileLockManager] Releasing lock on daemon addresses registry.
2023-11-16T19:37:29.987+0300 [DEBUG] [org.gradle.cache.internal.DefaultFileLockManager] Waiting to acquire shared lock on daemon addresses registry.
2023-11-16T19:37:29.989+0300 [DEBUG] [org.gradle.cache.internal.DefaultFileLockManager] Lock acquired on daemon addresses registry.
2023-11-16T19:37:29.991+0300 [DEBUG] [org.gradle.cache.internal.DefaultFileLockManager] Releasing lock on daemon addresses registry.
2023-11-16T19:37:39.919+0300 [DEBUG] [org.gradle.cache.internal.DefaultFileLockManager] Waiting to acquire shared lock on daemon addresses registry.
2023-11-16T19:37:39.919+0300 [DEBUG] [org.gradle.cache.internal.DefaultFileLockManager] Lock acquired on daemon addresses registry.
2023-11-16T19:37:39.920+0300 [DEBUG] [org.gradle.cache.internal.DefaultFileLockManager] Releasing lock on daemon addresses registry.
2023-11-16T19:37:39.920+0300 [DEBUG] [org.gradle.cache.internal.DefaultFileLockManager] Waiting to acquire shared lock on daemon addresses registry.
2023-11-16T19:37:39.920+0300 [DEBUG] [org.gradle.cache.internal.DefaultFileLockManager] Lock acquired on daemon addresses registry.
2023-11-16T19:37:39.921+0300 [DEBUG] [org.gradle.cache.internal.DefaultFileLockManager] Releasing lock on daemon addresses registry.
2023-11-16T19:37:39.921+0300 [DEBUG] [org.gradle.cache.internal.DefaultFileLockManager] Waiting to acquire shared lock on daemon addresses registry.
2023-11-16T19:37:39.921+0300 [DEBUG] [org.gradle.cache.internal.DefaultFileLockManager] Lock acquired on daemon addresses registry.
2023-11-16T19:37:39.922+0300 [DEBUG] [org.gradle.cache.internal.DefaultFileLockManager] Releasing lock on daemon addresses registry.
2023-11-16T19:37:49.921+0300 [DEBUG] [org.gradle.cache.internal.DefaultFileLockManager] Waiting to acquire shared lock on daemon addresses registry.
2023-11-16T19:37:49.921+0300 [DEBUG] [org.gradle.cache.internal.DefaultFileLockManager] Lock acquired on daemon addresses registry.
2023-11-16T19:37:49.922+0300 [DEBUG] [org.gradle.cache.internal.DefaultFileLockManager] Releasing lock on daemon addresses registry.
2023-11-16T19:37:49.923+0300 [DEBUG] [org.gradle.cache.internal.DefaultFileLockManager] Waiting to acquire shared lock on daemon addresses registry.
2023-11-16T19:37:49.923+0300 [DEBUG] [org.gradle.cache.internal.DefaultFileLockManager] Lock acquired on daemon addresses registry.
2023-11-16T19:37:49.924+0300 [DEBUG] [org.gradle.cache.internal.DefaultFileLockManager] Releasing lock on daemon addresses registry.
2023-11-16T19:37:49.925+0300 [DEBUG] [org.gradle.cache.internal.DefaultFileLockManager] Waiting to acquire shared lock on daemon addresses registry.
2023-11-16T19:37:49.925+0300 [DEBUG] [org.gradle.cache.internal.DefaultFileLockManager] Lock acquired on daemon addresses registry.
2023-11-16T19:37:49.926+0300 [DEBUG] [org.gradle.cache.internal.DefaultFileLockManager] Releasing lock on daemon addresses registry.
2023-11-16T19:38:00.022+0300 [DEBUG] [org.gradle.cache.internal.DefaultFileLockManager] Waiting to acquire shared lock on daemon addresses registry.
2023-11-16T19:38:00.024+0300 [DEBUG] [org.gradle.cache.internal.DefaultFileLockManager] Lock acquired on daemon addresses registry.
2023-11-16T19:38:00.027+0300 [DEBUG] [org.gradle.cache.internal.DefaultFileLockManager] Releasing lock on daemon addresses registry.
2023-11-16T19:38:00.029+0300 [DEBUG] [org.gradle.cache.internal.DefaultFileLockManager] Waiting to acquire shared lock on daemon addresses registry.
2023-11-16T19:38:00.030+0300 [DEBUG] [org.gradle.cache.internal.DefaultFileLockManager] Lock acquired on daemon addresses registry.
2023-11-16T19:38:00.031+0300 [DEBUG] [org.gradle.cache.internal.DefaultFileLockManager] Releasing lock on daemon addresses registry.
2023-11-16T19:38:00.034+0300 [DEBUG] [org.gradle.cache.internal.DefaultFileLockManager] Waiting to acquire shared lock on daemon addresses registry.
2023-11-16T19:38:00.035+0300 [DEBUG] [org.gradle.cache.internal.DefaultFileLockManager] Lock acquired on daemon addresses registry.
2023-11-16T19:38:00.038+0300 [DEBUG] [org.gradle.cache.internal.DefaultFileLockManager] Releasing lock on daemon addresses registry.
2023-11-16T19:38:09.924+0300 [DEBUG] [org.gradle.cache.internal.DefaultFileLockManager] Waiting to acquire shared lock on daemon addresses registry.
2023-11-16T19:38:09.932+0300 [DEBUG] [org.gradle.cache.internal.DefaultFileLockManager] Lock acquired on daemon addresses registry.
2023-11-16T19:38:09.934+0300 [DEBUG] [org.gradle.cache.internal.DefaultFileLockManager] Releasing lock on daemon addresses registry.
2023-11-16T19:38:09.937+0300 [DEBUG] [org.gradle.cache.internal.DefaultFileLockManager] Waiting to acquire shared lock on daemon addresses registry.
2023-11-16T19:38:09.938+0300 [DEBUG] [org.gradle.cache.internal.DefaultFileLockManager] Lock acquired on daemon addresses registry.
2023-11-16T19:38:09.940+0300 [DEBUG] [org.gradle.cache.internal.DefaultFileLockManager] Releasing lock on daemon addresses registry.
2023-11-16T19:38:09.942+0300 [DEBUG] [org.gradle.cache.internal.DefaultFileLockManager] Waiting to acquire shared lock on daemon addresses registry.
2023-11-16T19:38:09.945+0300 [DEBUG] [org.gradle.cache.internal.DefaultFileLockManager] Lock acquired on daemon addresses registry.
2023-11-16T19:38:09.958+0300 [DEBUG] [org.gradle.cache.internal.DefaultFileLockManager] Releasing lock on daemon addresses registry.
2023-11-16T19:38:19.920+0300 [DEBUG] [org.gradle.cache.internal.DefaultFileLockManager] Waiting to acquire shared lock on daemon addresses registry.
2023-11-16T19:38:19.922+0300 [DEBUG] [org.gradle.cache.internal.DefaultFileLockManager] Lock acquired on daemon addresses registry.
2023-11-16T19:38:19.923+0300 [DEBUG] [org.gradle.cache.internal.DefaultFileLockManager] Releasing lock on daemon addresses registry.
2023-11-16T19:38:19.925+0300 [DEBUG] [org.gradle.cache.internal.DefaultFileLockManager] Waiting to acquire shared lock on daemon addresses registry.
2023-11-16T19:38:19.926+0300 [DEBUG] [org.gradle.cache.internal.DefaultFileLockManager] Lock acquired on daemon addresses registry.
2023-11-16T19:38:19.928+0300 [DEBUG] [org.gradle.cache.internal.DefaultFileLockManager] Releasing lock on daemon addresses registry.
2023-11-16T19:38:19.930+0300 [DEBUG] [org.gradle.cache.internal.DefaultFileLockManager] Waiting to acquire shared lock on daemon addresses registry.
2023-11-16T19:38:19.932+0300 [DEBUG] [org.gradle.cache.internal.DefaultFileLockManager] Lock acquired on daemon addresses registry.
2023-11-16T19:38:19.933+0300 [DEBUG] [org.gradle.cache.internal.DefaultFileLockManager] Releasing lock on daemon addresses registry.
2023-11-16T19:38:29.917+0300 [DEBUG] [org.gradle.cache.internal.DefaultFileLockManager] Waiting to acquire shared lock on daemon addresses registry.
2023-11-16T19:38:29.918+0300 [DEBUG] [org.gradle.cache.internal.DefaultFileLockManager] Lock acquired on daemon addresses registry.
2023-11-16T19:38:29.918+0300 [DEBUG] [org.gradle.cache.internal.DefaultFileLockManager] Releasing lock on daemon addresses registry.
2023-11-16T19:38:29.919+0300 [DEBUG] [org.gradle.cache.internal.DefaultFileLockManager] Waiting to acquire shared lock on daemon addresses registry.
2023-11-16T19:38:29.919+0300 [DEBUG] [org.gradle.cache.internal.DefaultFileLockManager] Lock acquired on daemon addresses registry.
2023-11-16T19:38:29.919+0300 [DEBUG] [org.gradle.cache.internal.DefaultFileLockManager] Releasing lock on daemon addresses registry.
2023-11-16T19:38:29.920+0300 [DEBUG] [org.gradle.cache.internal.DefaultFileLockManager] Waiting to acquire shared lock on daemon addresses registry.
2023-11-16T19:38:29.920+0300 [DEBUG] [org.gradle.cache.internal.DefaultFileLockManager] Lock acquired on daemon addresses registry.
2023-11-16T19:38:29.921+0300 [DEBUG] [org.gradle.cache.internal.DefaultFileLockManager] Releasing lock on daemon addresses registry.
2023-11-16T19:38:33.285+0300 [DEBUG] [org.gradle.internal.remote.internal.inet.TcpIncomingConnector] Accepted connection from /127.0.0.1:44774 to /127.0.0.1:38253.
2023-11-16T19:38:33.304+0300 [DEBUG] [org.gradle.launcher.daemon.server.SynchronizedDispatchConnection] thread 119: received class org.gradle.launcher.daemon.protocol.Build
2023-11-16T19:38:33.304+0300 [DEBUG] [org.gradle.launcher.daemon.server.DefaultDaemonConnection] thread 119: Received non-IO message from client: Build{id=26c898db-f34b-4030-a8a5-bf614a18bfa4, currentDir=/mnt/code/AS/KotlinLvl1_1}
2023-11-16T19:38:33.304+0300 [INFO] [org.gradle.launcher.daemon.server.DefaultIncomingConnectionHandler] Received command: Build{id=26c898db-f34b-4030-a8a5-bf614a18bfa4, currentDir=/mnt/code/AS/KotlinLvl1_1}.
2023-11-16T19:38:33.305+0300 [DEBUG] [org.gradle.launcher.daemon.server.DefaultIncomingConnectionHandler] Starting executing command: Build{id=26c898db-f34b-4030-a8a5-bf614a18bfa4, currentDir=/mnt/code/AS/KotlinLvl1_1} with connection: socket connection from /127.0.0.1:38253 to /127.0.0.1:44774.
2023-11-16T19:38:33.305+0300 [DEBUG] [org.gradle.launcher.daemon.server.DaemonStateCoordinator] Command execution: started DaemonCommandExecution[command = Build{id=26c898db-f34b-4030-a8a5-bf614a18bfa4, currentDir=/mnt/code/AS/KotlinLvl1_1}, connection = DefaultDaemonConnection: socket connection from /127.0.0.1:38253 to /127.0.0.1:44774] after 5.0 minutes of idle
2023-11-16T19:38:33.305+0300 [INFO] [org.gradle.launcher.daemon.server.DaemonRegistryUpdater] Marking the daemon as busy, address: [f36987be-52cd-461e-9d10-cd8262cbd912 port:38253, addresses:[localhost/127.0.0.1]]
2023-11-16T19:38:33.306+0300 [DEBUG] [org.gradle.launcher.daemon.registry.PersistentDaemonRegistry] Marking busy by address: [f36987be-52cd-461e-9d10-cd8262cbd912 port:38253, addresses:[localhost/127.0.0.1]]
2023-11-16T19:38:33.306+0300 [DEBUG] [org.gradle.cache.internal.DefaultFileLockManager] Waiting to acquire exclusive lock on daemon addresses registry.
2023-11-16T19:38:33.307+0300 [DEBUG] [org.gradle.cache.internal.DefaultFileLockManager] Lock acquired on daemon addresses registry.
2023-11-16T19:38:33.307+0300 [DEBUG] [org.gradle.cache.internal.DefaultFileLockManager] Releasing lock on daemon addresses registry.
2023-11-16T19:38:33.308+0300 [DEBUG] [org.gradle.launcher.daemon.server.DaemonStateCoordinator] resetting idle timer
2023-11-16T19:38:33.308+0300 [DEBUG] [org.gradle.launcher.daemon.server.DaemonStateCoordinator] daemon is running. Sleeping until state changes.
2023-11-16T19:38:33.308+0300 [INFO] [org.gradle.launcher.daemon.server.exec.StartBuildOrRespondWithBusy] Daemon is about to start building Build{id=26c898db-f34b-4030-a8a5-bf614a18bfa4, currentDir=/mnt/code/AS/KotlinLvl1_1}. Dispatching build started information...
2023-11-16T19:38:33.309+0300 [DEBUG] [org.gradle.launcher.daemon.server.SynchronizedDispatchConnection] thread 121: dispatching org.gradle.launcher.daemon.protocol.BuildStarted@2cf0b7d4
2023-11-16T19:38:33.309+0300 [DEBUG] [org.gradle.launcher.daemon.server.exec.EstablishBuildEnvironment] Configuring env variables: [PATH, XAUTHORITY, INVOCATION_ID, MOTD_SHOWN, DBUS_SESSION_BUS_ADDRESS, XDG_CURRENT_DESKTOP, JOURNAL_STREAM, QT_AUTO_SCREEN_SCALE_FACTOR, MAIL, LADSPA_PATH, SESSION_MANAGER, LOGNAME, PWD, PAM_KWALLET5_LOGIN, MANAGERPID, XCURSOR_THEME, KDE_SESSION_VERSION, SHELL, QT_SCREEN_SCALE_FACTORS, OLDPWD, CADENCE_AUTO_STARTED, VST_PATH, KDE_FULL_SESSION, GTK_MODULES, XDG_SESSION_PATH, DEBUGINFOD_URLS, DSSI_PATH, SYSTEMD_EXEC_PID, LC_CTYPE, XDG_SESSION_DESKTOP, SHLVL, KDE_APPLICATIONS_AS_SCOPE, MEMORY_PRESSURE_WRITE, MEMORY_PRESSURE_WATCH, KDE_SESSION_UID, XDG_CONFIG_DIRS, LANG, XDG_SEAT_PATH, XDG_SESSION_TYPE, XDG_SESSION_ID, GRADLE_HOME, DISPLAY, GTK_RC_FILES, XDG_SESSION_CLASS, XCURSOR_SIZE, GTK3_MODULES, UBUNTU_MENUPROXY, DESKTOP_SESSION, USER, GTK2_RC_FILES, XDG_SEAT, XDG_RUNTIME_DIR, XDG_VTNR, HOME, LV2_PATH]
2023-11-16T19:38:33.310+0300 [DEBUG] [org.gradle.launcher.daemon.server.SynchronizedDispatchConnection] thread 119: received class org.gradle.launcher.daemon.protocol.CloseInput
2023-11-16T19:38:33.310+0300 [DEBUG] [org.gradle.launcher.daemon.server.DefaultDaemonConnection] thread 119: Received IO message from client: org.gradle.launcher.daemon.protocol.CloseInput@3b504a15
2023-11-16T19:38:33.310+0300 [DEBUG] [org.gradle.launcher.daemon.server.exec.LogToClient] About to start relaying all logs to the client via the connection.
2023-11-16T19:38:33.311+0300 [INFO] [org.gradle.launcher.daemon.server.exec.LogToClient] The client will now receive all logging from the daemon (pid: 280836). The daemon log file: /mnt/code/AS/SeverDroneClient/daemon/8.0/daemon-280836.out.log
2023-11-16T19:38:33.312+0300 [INFO] [org.gradle.launcher.daemon.server.exec.LogAndCheckHealth] Starting 2nd build in daemon [uptime: 11 mins 13.571 secs, performance: 100%, GC rate: 0.00/s, heap usage: 0% of 2 GiB]
2023-11-16T19:38:33.312+0300 [DEBUG] [org.gradle.launcher.daemon.server.exec.ExecuteBuild] The daemon has started executing the build.
2023-11-16T19:38:33.313+0300 [DEBUG] [org.gradle.launcher.daemon.server.exec.ExecuteBuild] Executing build with daemon context: DefaultDaemonContext[uid=6cbf9693-993d-4cb8-91fe-b2540a620002,javaHome=/opt/android-studio-canary/jbr,daemonRegistryDir=/mnt/code/AS/SeverDroneClient/daemon,pid=280836,idleTimeout=10800000,priority=NORMAL,daemonOpts=--add-opens=java.base/java.util=ALL-UNNAMED,--add-opens=java.base/java.lang=ALL-UNNAMED,--add-opens=java.base/java.lang.invoke=ALL-UNNAMED,--add-opens=java.prefs/java.util.prefs=ALL-UNNAMED,--add-opens=java.base/java.nio.charset=ALL-UNNAMED,--add-opens=java.base/java.net=ALL-UNNAMED,--add-opens=java.base/java.util.concurrent.atomic=ALL-UNNAMED,-Xmx2048m,-Dfile.encoding=UTF-8,-Duser.country=US,-Duser.language=en,-Duser.variant]
2023-11-16T19:38:33.312+0300 [INFO] [org.gradle.launcher.daemon.server.exec.ForwardClientInput] Closing daemon's stdin at end of input.
2023-11-16T19:38:33.313+0300 [INFO] [org.gradle.launcher.daemon.server.exec.ForwardClientInput] The daemon will no longer process any standard input.

BUILD SUCCESSFUL in 16s
2023-11-16T19:38:50.256+0300 [DEBUG] [org.gradle.launcher.daemon.server.exec.ExecuteBuild] The daemon has finished executing the build.
2023-11-16T19:38:50.271+0300 [DEBUG] [org.gradle.launcher.daemon.server.DaemonStateCoordinator] daemon is running. Sleeping until state changes.
2023-11-16T19:38:50.283+0300 [DEBUG] [org.gradle.launcher.daemon.server.DaemonStateCoordinator] Command execution: finished waiting for DaemonCommandExecution[command = Build{id=26c898db-f34b-4030-a8a5-bf614a18bfa4, currentDir=/mnt/code/AS/KotlinLvl1_1}, connection = DefaultDaemonConnection: socket connection from /127.0.0.1:38253 to /127.0.0.1:44774]. Result org.gradle.launcher.daemon.server.DaemonStateCoordinator@5d76f548 with state Busy
2023-11-16T19:38:50.284+0300 [DEBUG] [org.gradle.launcher.daemon.server.DaemonStateCoordinator] Command execution: completed DaemonCommandExecution[command = Build{id=26c898db-f34b-4030-a8a5-bf614a18bfa4, currentDir=/mnt/code/AS/KotlinLvl1_1}, connection = DefaultDaemonConnection: socket connection from /127.0.0.1:38253 to /127.0.0.1:44774]
2023-11-16T19:38:50.343+0300 [DEBUG] [org.gradle.launcher.daemon.server.DaemonStateCoordinator] resetting idle timer
2023-11-16T19:38:50.351+0300 [INFO] [org.gradle.launcher.daemon.server.DaemonRegistryUpdater] Marking the daemon as idle, address: [f36987be-52cd-461e-9d10-cd8262cbd912 port:38253, addresses:[localhost/127.0.0.1]]
2023-11-16T19:38:50.385+0300 [DEBUG] [org.gradle.launcher.daemon.registry.PersistentDaemonRegistry] Marking busy by address: [f36987be-52cd-461e-9d10-cd8262cbd912 port:38253, addresses:[localhost/127.0.0.1]]
2023-11-16T19:38:50.385+0300 [DEBUG] [org.gradle.cache.internal.DefaultFileLockManager] Waiting to acquire exclusive lock on daemon addresses registry.
2023-11-16T19:38:50.386+0300 [DEBUG] [org.gradle.cache.internal.DefaultFileLockManager] Lock acquired on daemon addresses registry.
2023-11-16T19:38:50.386+0300 [DEBUG] [org.gradle.cache.internal.DefaultFileLockManager] Releasing lock on daemon addresses registry.
2023-11-16T19:38:50.387+0300 [DEBUG] [org.gradle.launcher.daemon.server.exec.ReturnResult] Daemon is dispatching the build result: Success[value=org.gradle.launcher.exec.BuildActionResult@1e013272]
2023-11-16T19:38:50.388+0300 [DEBUG] [org.gradle.launcher.daemon.server.SynchronizedDispatchConnection] thread 118: dispatching Success[value=org.gradle.launcher.exec.BuildActionResult@1e013272]
2023-11-16T19:38:50.387+0300 [DEBUG] [org.gradle.launcher.daemon.server.DaemonStateCoordinator] daemon is running. Sleeping until state changes.
2023-11-16T19:38:50.389+0300 [DEBUG] [org.gradle.launcher.daemon.server.SynchronizedDispatchConnection] thread 119: received class org.gradle.launcher.daemon.protocol.Finished
2023-11-16T19:38:50.407+0300 [DEBUG] [org.gradle.launcher.daemon.server.DefaultDaemonConnection] thread 119: Received non-IO message from client: org.gradle.launcher.daemon.protocol.Finished@3597a30f
2023-11-16T19:38:50.407+0300 [DEBUG] [org.gradle.internal.remote.internal.inet.SocketConnection] Discarding EOFException: java.io.EOFException
2023-11-16T19:38:50.389+0300 [DEBUG] [org.gradle.launcher.daemon.server.DefaultIncomingConnectionHandler] Finishing executing command: Build{id=26c898db-f34b-4030-a8a5-bf614a18bfa4, currentDir=/mnt/code/AS/KotlinLvl1_1}
2023-11-16T19:38:50.409+0300 [DEBUG] [org.gradle.launcher.daemon.server.DefaultIncomingConnectionHandler] Received finished message: org.gradle.launcher.daemon.protocol.Finished@3597a30f
2023-11-16T19:38:50.410+0300 [DEBUG] [org.gradle.launcher.daemon.server.SynchronizedDispatchConnection] thread 118: stopping connection
2023-11-16T19:38:50.408+0300 [DEBUG] [org.gradle.launcher.daemon.server.SynchronizedDispatchConnection] thread 119: received null
2023-11-16T19:38:50.412+0300 [DEBUG] [org.gradle.launcher.daemon.server.DefaultDaemonConnection] thread 119: Received end-of-input from client.
2023-11-16T19:38:50.413+0300 [DEBUG] [org.gradle.launcher.daemon.server.SynchronizedDispatchConnection] thread 118: stopping connection
2023-11-16T19:38:59.918+0300 [DEBUG] [org.gradle.cache.internal.DefaultFileLockManager] Waiting to acquire shared lock on daemon addresses registry.
2023-11-16T19:38:59.943+0300 [DEBUG] [org.gradle.cache.internal.DefaultFileLockManager] Lock acquired on daemon addresses registry.
2023-11-16T19:38:59.945+0300 [DEBUG] [org.gradle.cache.internal.DefaultFileLockManager] Releasing lock on daemon addresses registry.
2023-11-16T19:38:59.946+0300 [DEBUG] [org.gradle.cache.internal.DefaultFileLockManager] Waiting to acquire shared lock on daemon addresses registry.
2023-11-16T19:38:59.949+0300 [DEBUG] [org.gradle.cache.internal.DefaultFileLockManager] Lock acquired on daemon addresses registry.
2023-11-16T19:38:59.950+0300 [DEBUG] [org.gradle.cache.internal.DefaultFileLockManager] Releasing lock on daemon addresses registry.
2023-11-16T19:39:09.927+0300 [DEBUG] [org.gradle.cache.internal.DefaultFileLockManager] Waiting to acquire shared lock on daemon addresses registry.
2023-11-16T19:39:09.967+0300 [DEBUG] [org.gradle.cache.internal.DefaultFileLockManager] Lock acquired on daemon addresses registry.
2023-11-16T19:39:09.974+0300 [DEBUG] [org.gradle.cache.internal.DefaultFileLockManager] Releasing lock on daemon addresses registry.
2023-11-16T19:39:09.976+0300 [DEBUG] [org.gradle.cache.internal.DefaultFileLockManager] Waiting to acquire shared lock on daemon addresses registry.
2023-11-16T19:39:09.979+0300 [DEBUG] [org.gradle.cache.internal.DefaultFileLockManager] Lock acquired on daemon addresses registry.
2023-11-16T19:39:09.981+0300 [DEBUG] [org.gradle.cache.internal.DefaultFileLockManager] Releasing lock on daemon addresses registry.
2023-11-16T19:39:09.983+0300 [DEBUG] [org.gradle.cache.internal.DefaultFileLockManager] Waiting to acquire shared lock on daemon addresses registry.
2023-11-16T19:39:09.984+0300 [DEBUG] [org.gradle.cache.internal.DefaultFileLockManager] Lock acquired on daemon addresses registry.
2023-11-16T19:39:09.986+0300 [DEBUG] [org.gradle.cache.internal.DefaultFileLockManager] Releasing lock on daemon addresses registry.
2023-11-16T19:39:19.920+0300 [DEBUG] [org.gradle.cache.internal.DefaultFileLockManager] Waiting to acquire shared lock on daemon addresses registry.
2023-11-16T19:39:19.922+0300 [DEBUG] [org.gradle.cache.internal.DefaultFileLockManager] Lock acquired on daemon addresses registry.
2023-11-16T19:39:19.924+0300 [DEBUG] [org.gradle.cache.internal.DefaultFileLockManager] Releasing lock on daemon addresses registry.
2023-11-16T19:39:19.925+0300 [DEBUG] [org.gradle.cache.internal.DefaultFileLockManager] Waiting to acquire shared lock on daemon addresses registry.
2023-11-16T19:39:19.927+0300 [DEBUG] [org.gradle.cache.internal.DefaultFileLockManager] Lock acquired on daemon addresses registry.
2023-11-16T19:39:19.929+0300 [DEBUG] [org.gradle.cache.internal.DefaultFileLockManager] Releasing lock on daemon addresses registry.
2023-11-16T19:39:19.931+0300 [DEBUG] [org.gradle.cache.internal.DefaultFileLockManager] Waiting to acquire shared lock on daemon addresses registry.
2023-11-16T19:39:19.932+0300 [DEBUG] [org.gradle.cache.internal.DefaultFileLockManager] Lock acquired on daemon addresses registry.
2023-11-16T19:39:19.934+0300 [DEBUG] [org.gradle.cache.internal.DefaultFileLockManager] Releasing lock on daemon addresses registry.
2023-11-16T19:39:29.919+0300 [DEBUG] [org.gradle.cache.internal.DefaultFileLockManager] Waiting to acquire shared lock on daemon addresses registry.
2023-11-16T19:39:29.920+0300 [DEBUG] [org.gradle.cache.internal.DefaultFileLockManager] Lock acquired on daemon addresses registry.
2023-11-16T19:39:29.922+0300 [DEBUG] [org.gradle.cache.internal.DefaultFileLockManager] Releasing lock on daemon addresses registry.
2023-11-16T19:39:29.923+0300 [DEBUG] [org.gradle.cache.internal.DefaultFileLockManager] Waiting to acquire shared lock on daemon addresses registry.
2023-11-16T19:39:29.925+0300 [DEBUG] [org.gradle.cache.internal.DefaultFileLockManager] Lock acquired on daemon addresses registry.
2023-11-16T19:39:29.927+0300 [DEBUG] [org.gradle.cache.internal.DefaultFileLockManager] Releasing lock on daemon addresses registry.
2023-11-16T19:39:29.929+0300 [DEBUG] [org.gradle.cache.internal.DefaultFileLockManager] Waiting to acquire shared lock on daemon addresses registry.
2023-11-16T19:39:29.930+0300 [DEBUG] [org.gradle.cache.internal.DefaultFileLockManager] Lock acquired on daemon addresses registry.
2023-11-16T19:39:29.932+0300 [DEBUG] [org.gradle.cache.internal.DefaultFileLockManager] Releasing lock on daemon addresses registry.
2023-11-16T19:39:34.688+0300 [DEBUG] [org.gradle.internal.remote.internal.inet.TcpIncomingConnector] Accepted connection from /127.0.0.1:53886 to /127.0.0.1:38253.
2023-11-16T19:39:34.717+0300 [DEBUG] [org.gradle.launcher.daemon.server.SynchronizedDispatchConnection] thread 201: received class org.gradle.launcher.daemon.protocol.StopWhenIdle
2023-11-16T19:39:34.770+0300 [DEBUG] [org.gradle.launcher.daemon.server.DefaultDaemonConnection] thread 201: Received non-IO message from client: StopWhenIdle[id=3237fd97-1071-421d-b03a-893438fdd5e7]
2023-11-16T19:39:34.846+0300 [INFO] [org.gradle.launcher.daemon.server.DefaultIncomingConnectionHandler] Received command: StopWhenIdle[id=3237fd97-1071-421d-b03a-893438fdd5e7].
2023-11-16T19:39:34.987+0300 [DEBUG] [org.gradle.launcher.daemon.server.DefaultIncomingConnectionHandler] Starting executing command: StopWhenIdle[id=3237fd97-1071-421d-b03a-893438fdd5e7] with connection: socket connection from /127.0.0.1:38253 to /127.0.0.1:53886.
2023-11-16T19:39:35.000+0300 [DEBUG] [org.gradle.launcher.daemon.server.DaemonRegistryUpdater] Storing daemon stop event: stop command received
2023-11-16T19:39:35.032+0300 [DEBUG] [org.gradle.launcher.daemon.registry.PersistentDaemonRegistry] Storing daemon stop event with timestamp 1700152775032
2023-11-16T19:39:35.364+0300 [DEBUG] [org.gradle.cache.internal.DefaultFileLockManager] Waiting to acquire exclusive lock on daemon addresses registry.
2023-11-16T19:39:35.574+0300 [DEBUG] [org.gradle.cache.internal.DefaultFileLockManager] Lock acquired on daemon addresses registry.
2023-11-16T19:39:35.752+0300 [DEBUG] [org.gradle.cache.internal.DefaultFileLockManager] Releasing lock on daemon addresses registry.
2023-11-16T19:39:35.765+0300 [LIFECYCLE] [org.gradle.launcher.daemon.server.DaemonStateCoordinator] Daemon will be stopped at the end of the build stop command received
2023-11-16T19:39:35.788+0300 [DEBUG] [org.gradle.launcher.daemon.server.DaemonStateCoordinator] Marking daemon stopped due to stop command received. The daemon is running a build: false
2023-11-16T19:39:35.789+0300 [DEBUG] [org.gradle.launcher.daemon.server.SynchronizedDispatchConnection] thread 118: dispatching Success[value=null]
2023-11-16T19:39:35.789+0300 [DEBUG] [org.gradle.launcher.daemon.server.DaemonStateCoordinator] daemon has stopped.
2023-11-16T19:39:35.847+0300 [DEBUG] [org.gradle.launcher.daemon.server.SynchronizedDispatchConnection] thread 201: received class org.gradle.launcher.daemon.protocol.Finished
2023-11-16T19:39:35.861+0300 [DEBUG] [org.gradle.launcher.daemon.server.DefaultDaemonConnection] thread 201: Received non-IO message from client: org.gradle.launcher.daemon.protocol.Finished@4825806
2023-11-16T19:39:35.846+0300 [DEBUG] [org.gradle.launcher.daemon.server.DefaultIncomingConnectionHandler] Finishing executing command: StopWhenIdle[id=3237fd97-1071-421d-b03a-893438fdd5e7]
2023-11-16T19:39:35.862+0300 [DEBUG] [org.gradle.launcher.daemon.server.DefaultIncomingConnectionHandler] Received finished message: org.gradle.launcher.daemon.protocol.Finished@4825806
2023-11-16T19:39:35.863+0300 [DEBUG] [org.gradle.launcher.daemon.server.SynchronizedDispatchConnection] thread 118: stopping connection
2023-11-16T19:39:35.861+0300 [DEBUG] [org.gradle.internal.remote.internal.inet.SocketConnection] Discarding EOFException: java.io.EOFException
2023-11-16T19:39:35.877+0300 [DEBUG] [org.gradle.launcher.daemon.server.SynchronizedDispatchConnection] thread 201: received null
2023-11-16T19:39:35.877+0300 [DEBUG] [org.gradle.launcher.daemon.server.DefaultDaemonConnection] thread 201: Received end-of-input from client.
2023-11-16T19:39:35.847+0300 [DEBUG] [org.gradle.launcher.daemon.server.Daemon] stop() called on daemon
2023-11-16T19:39:35.878+0300 [DEBUG] [org.gradle.launcher.daemon.server.SynchronizedDispatchConnection] thread 118: stopping connection
2023-11-16T19:39:35.879+0300 [INFO] [org.gradle.launcher.daemon.server.Daemon] Stop requested. Daemon is removing its presence from the registry...
2023-11-16T19:39:35.881+0300 [DEBUG] [org.gradle.launcher.daemon.server.DaemonRegistryUpdater] Removing our presence to clients, eg. removing this address from the registry: [f36987be-52cd-461e-9d10-cd8262cbd912 port:38253, addresses:[localhost/127.0.0.1]]
2023-11-16T19:39:35.881+0300 [DEBUG] [org.gradle.launcher.daemon.registry.PersistentDaemonRegistry] Removing daemon address: [f36987be-52cd-461e-9d10-cd8262cbd912 port:38253, addresses:[localhost/127.0.0.1]]
2023-11-16T19:39:35.882+0300 [DEBUG] [org.gradle.cache.internal.DefaultFileLockManager] Waiting to acquire exclusive lock on daemon addresses registry.
2023-11-16T19:39:35.882+0300 [DEBUG] [org.gradle.cache.internal.DefaultFileLockManager] Lock acquired on daemon addresses registry.
2023-11-16T19:39:35.883+0300 [DEBUG] [org.gradle.cache.internal.DefaultFileLockManager] Releasing lock on daemon addresses registry.
2023-11-16T19:39:35.883+0300 [DEBUG] [org.gradle.launcher.daemon.server.DaemonRegistryUpdater] Address removed from registry.
2023-11-16T19:39:35.884+0300 [DEBUG] [org.gradle.cache.internal.LockOnDemandCrossProcessCacheAccess] Releasing file lock for jars (/mnt/code/AS/SeverDroneClient/caches/jars-9)
2023-11-16T19:39:35.884+0300 [DEBUG] [org.gradle.cache.internal.DefaultFileLockManager] Releasing lock on jars (/mnt/code/AS/SeverDroneClient/caches/jars-9).
2023-11-16T19:39:35.885+0300 [DEBUG] [org.gradle.cache.internal.DefaultPersistentDirectoryStore] jars (/mnt/code/AS/SeverDroneClient/caches/jars-9) has last been fully cleaned up 457 hours ago
2023-11-16T19:39:35.887+0300 [INFO] [org.gradle.cache.internal.AbstractCacheCleanup] jars (/mnt/code/AS/SeverDroneClient/caches/jars-9) cleanup deleted 0 files/directories.
2023-11-16T19:39:35.887+0300 [INFO] [org.gradle.cache.internal.LeastRecentlyUsedCacheCleanup] jars (/mnt/code/AS/SeverDroneClient/caches/jars-9) removing files not accessed on or after Thu Nov 09 19:38:33 MSK 2023.
2023-11-16T19:39:39.185+0300 [INFO] [org.gradle.cache.internal.AbstractCacheCleanup] jars (/mnt/code/AS/SeverDroneClient/caches/jars-9) cleanup deleted 152 files/directories.
2023-11-16T19:39:39.226+0300 [INFO] [org.gradle.cache.internal.DefaultPersistentDirectoryStore] jars (/mnt/code/AS/SeverDroneClient/caches/jars-9) cleaned up in 3.34 secs.
2023-11-16T19:39:39.228+0300 [DEBUG] [org.gradle.cache.internal.LockOnDemandCrossProcessCacheAccess] Releasing file lock for Artifact transforms cache (/mnt/code/AS/SeverDroneClient/caches/transforms-3)
2023-11-16T19:39:39.229+0300 [DEBUG] [org.gradle.cache.internal.DefaultFileLockManager] Releasing lock on Artifact transforms cache (/mnt/code/AS/SeverDroneClient/caches/transforms-3).
2023-11-16T19:39:39.232+0300 [DEBUG] [org.gradle.cache.internal.DefaultPersistentDirectoryStore] Artifact transforms cache (/mnt/code/AS/SeverDroneClient/caches/transforms-3) has last been fully cleaned up 457 hours ago
2023-11-16T19:39:39.243+0300 [INFO] [org.gradle.cache.internal.LeastRecentlyUsedCacheCleanup] Artifact transforms cache (/mnt/code/AS/SeverDroneClient/caches/transforms-3) removing files not accessed on or after Thu Nov 09 19:38:33 MSK 2023.
2023-11-16T19:39:46.165+0300 [DEBUG] [org.apache.http.impl.conn.PoolingHttpClientConnectionManager] Connection manager is shutting down
2023-11-16T19:39:46.194+0300 [DEBUG] [org.apache.http.impl.conn.DefaultManagedHttpClientConnection] http-outgoing-62: Close connection
2023-11-16T19:39:46.196+0300 [DEBUG] [org.apache.http.impl.conn.PoolingHttpClientConnectionManager] Connection manager shut down
2023-11-16T19:39:46.200+0300 [DEBUG] [org.apache.http.impl.conn.PoolingHttpClientConnectionManager] Connection manager is shutting down
2023-11-16T19:39:46.204+0300 [DEBUG] [org.apache.http.impl.conn.DefaultManagedHttpClientConnection] http-outgoing-64: Close connection
2023-11-16T19:39:46.206+0300 [DEBUG] [org.apache.http.impl.conn.DefaultManagedHttpClientConnection] http-outgoing-67: Close connection
2023-11-16T19:39:46.208+0300 [DEBUG] [org.apache.http.impl.conn.DefaultManagedHttpClientConnection] http-outgoing-63: Close connection
2023-11-16T19:39:46.209+0300 [DEBUG] [org.apache.http.impl.conn.DefaultManagedHttpClientConnection] http-outgoing-66: Close connection
2023-11-16T19:39:46.211+0300 [DEBUG] [org.apache.http.impl.conn.DefaultManagedHttpClientConnection] http-outgoing-61: Close connection
2023-11-16T19:39:46.212+0300 [DEBUG] [org.apache.http.impl.conn.DefaultManagedHttpClientConnection] http-outgoing-65: Close connection
2023-11-16T19:39:46.214+0300 [DEBUG] [org.apache.http.impl.conn.PoolingHttpClientConnectionManager] Connection manager shut down
2023-11-16T19:39:46.215+0300 [DEBUG] [org.apache.http.impl.conn.PoolingHttpClientConnectionManager] Connection manager is shutting down
2023-11-16T19:39:46.217+0300 [DEBUG] [org.apache.http.impl.conn.DefaultManagedHttpClientConnection] http-outgoing-60: Close connection
2023-11-16T19:39:46.218+0300 [DEBUG] [org.apache.http.impl.conn.PoolingHttpClientConnectionManager] Connection manager shut down
2023-11-16T19:39:46.221+0300 [DEBUG] [org.apache.http.impl.conn.PoolingHttpClientConnectionManager] Connection manager is shutting down
2023-11-16T19:39:46.222+0300 [DEBUG] [org.apache.http.impl.conn.DefaultManagedHttpClientConnection] http-outgoing-59: Close connection
2023-11-16T19:39:46.225+0300 [DEBUG] [org.apache.http.impl.conn.PoolingHttpClientConnectionManager] Connection manager shut down
2023-11-16T19:39:52.171+0300 [INFO] [org.gradle.cache.internal.AbstractCacheCleanup] Artifact transforms cache (/mnt/code/AS/SeverDroneClient/caches/transforms-3) cleanup deleted 1740 files/directories.
2023-11-16T19:39:52.173+0300 [INFO] [org.gradle.cache.internal.DefaultPersistentDirectoryStore] Artifact transforms cache (/mnt/code/AS/SeverDroneClient/caches/transforms-3) cleaned up in 12.939 secs.
2023-11-16T19:39:52.174+0300 [DEBUG] [org.gradle.cache.internal.LockOnDemandCrossProcessCacheAccess] Releasing file lock for kotlin-dsl (/mnt/code/AS/SeverDroneClient/caches/8.0/kotlin-dsl)
2023-11-16T19:39:52.176+0300 [DEBUG] [org.gradle.cache.internal.btree.BTreePersistentIndexedCache] Closing cache executionHistory.bin (/mnt/code/AS/SeverDroneClient/caches/8.0/kotlin-dsl/executionHistory.bin)
2023-11-16T19:39:52.178+0300 [DEBUG] [org.gradle.cache.internal.DefaultFileLockManager] Releasing lock on kotlin-dsl (/mnt/code/AS/SeverDroneClient/caches/8.0/kotlin-dsl).
2023-11-16T19:39:52.180+0300 [DEBUG] [org.gradle.cache.internal.DefaultPersistentDirectoryStore] kotlin-dsl (/mnt/code/AS/SeverDroneClient/caches/8.0/kotlin-dsl) has last been fully cleaned up 452 hours ago
2023-11-16T19:39:52.182+0300 [INFO] [org.gradle.cache.internal.LeastRecentlyUsedCacheCleanup] kotlin-dsl (/mnt/code/AS/SeverDroneClient/caches/8.0/kotlin-dsl) removing files not accessed on or after Thu Nov 09 19:38:33 MSK 2023.
2023-11-16T19:39:52.202+0300 [INFO] [org.gradle.cache.internal.AbstractCacheCleanup] kotlin-dsl (/mnt/code/AS/SeverDroneClient/caches/8.0/kotlin-dsl) cleanup deleted 0 files/directories.
2023-11-16T19:39:52.204+0300 [INFO] [org.gradle.cache.internal.DefaultPersistentDirectoryStore] kotlin-dsl (/mnt/code/AS/SeverDroneClient/caches/8.0/kotlin-dsl) cleaned up in 0.023 secs.
2023-11-16T19:39:52.216+0300 [DEBUG] [org.gradle.cache.internal.LockOnDemandCrossProcessCacheAccess] Releasing file lock for file content cache (/mnt/code/AS/SeverDroneClient/caches/8.0/fileContent)
2023-11-16T19:39:52.218+0300 [DEBUG] [org.gradle.cache.internal.DefaultFileLockManager] Releasing lock on file content cache (/mnt/code/AS/SeverDroneClient/caches/8.0/fileContent).
2023-11-16T19:39:52.244+0300 [DEBUG] [org.gradle.internal.watch.vfs.impl.WatchingVirtualFileSystem] Closing VFS, dropping state
2023-11-16T19:39:52.432+0300 [DEBUG] [org.gradle.cache.internal.LockOnDemandCrossProcessCacheAccess] Releasing file lock for Generated Gradle JARs cache (/mnt/code/AS/SeverDroneClient/caches/8.0/generated-gradle-jars)
2023-11-16T19:39:52.433+0300 [DEBUG] [org.gradle.internal.watch.registry.impl.DefaultFileWatcherRegistry] Finished listening to file system change events
2023-11-16T19:39:52.434+0300 [DEBUG] [org.gradle.cache.internal.DefaultFileLockManager] Releasing lock on Generated Gradle JARs cache (/mnt/code/AS/SeverDroneClient/caches/8.0/generated-gradle-jars).
2023-11-16T19:39:52.438+0300 [DEBUG] [org.gradle.cache.internal.LockOnDemandCrossProcessCacheAccess] Releasing file lock for artifact cache (/mnt/code/AS/SeverDroneClient/caches/modules-2)
2023-11-16T19:39:52.439+0300 [DEBUG] [org.gradle.cache.internal.btree.BTreePersistentIndexedCache] Closing cache module-metadata.bin (/mnt/code/AS/SeverDroneClient/caches/modules-2/metadata-2.100/module-metadata.bin)
2023-11-16T19:39:52.441+0300 [DEBUG] [org.gradle.cache.internal.btree.BTreePersistentIndexedCache] Closing cache module-artifact.bin (/mnt/code/AS/SeverDroneClient/caches/modules-2/metadata-2.100/module-artifact.bin)
2023-11-16T19:39:52.443+0300 [DEBUG] [org.gradle.cache.internal.btree.BTreePersistentIndexedCache] Closing cache module-artifacts.bin (/mnt/code/AS/SeverDroneClient/caches/modules-2/metadata-2.100/module-artifacts.bin)
2023-11-16T19:39:52.445+0300 [DEBUG] [org.gradle.cache.internal.btree.BTreePersistentIndexedCache] Closing cache resource-at-url.bin (/mnt/code/AS/SeverDroneClient/caches/modules-2/metadata-2.100/resource-at-url.bin)
2023-11-16T19:39:52.446+0300 [DEBUG] [org.gradle.cache.internal.DefaultFileLockManager] Releasing lock on artifact cache (/mnt/code/AS/SeverDroneClient/caches/modules-2).
2023-11-16T19:39:52.448+0300 [DEBUG] [org.gradle.cache.internal.DefaultPersistentDirectoryStore] artifact cache (/mnt/code/AS/SeverDroneClient/caches/modules-2) has last been fully cleaned up 457 hours ago
2023-11-16T19:39:52.452+0300 [INFO] [org.gradle.cache.internal.AbstractCacheCleanup] artifact cache (/mnt/code/AS/SeverDroneClient/caches/modules-2) cleanup deleted 0 files/directories.
2023-11-16T19:39:52.463+0300 [INFO] [org.gradle.cache.internal.AbstractCacheCleanup] artifact cache (/mnt/code/AS/SeverDroneClient/caches/modules-2) [subdir: /mnt/code/AS/SeverDroneClient/caches/modules-2/resources-2.1] cleanup deleted 0 files/directories.
2023-11-16T19:39:52.465+0300 [INFO] [org.gradle.cache.internal.LeastRecentlyUsedCacheCleanup] artifact cache (/mnt/code/AS/SeverDroneClient/caches/modules-2) [subdir: /mnt/code/AS/SeverDroneClient/caches/modules-2/resources-2.1] removing files not accessed on or after Tue Oct 17 19:38:33 MSK 2023.
2023-11-16T19:39:52.466+0300 [INFO] [org.gradle.cache.internal.AbstractCacheCleanup] artifact cache (/mnt/code/AS/SeverDroneClient/caches/modules-2) [subdir: /mnt/code/AS/SeverDroneClient/caches/modules-2/resources-2.1] cleanup deleted 0 files/directories.
2023-11-16T19:39:52.469+0300 [INFO] [org.gradle.cache.internal.AbstractCacheCleanup] artifact cache (/mnt/code/AS/SeverDroneClient/caches/modules-2) [subdir: /mnt/code/AS/SeverDroneClient/caches/modules-2/files-2.1] cleanup deleted 0 files/directories.
2023-11-16T19:39:52.471+0300 [INFO] [org.gradle.cache.internal.LeastRecentlyUsedCacheCleanup] artifact cache (/mnt/code/AS/SeverDroneClient/caches/modules-2) [subdir: /mnt/code/AS/SeverDroneClient/caches/modules-2/files-2.1] removing files not accessed on or after Tue Oct 17 19:38:33 MSK 2023.
2023-11-16T19:39:59.845+0300 [INFO] [org.gradle.cache.internal.AbstractCacheCleanup] artifact cache (/mnt/code/AS/SeverDroneClient/caches/modules-2) [subdir: /mnt/code/AS/SeverDroneClient/caches/modules-2/files-2.1] cleanup deleted 0 files/directories.
2023-11-16T19:39:59.900+0300 [INFO] [org.gradle.cache.internal.AbstractCacheCleanup] artifact cache (/mnt/code/AS/SeverDroneClient/caches/modules-2) [subdir: /mnt/code/AS/SeverDroneClient/caches/modules-2/metadata-2.100] cleanup deleted 0 files/directories.
2023-11-16T19:39:59.920+0300 [INFO] [org.gradle.cache.internal.DefaultPersistentDirectoryStore] artifact cache (/mnt/code/AS/SeverDroneClient/caches/modules-2) cleaned up in 7.47 secs.
2023-11-16T19:39:59.920+0300 [DEBUG] [org.gradle.cache.internal.LockOnDemandCrossProcessCacheAccess] Releasing file lock for journal cache (/mnt/code/AS/SeverDroneClient/caches/journal-1)
2023-11-16T19:39:59.921+0300 [DEBUG] [org.gradle.cache.internal.btree.BTreePersistentIndexedCache] Closing cache file-access.bin (/mnt/code/AS/SeverDroneClient/caches/journal-1/file-access.bin)
2023-11-16T19:39:59.922+0300 [DEBUG] [org.gradle.cache.internal.DefaultFileLockManager] Releasing lock on journal cache (/mnt/code/AS/SeverDroneClient/caches/journal-1).
2023-11-16T19:39:59.923+0300 [DEBUG] [org.gradle.cache.internal.LockOnDemandCrossProcessCacheAccess] Releasing file lock for file hash cache (/mnt/code/AS/SeverDroneClient/caches/8.0/fileHashes)
2023-11-16T19:39:59.936+0300 [DEBUG] [org.gradle.cache.internal.btree.BTreePersistentIndexedCache] Closing cache fileHashes.bin (/mnt/code/AS/SeverDroneClient/caches/8.0/fileHashes/fileHashes.bin)
2023-11-16T19:39:59.937+0300 [DEBUG] [org.gradle.cache.internal.btree.BTreePersistentIndexedCache] Closing cache resourceHashesCache.bin (/mnt/code/AS/SeverDroneClient/caches/8.0/fileHashes/resourceHashesCache.bin)
2023-11-16T19:39:59.938+0300 [DEBUG] [org.gradle.cache.internal.DefaultFileLockManager] Releasing lock on file hash cache (/mnt/code/AS/SeverDroneClient/caches/8.0/fileHashes).
2023-11-16T19:39:59.939+0300 [DEBUG] [org.gradle.cache.internal.LockOnDemandCrossProcessCacheAccess] Releasing file lock for execution history cache (/mnt/code/AS/SeverDroneClient/caches/8.0/executionHistory)
2023-11-16T19:39:59.940+0300 [DEBUG] [org.gradle.cache.internal.btree.BTreePersistentIndexedCache] Closing cache executionHistory.bin (/mnt/code/AS/SeverDroneClient/caches/8.0/executionHistory/executionHistory.bin)
2023-11-16T19:39:59.941+0300 [DEBUG] [org.gradle.cache.internal.DefaultFileLockManager] Releasing lock on execution history cache (/mnt/code/AS/SeverDroneClient/caches/8.0/executionHistory).
2023-11-16T19:40:00.065+0300 [DEBUG] [org.gradle.cache.internal.VersionSpecificCacheCleanupAction] Processed version-specific caches at /mnt/code/AS/SeverDroneClient/caches for cleanup in 0.07 secs
2023-11-16T19:40:00.336+0300 [DEBUG] [org.gradle.launcher.daemon.registry.PersistentDaemonRegistry] Removing daemon address: [f36987be-52cd-461e-9d10-cd8262cbd912 port:38253, addresses:[localhost/127.0.0.1]]
Daemon vm is shutting down... The daemon has exited normally or was terminated in response to a user interrupt.
2023-11-16T19:40:00.337+0300 [DEBUG] [org.gradle.cache.internal.DefaultFileLockManager] Waiting to acquire exclusive lock on daemon addresses registry.
2023-11-16T19:40:00.338+0300 [DEBUG] [org.gradle.cache.internal.DefaultFileLockManager] Lock acquired on daemon addresses registry.
2023-11-16T19:40:00.359+0300 [DEBUG] [org.gradle.cache.internal.DefaultFileLockManager] Releasing lock on daemon addresses registry.
