2023-11-26T20:43:37.373+0300 [DEBUG] [org.gradle.launcher.daemon.bootstrap.DaemonMain] Assuming the daemon was started with following jvm opts: [--add-opens=java.base/java.util=ALL-UNNAMED, --add-opens=java.base/java.lang=ALL-UNNAMED, --add-opens=java.base/java.lang.invoke=ALL-UNNAMED, --add-opens=java.prefs/java.util.prefs=ALL-UNNAMED, --add-opens=java.base/java.nio.charset=ALL-UNNAMED, --add-opens=java.base/java.net=ALL-UNNAMED, --add-opens=java.base/java.util.concurrent.atomic=ALL-UNNAMED, -Xmx2048m, -Dfile.encoding=UTF-8, -Duser.country=US, -Duser.language=en, -Duser.variant]
2023-11-26T20:43:37.478+0300 [INFO] [org.gradle.launcher.daemon.server.Daemon] start() called on daemon - DefaultDaemonContext[uid=1e39bba0-2495-4d90-9eea-3834b23a1cca,javaHome=/opt/android-studio-canary/jbr,daemonRegistryDir=/mnt/code/AS/SeverDroneClient/daemon,pid=166503,idleTimeout=10800000,priority=NORMAL,daemonOpts=--add-opens=java.base/java.util=ALL-UNNAMED,--add-opens=java.base/java.lang=ALL-UNNAMED,--add-opens=java.base/java.lang.invoke=ALL-UNNAMED,--add-opens=java.prefs/java.util.prefs=ALL-UNNAMED,--add-opens=java.base/java.nio.charset=ALL-UNNAMED,--add-opens=java.base/java.net=ALL-UNNAMED,--add-opens=java.base/java.util.concurrent.atomic=ALL-UNNAMED,-Xmx2048m,-Dfile.encoding=UTF-8,-Duser.country=US,-Duser.language=en,-Duser.variant]
2023-11-26T20:43:37.514+0300 [DEBUG] [org.gradle.internal.remote.internal.inet.InetAddresses] Adding IP addresses for network interface docker0
2023-11-26T20:43:37.514+0300 [DEBUG] [org.gradle.internal.remote.internal.inet.InetAddresses] Is this a loopback interface? false
2023-11-26T20:43:37.515+0300 [DEBUG] [org.gradle.internal.remote.internal.inet.InetAddresses] Adding remote address /172.17.0.1
2023-11-26T20:43:37.515+0300 [DEBUG] [org.gradle.internal.remote.internal.inet.InetAddresses] Adding IP addresses for network interface wlp4s0
2023-11-26T20:43:37.516+0300 [DEBUG] [org.gradle.internal.remote.internal.inet.InetAddresses] Is this a loopback interface? false
2023-11-26T20:43:37.517+0300 [DEBUG] [org.gradle.internal.remote.internal.inet.InetAddresses] Adding remote address /fe80:0:0:0:ae88:3539:aac:1060%wlp4s0
2023-11-26T20:43:37.517+0300 [DEBUG] [org.gradle.internal.remote.internal.inet.InetAddresses] Adding remote address /192.168.31.214
2023-11-26T20:43:37.518+0300 [DEBUG] [org.gradle.internal.remote.internal.inet.InetAddresses] Adding IP addresses for network interface lo
2023-11-26T20:43:37.518+0300 [DEBUG] [org.gradle.internal.remote.internal.inet.InetAddresses] Is this a loopback interface? true
2023-11-26T20:43:37.518+0300 [DEBUG] [org.gradle.internal.remote.internal.inet.InetAddresses] Adding loopback address /0:0:0:0:0:0:0:1%lo
2023-11-26T20:43:37.519+0300 [DEBUG] [org.gradle.internal.remote.internal.inet.InetAddresses] Adding loopback address /127.0.0.1
2023-11-26T20:43:37.520+0300 [DEBUG] [org.gradle.internal.remote.internal.inet.TcpIncomingConnector] Listening on [cfc14ffa-491a-4726-bc3e-a200bd182603 port:46219, addresses:[localhost/127.0.0.1]].
2023-11-26T20:43:37.533+0300 [DEBUG] [org.gradle.launcher.daemon.server.Daemon] Daemon starting at: Sun Nov 26 20:43:37 MSK 2023, with address: [cfc14ffa-491a-4726-bc3e-a200bd182603 port:46219, addresses:[localhost/127.0.0.1]]
2023-11-26T20:43:37.534+0300 [INFO] [org.gradle.launcher.daemon.server.DaemonRegistryUpdater] Advertising the daemon address to the clients: [cfc14ffa-491a-4726-bc3e-a200bd182603 port:46219, addresses:[localhost/127.0.0.1]]
2023-11-26T20:43:37.534+0300 [DEBUG] [org.gradle.launcher.daemon.server.DaemonRegistryUpdater] Advertised daemon context: DefaultDaemonContext[uid=1e39bba0-2495-4d90-9eea-3834b23a1cca,javaHome=/opt/android-studio-canary/jbr,daemonRegistryDir=/mnt/code/AS/SeverDroneClient/daemon,pid=166503,idleTimeout=10800000,priority=NORMAL,daemonOpts=--add-opens=java.base/java.util=ALL-UNNAMED,--add-opens=java.base/java.lang=ALL-UNNAMED,--add-opens=java.base/java.lang.invoke=ALL-UNNAMED,--add-opens=java.prefs/java.util.prefs=ALL-UNNAMED,--add-opens=java.base/java.nio.charset=ALL-UNNAMED,--add-opens=java.base/java.net=ALL-UNNAMED,--add-opens=java.base/java.util.concurrent.atomic=ALL-UNNAMED,-Xmx2048m,-Dfile.encoding=UTF-8,-Duser.country=US,-Duser.language=en,-Duser.variant]
2023-11-26T20:43:37.535+0300 [DEBUG] [org.gradle.launcher.daemon.registry.PersistentDaemonRegistry] Storing daemon address: [cfc14ffa-491a-4726-bc3e-a200bd182603 port:46219, addresses:[localhost/127.0.0.1]], context: DefaultDaemonContext[uid=1e39bba0-2495-4d90-9eea-3834b23a1cca,javaHome=/opt/android-studio-canary/jbr,daemonRegistryDir=/mnt/code/AS/SeverDroneClient/daemon,pid=166503,idleTimeout=10800000,priority=NORMAL,daemonOpts=--add-opens=java.base/java.util=ALL-UNNAMED,--add-opens=java.base/java.lang=ALL-UNNAMED,--add-opens=java.base/java.lang.invoke=ALL-UNNAMED,--add-opens=java.prefs/java.util.prefs=ALL-UNNAMED,--add-opens=java.base/java.nio.charset=ALL-UNNAMED,--add-opens=java.base/java.net=ALL-UNNAMED,--add-opens=java.base/java.util.concurrent.atomic=ALL-UNNAMED,-Xmx2048m,-Dfile.encoding=UTF-8,-Duser.country=US,-Duser.language=en,-Duser.variant]
2023-11-26T20:43:37.542+0300 [DEBUG] [org.gradle.cache.internal.DefaultFileLockManager] Waiting to acquire exclusive lock on daemon addresses registry.
2023-11-26T20:43:37.545+0300 [DEBUG] [org.gradle.cache.internal.DefaultFileLockManager] Lock acquired on daemon addresses registry.
2023-11-26T20:43:37.548+0300 [DEBUG] [org.gradle.cache.internal.DefaultFileLockManager] Releasing lock on daemon addresses registry.
2023-11-26T20:43:37.549+0300 [LIFECYCLE] [org.gradle.launcher.daemon.server.Daemon] Daemon server started.
2023-11-26T20:43:37.550+0300 [DEBUG] [org.gradle.launcher.daemon.bootstrap.DaemonStartupCommunication] Completed writing the daemon greeting. Closing streams...
2023-11-26T20:43:37.553+0300 [DEBUG] [org.gradle.launcher.daemon.server.Daemon] stopOnExpiration() called on daemon
2023-11-26T20:43:37.554+0300 [DEBUG] [org.gradle.launcher.daemon.server.Daemon] awaitExpiration() called on daemon
2023-11-26T20:43:37.555+0300 [DEBUG] [org.gradle.internal.remote.internal.inet.TcpIncomingConnector] Accepted connection from /127.0.0.1:47970 to /127.0.0.1:46219.
2023-11-26T20:43:37.555+0300 [DEBUG] [org.gradle.launcher.daemon.server.DaemonStateCoordinator] daemon is running. Sleeping until state changes.
2023-11-26T20:43:37.571+0300 [DEBUG] [org.gradle.launcher.daemon.server.SynchronizedDispatchConnection] thread 20: received class org.gradle.launcher.daemon.protocol.Build
2023-11-26T20:43:37.571+0300 [DEBUG] [org.gradle.launcher.daemon.server.DefaultDaemonConnection] thread 20: Received non-IO message from client: Build{id=461bf9f3-eb49-4b62-a0b0-3caf8ca20737, currentDir=/mnt/code/AS/KotlinLvl1_2}
2023-11-26T20:43:37.571+0300 [INFO] [org.gradle.launcher.daemon.server.DefaultIncomingConnectionHandler] Received command: Build{id=461bf9f3-eb49-4b62-a0b0-3caf8ca20737, currentDir=/mnt/code/AS/KotlinLvl1_2}.
2023-11-26T20:43:37.572+0300 [DEBUG] [org.gradle.launcher.daemon.server.DefaultIncomingConnectionHandler] Starting executing command: Build{id=461bf9f3-eb49-4b62-a0b0-3caf8ca20737, currentDir=/mnt/code/AS/KotlinLvl1_2} with connection: socket connection from /127.0.0.1:46219 to /127.0.0.1:47970.
2023-11-26T20:43:37.573+0300 [DEBUG] [org.gradle.launcher.daemon.server.DaemonStateCoordinator] Command execution: started DaemonCommandExecution[command = Build{id=461bf9f3-eb49-4b62-a0b0-3caf8ca20737, currentDir=/mnt/code/AS/KotlinLvl1_2}, connection = DefaultDaemonConnection: socket connection from /127.0.0.1:46219 to /127.0.0.1:47970] after 0.0 minutes of idle
2023-11-26T20:43:37.574+0300 [INFO] [org.gradle.launcher.daemon.server.DaemonRegistryUpdater] Marking the daemon as busy, address: [cfc14ffa-491a-4726-bc3e-a200bd182603 port:46219, addresses:[localhost/127.0.0.1]]
2023-11-26T20:43:37.574+0300 [DEBUG] [org.gradle.launcher.daemon.registry.PersistentDaemonRegistry] Marking busy by address: [cfc14ffa-491a-4726-bc3e-a200bd182603 port:46219, addresses:[localhost/127.0.0.1]]
2023-11-26T20:43:37.575+0300 [DEBUG] [org.gradle.cache.internal.DefaultFileLockManager] Waiting to acquire exclusive lock on daemon addresses registry.
2023-11-26T20:43:37.575+0300 [DEBUG] [org.gradle.cache.internal.DefaultFileLockManager] Lock acquired on daemon addresses registry.
2023-11-26T20:43:37.576+0300 [DEBUG] [org.gradle.cache.internal.DefaultFileLockManager] Releasing lock on daemon addresses registry.
2023-11-26T20:43:37.577+0300 [DEBUG] [org.gradle.launcher.daemon.server.DaemonStateCoordinator] resetting idle timer
2023-11-26T20:43:37.577+0300 [DEBUG] [org.gradle.launcher.daemon.server.DaemonStateCoordinator] daemon is running. Sleeping until state changes.
2023-11-26T20:43:37.577+0300 [INFO] [org.gradle.launcher.daemon.server.exec.StartBuildOrRespondWithBusy] Daemon is about to start building Build{id=461bf9f3-eb49-4b62-a0b0-3caf8ca20737, currentDir=/mnt/code/AS/KotlinLvl1_2}. Dispatching build started information...
2023-11-26T20:43:37.578+0300 [DEBUG] [org.gradle.launcher.daemon.server.SynchronizedDispatchConnection] thread 22: dispatching org.gradle.launcher.daemon.protocol.BuildStarted@50ea7231
2023-11-26T20:43:37.579+0300 [DEBUG] [org.gradle.launcher.daemon.server.exec.EstablishBuildEnvironment] Configuring env variables: [PATH, XAUTHORITY, INVOCATION_ID, MOTD_SHOWN, DBUS_SESSION_BUS_ADDRESS, XDG_CURRENT_DESKTOP, JOURNAL_STREAM, QT_AUTO_SCREEN_SCALE_FACTOR, MAIL, LADSPA_PATH, SESSION_MANAGER, LOGNAME, PWD, PAM_KWALLET5_LOGIN, MANAGERPID, XCURSOR_THEME, KDE_SESSION_VERSION, SHELL, QT_SCREEN_SCALE_FACTORS, OLDPWD, CADENCE_AUTO_STARTED, VST_PATH, KDE_FULL_SESSION, GTK_MODULES, XDG_SESSION_PATH, DEBUGINFOD_URLS, DSSI_PATH, SYSTEMD_EXEC_PID, XDG_SESSION_DESKTOP, SHLVL, KDE_APPLICATIONS_AS_SCOPE, MEMORY_PRESSURE_WRITE, MEMORY_PRESSURE_WATCH, KDE_SESSION_UID, XDG_CONFIG_DIRS, LANG, XDG_SEAT_PATH, XDG_SESSION_TYPE, XDG_SESSION_ID, GRADLE_HOME, DISPLAY, GTK_RC_FILES, XDG_SESSION_CLASS, XCURSOR_SIZE, GTK3_MODULES, UBUNTU_MENUPROXY, DESKTOP_SESSION, USER, GTK2_RC_FILES, XDG_SEAT, XDG_RUNTIME_DIR, XDG_VTNR, HOME, LV2_PATH]
2023-11-26T20:43:37.580+0300 [DEBUG] [org.gradle.launcher.daemon.server.SynchronizedDispatchConnection] thread 20: received class org.gradle.launcher.daemon.protocol.CloseInput
2023-11-26T20:43:37.581+0300 [DEBUG] [org.gradle.launcher.daemon.server.DefaultDaemonConnection] thread 20: Received IO message from client: org.gradle.launcher.daemon.protocol.CloseInput@6aeb18af
2023-11-26T20:43:37.582+0300 [DEBUG] [org.gradle.launcher.daemon.server.exec.LogToClient] About to start relaying all logs to the client via the connection.
2023-11-26T20:43:37.583+0300 [INFO] [org.gradle.launcher.daemon.server.exec.LogToClient] The client will now receive all logging from the daemon (pid: 166503). The daemon log file: /mnt/code/AS/SeverDroneClient/daemon/8.0/daemon-166503.out.log
2023-11-26T20:43:37.584+0300 [INFO] [org.gradle.launcher.daemon.server.exec.LogAndCheckHealth] Starting build in new daemon [memory: 2 GiB]
2023-11-26T20:43:37.585+0300 [INFO] [org.gradle.launcher.daemon.server.exec.ForwardClientInput] Closing daemon's stdin at end of input.
2023-11-26T20:43:37.586+0300 [INFO] [org.gradle.launcher.daemon.server.exec.ForwardClientInput] The daemon will no longer process any standard input.
2023-11-26T20:43:37.587+0300 [DEBUG] [org.gradle.launcher.daemon.server.exec.ExecuteBuild] The daemon has started executing the build.
2023-11-26T20:43:37.588+0300 [DEBUG] [org.gradle.launcher.daemon.server.exec.ExecuteBuild] Executing build with daemon context: DefaultDaemonContext[uid=1e39bba0-2495-4d90-9eea-3834b23a1cca,javaHome=/opt/android-studio-canary/jbr,daemonRegistryDir=/mnt/code/AS/SeverDroneClient/daemon,pid=166503,idleTimeout=10800000,priority=NORMAL,daemonOpts=--add-opens=java.base/java.util=ALL-UNNAMED,--add-opens=java.base/java.lang=ALL-UNNAMED,--add-opens=java.base/java.lang.invoke=ALL-UNNAMED,--add-opens=java.prefs/java.util.prefs=ALL-UNNAMED,--add-opens=java.base/java.nio.charset=ALL-UNNAMED,--add-opens=java.base/java.net=ALL-UNNAMED,--add-opens=java.base/java.util.concurrent.atomic=ALL-UNNAMED,-Xmx2048m,-Dfile.encoding=UTF-8,-Duser.country=US,-Duser.language=en,-Duser.variant]
w: file:///mnt/code/AS/KotlinLvl1_2/app/src/main/java/com/pogrom/kotlinlvl1_2/ui/ImageListScreen.kt:91:5 Parameter 'onLoadImg' is never used
w: file:///mnt/code/AS/KotlinLvl1_2/app/src/main/java/com/pogrom/kotlinlvl1_2/ui/ImageListScreen.kt:101:13 Variable 'imgStatus' is never used

BUILD SUCCESSFUL in 52s
32 actionable tasks: 5 executed, 27 up-to-date
2023-11-26T20:44:28.910+0300 [DEBUG] [org.gradle.launcher.daemon.server.exec.ExecuteBuild] The daemon has finished executing the build.
2023-11-26T20:44:28.924+0300 [DEBUG] [org.gradle.launcher.daemon.server.DaemonStateCoordinator] daemon is running. Sleeping until state changes.
2023-11-26T20:44:28.930+0300 [DEBUG] [org.gradle.launcher.daemon.server.DaemonStateCoordinator] Command execution: finished waiting for DaemonCommandExecution[command = Build{id=461bf9f3-eb49-4b62-a0b0-3caf8ca20737, currentDir=/mnt/code/AS/KotlinLvl1_2}, connection = DefaultDaemonConnection: socket connection from /127.0.0.1:46219 to /127.0.0.1:47970]. Result org.gradle.launcher.daemon.server.DaemonStateCoordinator@3d324624 with state Busy
2023-11-26T20:44:28.935+0300 [DEBUG] [org.gradle.launcher.daemon.server.DaemonStateCoordinator] Command execution: completed DaemonCommandExecution[command = Build{id=461bf9f3-eb49-4b62-a0b0-3caf8ca20737, currentDir=/mnt/code/AS/KotlinLvl1_2}, connection = DefaultDaemonConnection: socket connection from /127.0.0.1:46219 to /127.0.0.1:47970]
2023-11-26T20:44:28.939+0300 [DEBUG] [org.gradle.launcher.daemon.server.DaemonStateCoordinator] resetting idle timer
2023-11-26T20:44:28.941+0300 [INFO] [org.gradle.launcher.daemon.server.DaemonRegistryUpdater] Marking the daemon as idle, address: [cfc14ffa-491a-4726-bc3e-a200bd182603 port:46219, addresses:[localhost/127.0.0.1]]
2023-11-26T20:44:28.956+0300 [DEBUG] [org.gradle.launcher.daemon.registry.PersistentDaemonRegistry] Marking busy by address: [cfc14ffa-491a-4726-bc3e-a200bd182603 port:46219, addresses:[localhost/127.0.0.1]]
2023-11-26T20:44:28.961+0300 [DEBUG] [org.gradle.cache.internal.DefaultFileLockManager] Waiting to acquire exclusive lock on daemon addresses registry.
2023-11-26T20:44:28.964+0300 [DEBUG] [org.gradle.cache.internal.DefaultFileLockManager] Lock acquired on daemon addresses registry.
2023-11-26T20:44:28.967+0300 [DEBUG] [org.gradle.cache.internal.DefaultFileLockManager] Releasing lock on daemon addresses registry.
2023-11-26T20:44:28.968+0300 [DEBUG] [org.gradle.launcher.daemon.server.DaemonStateCoordinator] daemon is running. Sleeping until state changes.
2023-11-26T20:44:28.968+0300 [DEBUG] [org.gradle.launcher.daemon.server.exec.ReturnResult] Daemon is dispatching the build result: Success[value=org.gradle.launcher.exec.BuildActionResult@5b308c1]
2023-11-26T20:44:28.970+0300 [DEBUG] [org.gradle.launcher.daemon.server.SynchronizedDispatchConnection] thread 19: dispatching Success[value=org.gradle.launcher.exec.BuildActionResult@5b308c1]
2023-11-26T20:44:28.972+0300 [DEBUG] [org.gradle.launcher.daemon.server.DefaultIncomingConnectionHandler] Finishing executing command: Build{id=461bf9f3-eb49-4b62-a0b0-3caf8ca20737, currentDir=/mnt/code/AS/KotlinLvl1_2}
2023-11-26T20:44:28.973+0300 [DEBUG] [org.gradle.launcher.daemon.server.SynchronizedDispatchConnection] thread 20: received class org.gradle.launcher.daemon.protocol.Finished
2023-11-26T20:44:28.974+0300 [DEBUG] [org.gradle.launcher.daemon.server.DefaultDaemonConnection] thread 20: Received non-IO message from client: org.gradle.launcher.daemon.protocol.Finished@7fc1776b
2023-11-26T20:44:28.976+0300 [DEBUG] [org.gradle.internal.remote.internal.inet.SocketConnection] Discarding EOFException: java.io.EOFException
2023-11-26T20:44:28.976+0300 [DEBUG] [org.gradle.launcher.daemon.server.DefaultIncomingConnectionHandler] Received finished message: org.gradle.launcher.daemon.protocol.Finished@7fc1776b
2023-11-26T20:44:28.977+0300 [DEBUG] [org.gradle.launcher.daemon.server.SynchronizedDispatchConnection] thread 20: received null
2023-11-26T20:44:28.978+0300 [DEBUG] [org.gradle.launcher.daemon.server.SynchronizedDispatchConnection] thread 19: stopping connection
2023-11-26T20:44:28.978+0300 [DEBUG] [org.gradle.launcher.daemon.server.DefaultDaemonConnection] thread 20: Received end-of-input from client.
2023-11-26T20:44:28.979+0300 [DEBUG] [org.gradle.launcher.daemon.server.SynchronizedDispatchConnection] thread 19: stopping connection
2023-11-26T20:44:37.556+0300 [DEBUG] [org.gradle.cache.internal.DefaultFileLockManager] Waiting to acquire shared lock on daemon addresses registry.
2023-11-26T20:44:37.557+0300 [DEBUG] [org.gradle.cache.internal.DefaultFileLockManager] Lock acquired on daemon addresses registry.
2023-11-26T20:44:37.559+0300 [DEBUG] [org.gradle.cache.internal.DefaultFileLockManager] Releasing lock on daemon addresses registry.
2023-11-26T20:44:37.561+0300 [DEBUG] [org.gradle.cache.internal.DefaultFileLockManager] Waiting to acquire shared lock on daemon addresses registry.
2023-11-26T20:44:37.562+0300 [DEBUG] [org.gradle.cache.internal.DefaultFileLockManager] Lock acquired on daemon addresses registry.
2023-11-26T20:44:37.564+0300 [DEBUG] [org.gradle.cache.internal.DefaultFileLockManager] Releasing lock on daemon addresses registry.
2023-11-26T20:44:45.396+0300 [DEBUG] [sun.rmi.transport.tcp] RMI Scheduler(0): close connection, socket: Socket[addr=localhost/127.0.0.1,port=17432,localport=43158]
2023-11-26T20:44:45.445+0300 [DEBUG] [sun.rmi.transport.tcp] RMI Scheduler(0): close connection, socket: Socket[addr=localhost/127.0.0.1,port=17432,localport=57322]
2023-11-26T20:44:46.015+0300 [DEBUG] [sun.rmi.transport.tcp] RMI TCP Connection(1)-127.0.0.1: (port 37745) connection closed
2023-11-26T20:44:46.016+0300 [DEBUG] [sun.rmi.transport.tcp] RMI TCP Connection(1)-127.0.0.1: close connection, socket: Socket[addr=/127.0.0.1,port=35616,localport=37745]
2023-11-26T20:44:46.017+0300 [DEBUG] [sun.rmi.transport.tcp] RMI TCP Connection(1)-127.0.0.1: socket close: Socket[addr=/127.0.0.1,port=35616,localport=37745]
2023-11-26T20:44:47.556+0300 [DEBUG] [org.gradle.cache.internal.DefaultFileLockManager] Waiting to acquire shared lock on daemon addresses registry.
2023-11-26T20:44:47.556+0300 [DEBUG] [org.gradle.cache.internal.DefaultFileLockManager] Lock acquired on daemon addresses registry.
2023-11-26T20:44:47.557+0300 [DEBUG] [org.gradle.cache.internal.DefaultFileLockManager] Releasing lock on daemon addresses registry.
2023-11-26T20:44:47.558+0300 [DEBUG] [org.gradle.cache.internal.DefaultFileLockManager] Waiting to acquire shared lock on daemon addresses registry.
2023-11-26T20:44:47.558+0300 [DEBUG] [org.gradle.cache.internal.DefaultFileLockManager] Lock acquired on daemon addresses registry.
2023-11-26T20:44:47.558+0300 [DEBUG] [org.gradle.cache.internal.DefaultFileLockManager] Releasing lock on daemon addresses registry.
2023-11-26T20:44:47.559+0300 [DEBUG] [org.gradle.cache.internal.DefaultFileLockManager] Waiting to acquire shared lock on daemon addresses registry.
2023-11-26T20:44:47.559+0300 [DEBUG] [org.gradle.cache.internal.DefaultFileLockManager] Lock acquired on daemon addresses registry.
2023-11-26T20:44:47.560+0300 [DEBUG] [org.gradle.cache.internal.DefaultFileLockManager] Releasing lock on daemon addresses registry.
2023-11-26T20:44:57.555+0300 [DEBUG] [org.gradle.cache.internal.DefaultFileLockManager] Waiting to acquire shared lock on daemon addresses registry.
2023-11-26T20:44:57.555+0300 [DEBUG] [org.gradle.cache.internal.DefaultFileLockManager] Lock acquired on daemon addresses registry.
2023-11-26T20:44:57.555+0300 [DEBUG] [org.gradle.cache.internal.DefaultFileLockManager] Releasing lock on daemon addresses registry.
2023-11-26T20:44:57.556+0300 [DEBUG] [org.gradle.cache.internal.DefaultFileLockManager] Waiting to acquire shared lock on daemon addresses registry.
2023-11-26T20:44:57.556+0300 [DEBUG] [org.gradle.cache.internal.DefaultFileLockManager] Lock acquired on daemon addresses registry.
2023-11-26T20:44:57.556+0300 [DEBUG] [org.gradle.cache.internal.DefaultFileLockManager] Releasing lock on daemon addresses registry.
2023-11-26T20:44:57.557+0300 [DEBUG] [org.gradle.cache.internal.DefaultFileLockManager] Waiting to acquire shared lock on daemon addresses registry.
2023-11-26T20:44:57.557+0300 [DEBUG] [org.gradle.cache.internal.DefaultFileLockManager] Lock acquired on daemon addresses registry.
2023-11-26T20:44:57.557+0300 [DEBUG] [org.gradle.cache.internal.DefaultFileLockManager] Releasing lock on daemon addresses registry.
2023-11-26T20:45:07.556+0300 [DEBUG] [org.gradle.cache.internal.DefaultFileLockManager] Waiting to acquire shared lock on daemon addresses registry.
2023-11-26T20:45:07.557+0300 [DEBUG] [org.gradle.cache.internal.DefaultFileLockManager] Lock acquired on daemon addresses registry.
2023-11-26T20:45:07.558+0300 [DEBUG] [org.gradle.cache.internal.DefaultFileLockManager] Releasing lock on daemon addresses registry.
2023-11-26T20:45:07.559+0300 [DEBUG] [org.gradle.cache.internal.DefaultFileLockManager] Waiting to acquire shared lock on daemon addresses registry.
2023-11-26T20:45:07.560+0300 [DEBUG] [org.gradle.cache.internal.DefaultFileLockManager] Lock acquired on daemon addresses registry.
2023-11-26T20:45:07.561+0300 [DEBUG] [org.gradle.cache.internal.DefaultFileLockManager] Releasing lock on daemon addresses registry.
2023-11-26T20:45:07.563+0300 [DEBUG] [org.gradle.cache.internal.DefaultFileLockManager] Waiting to acquire shared lock on daemon addresses registry.
2023-11-26T20:45:07.563+0300 [DEBUG] [org.gradle.cache.internal.DefaultFileLockManager] Lock acquired on daemon addresses registry.
2023-11-26T20:45:07.564+0300 [DEBUG] [org.gradle.cache.internal.DefaultFileLockManager] Releasing lock on daemon addresses registry.
2023-11-26T20:45:17.555+0300 [DEBUG] [org.gradle.cache.internal.DefaultFileLockManager] Waiting to acquire shared lock on daemon addresses registry.
2023-11-26T20:45:17.556+0300 [DEBUG] [org.gradle.cache.internal.DefaultFileLockManager] Lock acquired on daemon addresses registry.
2023-11-26T20:45:17.557+0300 [DEBUG] [org.gradle.cache.internal.DefaultFileLockManager] Releasing lock on daemon addresses registry.
2023-11-26T20:45:17.558+0300 [DEBUG] [org.gradle.cache.internal.DefaultFileLockManager] Waiting to acquire shared lock on daemon addresses registry.
2023-11-26T20:45:17.559+0300 [DEBUG] [org.gradle.cache.internal.DefaultFileLockManager] Lock acquired on daemon addresses registry.
2023-11-26T20:45:17.561+0300 [DEBUG] [org.gradle.cache.internal.DefaultFileLockManager] Releasing lock on daemon addresses registry.
2023-11-26T20:45:17.562+0300 [DEBUG] [org.gradle.cache.internal.DefaultFileLockManager] Waiting to acquire shared lock on daemon addresses registry.
2023-11-26T20:45:17.563+0300 [DEBUG] [org.gradle.cache.internal.DefaultFileLockManager] Lock acquired on daemon addresses registry.
2023-11-26T20:45:17.563+0300 [DEBUG] [org.gradle.cache.internal.DefaultFileLockManager] Releasing lock on daemon addresses registry.
2023-11-26T20:45:27.556+0300 [DEBUG] [org.gradle.cache.internal.DefaultFileLockManager] Waiting to acquire shared lock on daemon addresses registry.
2023-11-26T20:45:27.556+0300 [DEBUG] [org.gradle.cache.internal.DefaultFileLockManager] Lock acquired on daemon addresses registry.
2023-11-26T20:45:27.557+0300 [DEBUG] [org.gradle.cache.internal.DefaultFileLockManager] Releasing lock on daemon addresses registry.
2023-11-26T20:45:27.559+0300 [DEBUG] [org.gradle.cache.internal.DefaultFileLockManager] Waiting to acquire shared lock on daemon addresses registry.
2023-11-26T20:45:27.559+0300 [DEBUG] [org.gradle.cache.internal.DefaultFileLockManager] Lock acquired on daemon addresses registry.
2023-11-26T20:45:27.560+0300 [DEBUG] [org.gradle.cache.internal.DefaultFileLockManager] Releasing lock on daemon addresses registry.
2023-11-26T20:45:27.561+0300 [DEBUG] [org.gradle.cache.internal.DefaultFileLockManager] Waiting to acquire shared lock on daemon addresses registry.
2023-11-26T20:45:27.562+0300 [DEBUG] [org.gradle.cache.internal.DefaultFileLockManager] Lock acquired on daemon addresses registry.
2023-11-26T20:45:27.563+0300 [DEBUG] [org.gradle.cache.internal.DefaultFileLockManager] Releasing lock on daemon addresses registry.
2023-11-26T20:45:37.555+0300 [DEBUG] [org.gradle.cache.internal.DefaultFileLockManager] Waiting to acquire shared lock on daemon addresses registry.
2023-11-26T20:45:37.556+0300 [DEBUG] [org.gradle.cache.internal.DefaultFileLockManager] Lock acquired on daemon addresses registry.
2023-11-26T20:45:37.556+0300 [DEBUG] [org.gradle.cache.internal.DefaultFileLockManager] Releasing lock on daemon addresses registry.
2023-11-26T20:45:37.557+0300 [DEBUG] [org.gradle.cache.internal.DefaultFileLockManager] Waiting to acquire shared lock on daemon addresses registry.
2023-11-26T20:45:37.557+0300 [DEBUG] [org.gradle.cache.internal.DefaultFileLockManager] Lock acquired on daemon addresses registry.
2023-11-26T20:45:37.557+0300 [DEBUG] [org.gradle.cache.internal.DefaultFileLockManager] Releasing lock on daemon addresses registry.
2023-11-26T20:45:37.558+0300 [DEBUG] [org.gradle.cache.internal.DefaultFileLockManager] Waiting to acquire shared lock on daemon addresses registry.
2023-11-26T20:45:37.558+0300 [DEBUG] [org.gradle.cache.internal.DefaultFileLockManager] Lock acquired on daemon addresses registry.
2023-11-26T20:45:37.559+0300 [DEBUG] [org.gradle.cache.internal.DefaultFileLockManager] Releasing lock on daemon addresses registry.
2023-11-26T20:45:47.556+0300 [DEBUG] [org.gradle.cache.internal.DefaultFileLockManager] Waiting to acquire shared lock on daemon addresses registry.
2023-11-26T20:45:47.558+0300 [DEBUG] [org.gradle.cache.internal.DefaultFileLockManager] Lock acquired on daemon addresses registry.
2023-11-26T20:45:47.561+0300 [DEBUG] [org.gradle.cache.internal.DefaultFileLockManager] Releasing lock on daemon addresses registry.
2023-11-26T20:45:47.563+0300 [DEBUG] [org.gradle.cache.internal.DefaultFileLockManager] Waiting to acquire shared lock on daemon addresses registry.
2023-11-26T20:45:47.565+0300 [DEBUG] [org.gradle.cache.internal.DefaultFileLockManager] Lock acquired on daemon addresses registry.
2023-11-26T20:45:47.567+0300 [DEBUG] [org.gradle.cache.internal.DefaultFileLockManager] Releasing lock on daemon addresses registry.
2023-11-26T20:45:47.569+0300 [DEBUG] [org.gradle.cache.internal.DefaultFileLockManager] Waiting to acquire shared lock on daemon addresses registry.
2023-11-26T20:45:47.570+0300 [DEBUG] [org.gradle.cache.internal.DefaultFileLockManager] Lock acquired on daemon addresses registry.
2023-11-26T20:45:47.571+0300 [DEBUG] [org.gradle.cache.internal.DefaultFileLockManager] Releasing lock on daemon addresses registry.
2023-11-26T20:45:57.557+0300 [DEBUG] [org.gradle.cache.internal.DefaultFileLockManager] Waiting to acquire shared lock on daemon addresses registry.
2023-11-26T20:45:57.559+0300 [DEBUG] [org.gradle.cache.internal.DefaultFileLockManager] Lock acquired on daemon addresses registry.
2023-11-26T20:45:57.561+0300 [DEBUG] [org.gradle.cache.internal.DefaultFileLockManager] Releasing lock on daemon addresses registry.
2023-11-26T20:45:57.564+0300 [DEBUG] [org.gradle.cache.internal.DefaultFileLockManager] Waiting to acquire shared lock on daemon addresses registry.
2023-11-26T20:45:57.565+0300 [DEBUG] [org.gradle.cache.internal.DefaultFileLockManager] Lock acquired on daemon addresses registry.
2023-11-26T20:45:57.567+0300 [DEBUG] [org.gradle.cache.internal.DefaultFileLockManager] Releasing lock on daemon addresses registry.
2023-11-26T20:45:57.569+0300 [DEBUG] [org.gradle.cache.internal.DefaultFileLockManager] Waiting to acquire shared lock on daemon addresses registry.
2023-11-26T20:45:57.571+0300 [DEBUG] [org.gradle.cache.internal.DefaultFileLockManager] Lock acquired on daemon addresses registry.
2023-11-26T20:45:57.574+0300 [DEBUG] [org.gradle.cache.internal.DefaultFileLockManager] Releasing lock on daemon addresses registry.
2023-11-26T20:46:07.556+0300 [DEBUG] [org.gradle.cache.internal.DefaultFileLockManager] Waiting to acquire shared lock on daemon addresses registry.
2023-11-26T20:46:07.558+0300 [DEBUG] [org.gradle.cache.internal.DefaultFileLockManager] Lock acquired on daemon addresses registry.
2023-11-26T20:46:07.559+0300 [DEBUG] [org.gradle.cache.internal.DefaultFileLockManager] Releasing lock on daemon addresses registry.
2023-11-26T20:46:07.561+0300 [DEBUG] [org.gradle.cache.internal.DefaultFileLockManager] Waiting to acquire shared lock on daemon addresses registry.
2023-11-26T20:46:07.562+0300 [DEBUG] [org.gradle.cache.internal.DefaultFileLockManager] Lock acquired on daemon addresses registry.
2023-11-26T20:46:07.562+0300 [DEBUG] [org.gradle.cache.internal.DefaultFileLockManager] Releasing lock on daemon addresses registry.
2023-11-26T20:46:07.563+0300 [DEBUG] [org.gradle.cache.internal.DefaultFileLockManager] Waiting to acquire shared lock on daemon addresses registry.
2023-11-26T20:46:07.564+0300 [DEBUG] [org.gradle.cache.internal.DefaultFileLockManager] Lock acquired on daemon addresses registry.
2023-11-26T20:46:07.565+0300 [DEBUG] [org.gradle.cache.internal.DefaultFileLockManager] Releasing lock on daemon addresses registry.
2023-11-26T20:46:17.555+0300 [DEBUG] [org.gradle.cache.internal.DefaultFileLockManager] Waiting to acquire shared lock on daemon addresses registry.
2023-11-26T20:46:17.556+0300 [DEBUG] [org.gradle.cache.internal.DefaultFileLockManager] Lock acquired on daemon addresses registry.
2023-11-26T20:46:17.557+0300 [DEBUG] [org.gradle.cache.internal.DefaultFileLockManager] Releasing lock on daemon addresses registry.
2023-11-26T20:46:17.557+0300 [DEBUG] [org.gradle.cache.internal.DefaultFileLockManager] Waiting to acquire shared lock on daemon addresses registry.
2023-11-26T20:46:17.558+0300 [DEBUG] [org.gradle.cache.internal.DefaultFileLockManager] Lock acquired on daemon addresses registry.
2023-11-26T20:46:17.558+0300 [DEBUG] [org.gradle.cache.internal.DefaultFileLockManager] Releasing lock on daemon addresses registry.
2023-11-26T20:46:17.558+0300 [DEBUG] [org.gradle.cache.internal.DefaultFileLockManager] Waiting to acquire shared lock on daemon addresses registry.
2023-11-26T20:46:17.559+0300 [DEBUG] [org.gradle.cache.internal.DefaultFileLockManager] Lock acquired on daemon addresses registry.
2023-11-26T20:46:17.559+0300 [DEBUG] [org.gradle.cache.internal.DefaultFileLockManager] Releasing lock on daemon addresses registry.
2023-11-26T20:46:27.555+0300 [DEBUG] [org.gradle.cache.internal.DefaultFileLockManager] Waiting to acquire shared lock on daemon addresses registry.
2023-11-26T20:46:27.556+0300 [DEBUG] [org.gradle.cache.internal.DefaultFileLockManager] Lock acquired on daemon addresses registry.
2023-11-26T20:46:27.556+0300 [DEBUG] [org.gradle.cache.internal.DefaultFileLockManager] Releasing lock on daemon addresses registry.
2023-11-26T20:46:27.557+0300 [DEBUG] [org.gradle.cache.internal.DefaultFileLockManager] Waiting to acquire shared lock on daemon addresses registry.
2023-11-26T20:46:27.557+0300 [DEBUG] [org.gradle.cache.internal.DefaultFileLockManager] Lock acquired on daemon addresses registry.
2023-11-26T20:46:27.557+0300 [DEBUG] [org.gradle.cache.internal.DefaultFileLockManager] Releasing lock on daemon addresses registry.
2023-11-26T20:46:27.557+0300 [DEBUG] [org.gradle.cache.internal.DefaultFileLockManager] Waiting to acquire shared lock on daemon addresses registry.
2023-11-26T20:46:27.558+0300 [DEBUG] [org.gradle.cache.internal.DefaultFileLockManager] Lock acquired on daemon addresses registry.
2023-11-26T20:46:27.558+0300 [DEBUG] [org.gradle.cache.internal.DefaultFileLockManager] Releasing lock on daemon addresses registry.
2023-11-26T20:46:37.556+0300 [DEBUG] [org.gradle.cache.internal.DefaultFileLockManager] Waiting to acquire shared lock on daemon addresses registry.
2023-11-26T20:46:37.556+0300 [DEBUG] [org.gradle.cache.internal.DefaultFileLockManager] Lock acquired on daemon addresses registry.
2023-11-26T20:46:37.558+0300 [DEBUG] [org.gradle.cache.internal.DefaultFileLockManager] Releasing lock on daemon addresses registry.
2023-11-26T20:46:37.558+0300 [DEBUG] [org.gradle.cache.internal.DefaultFileLockManager] Waiting to acquire shared lock on daemon addresses registry.
2023-11-26T20:46:37.559+0300 [DEBUG] [org.gradle.cache.internal.DefaultFileLockManager] Lock acquired on daemon addresses registry.
2023-11-26T20:46:37.559+0300 [DEBUG] [org.gradle.cache.internal.DefaultFileLockManager] Releasing lock on daemon addresses registry.
2023-11-26T20:46:37.560+0300 [DEBUG] [org.gradle.cache.internal.DefaultFileLockManager] Waiting to acquire shared lock on daemon addresses registry.
2023-11-26T20:46:37.561+0300 [DEBUG] [org.gradle.cache.internal.DefaultFileLockManager] Lock acquired on daemon addresses registry.
2023-11-26T20:46:37.561+0300 [DEBUG] [org.gradle.cache.internal.DefaultFileLockManager] Releasing lock on daemon addresses registry.
2023-11-26T20:46:47.556+0300 [DEBUG] [org.gradle.cache.internal.DefaultFileLockManager] Waiting to acquire shared lock on daemon addresses registry.
2023-11-26T20:46:47.557+0300 [DEBUG] [org.gradle.cache.internal.DefaultFileLockManager] Lock acquired on daemon addresses registry.
2023-11-26T20:46:47.558+0300 [DEBUG] [org.gradle.cache.internal.DefaultFileLockManager] Releasing lock on daemon addresses registry.
2023-11-26T20:46:47.559+0300 [DEBUG] [org.gradle.cache.internal.DefaultFileLockManager] Waiting to acquire shared lock on daemon addresses registry.
2023-11-26T20:46:47.560+0300 [DEBUG] [org.gradle.cache.internal.DefaultFileLockManager] Lock acquired on daemon addresses registry.
2023-11-26T20:46:47.560+0300 [DEBUG] [org.gradle.cache.internal.DefaultFileLockManager] Releasing lock on daemon addresses registry.
2023-11-26T20:46:47.561+0300 [DEBUG] [org.gradle.cache.internal.DefaultFileLockManager] Waiting to acquire shared lock on daemon addresses registry.
2023-11-26T20:46:47.562+0300 [DEBUG] [org.gradle.cache.internal.DefaultFileLockManager] Lock acquired on daemon addresses registry.
2023-11-26T20:46:47.563+0300 [DEBUG] [org.gradle.cache.internal.DefaultFileLockManager] Releasing lock on daemon addresses registry.
2023-11-26T20:46:54.352+0300 [DEBUG] [org.gradle.process.internal.health.memory.DefaultMemoryManager] 1670381158 memory requested, 1490731008 free
2023-11-26T20:46:54.353+0300 [DEBUG] [org.gradle.workers.internal.WorkerDaemonExpiration] Will attempt to release 1592 of memory
2023-11-26T20:46:54.488+0300 [DEBUG] [org.gradle.process.internal.health.memory.DefaultMemoryManager] 1670381158 memory requested, 0 released, 1490731008 free
2023-11-26T20:46:57.557+0300 [DEBUG] [org.gradle.cache.internal.DefaultFileLockManager] Waiting to acquire shared lock on daemon addresses registry.
2023-11-26T20:46:57.557+0300 [DEBUG] [org.gradle.cache.internal.DefaultFileLockManager] Lock acquired on daemon addresses registry.
2023-11-26T20:46:57.567+0300 [DEBUG] [org.gradle.cache.internal.DefaultFileLockManager] Releasing lock on daemon addresses registry.
2023-11-26T20:46:57.568+0300 [DEBUG] [org.gradle.cache.internal.DefaultFileLockManager] Waiting to acquire shared lock on daemon addresses registry.
2023-11-26T20:46:57.568+0300 [DEBUG] [org.gradle.cache.internal.DefaultFileLockManager] Lock acquired on daemon addresses registry.
2023-11-26T20:46:57.569+0300 [DEBUG] [org.gradle.cache.internal.DefaultFileLockManager] Releasing lock on daemon addresses registry.
2023-11-26T20:46:57.570+0300 [DEBUG] [org.gradle.cache.internal.DefaultFileLockManager] Waiting to acquire shared lock on daemon addresses registry.
2023-11-26T20:46:57.570+0300 [DEBUG] [org.gradle.cache.internal.DefaultFileLockManager] Lock acquired on daemon addresses registry.
2023-11-26T20:46:57.571+0300 [DEBUG] [org.gradle.cache.internal.DefaultFileLockManager] Releasing lock on daemon addresses registry.
2023-11-26T20:46:59.353+0300 [DEBUG] [org.gradle.process.internal.health.memory.DefaultMemoryManager] 1670381158 memory requested, 1266573312 free
2023-11-26T20:46:59.354+0300 [DEBUG] [org.gradle.workers.internal.WorkerDaemonExpiration] Will attempt to release 1592 of memory
2023-11-26T20:46:59.354+0300 [DEBUG] [org.gradle.process.internal.health.memory.DefaultMemoryManager] 1670381158 memory requested, 0 released, 1266573312 free
2023-11-26T20:47:04.352+0300 [DEBUG] [org.gradle.process.internal.health.memory.DefaultMemoryManager] 1670381158 memory requested, 1256865792 free
2023-11-26T20:47:04.353+0300 [DEBUG] [org.gradle.workers.internal.WorkerDaemonExpiration] Will attempt to release 1592 of memory
2023-11-26T20:47:04.353+0300 [DEBUG] [org.gradle.process.internal.health.memory.DefaultMemoryManager] 1670381158 memory requested, 0 released, 1256865792 free
2023-11-26T20:47:07.555+0300 [DEBUG] [org.gradle.cache.internal.DefaultFileLockManager] Waiting to acquire shared lock on daemon addresses registry.
2023-11-26T20:47:07.556+0300 [DEBUG] [org.gradle.cache.internal.DefaultFileLockManager] Lock acquired on daemon addresses registry.
2023-11-26T20:47:07.557+0300 [DEBUG] [org.gradle.cache.internal.DefaultFileLockManager] Releasing lock on daemon addresses registry.
2023-11-26T20:47:07.558+0300 [DEBUG] [org.gradle.cache.internal.DefaultFileLockManager] Waiting to acquire shared lock on daemon addresses registry.
2023-11-26T20:47:07.558+0300 [DEBUG] [org.gradle.cache.internal.DefaultFileLockManager] Lock acquired on daemon addresses registry.
2023-11-26T20:47:07.559+0300 [DEBUG] [org.gradle.cache.internal.DefaultFileLockManager] Releasing lock on daemon addresses registry.
2023-11-26T20:47:07.561+0300 [DEBUG] [org.gradle.cache.internal.DefaultFileLockManager] Waiting to acquire shared lock on daemon addresses registry.
2023-11-26T20:47:07.561+0300 [DEBUG] [org.gradle.cache.internal.DefaultFileLockManager] Lock acquired on daemon addresses registry.
2023-11-26T20:47:07.562+0300 [DEBUG] [org.gradle.cache.internal.DefaultFileLockManager] Releasing lock on daemon addresses registry.
2023-11-26T20:47:09.352+0300 [DEBUG] [org.gradle.process.internal.health.memory.DefaultMemoryManager] 1670381158 memory requested, 1293160448 free
2023-11-26T20:47:09.353+0300 [DEBUG] [org.gradle.workers.internal.WorkerDaemonExpiration] Will attempt to release 1592 of memory
2023-11-26T20:47:09.353+0300 [DEBUG] [org.gradle.process.internal.health.memory.DefaultMemoryManager] 1670381158 memory requested, 0 released, 1293160448 free
2023-11-26T20:47:14.353+0300 [DEBUG] [org.gradle.process.internal.health.memory.DefaultMemoryManager] 1670381158 memory requested, 1276125184 free
2023-11-26T20:47:14.354+0300 [DEBUG] [org.gradle.workers.internal.WorkerDaemonExpiration] Will attempt to release 1592 of memory
2023-11-26T20:47:14.354+0300 [DEBUG] [org.gradle.process.internal.health.memory.DefaultMemoryManager] 1670381158 memory requested, 0 released, 1276125184 free
2023-11-26T20:47:17.554+0300 [DEBUG] [org.gradle.cache.internal.DefaultFileLockManager] Waiting to acquire shared lock on daemon addresses registry.
2023-11-26T20:47:17.555+0300 [DEBUG] [org.gradle.cache.internal.DefaultFileLockManager] Lock acquired on daemon addresses registry.
2023-11-26T20:47:17.556+0300 [DEBUG] [org.gradle.cache.internal.DefaultFileLockManager] Releasing lock on daemon addresses registry.
2023-11-26T20:47:17.556+0300 [DEBUG] [org.gradle.cache.internal.DefaultFileLockManager] Waiting to acquire shared lock on daemon addresses registry.
2023-11-26T20:47:17.557+0300 [DEBUG] [org.gradle.cache.internal.DefaultFileLockManager] Lock acquired on daemon addresses registry.
2023-11-26T20:47:17.557+0300 [DEBUG] [org.gradle.cache.internal.DefaultFileLockManager] Releasing lock on daemon addresses registry.
2023-11-26T20:47:17.558+0300 [DEBUG] [org.gradle.cache.internal.DefaultFileLockManager] Waiting to acquire shared lock on daemon addresses registry.
2023-11-26T20:47:17.558+0300 [DEBUG] [org.gradle.cache.internal.DefaultFileLockManager] Lock acquired on daemon addresses registry.
2023-11-26T20:47:17.558+0300 [DEBUG] [org.gradle.cache.internal.DefaultFileLockManager] Releasing lock on daemon addresses registry.
2023-11-26T20:47:19.352+0300 [DEBUG] [org.gradle.process.internal.health.memory.DefaultMemoryManager] 1670381158 memory requested, 1269628928 free
2023-11-26T20:47:19.353+0300 [DEBUG] [org.gradle.workers.internal.WorkerDaemonExpiration] Will attempt to release 1592 of memory
2023-11-26T20:47:19.353+0300 [DEBUG] [org.gradle.process.internal.health.memory.DefaultMemoryManager] 1670381158 memory requested, 0 released, 1269628928 free
2023-11-26T20:47:24.352+0300 [DEBUG] [org.gradle.process.internal.health.memory.DefaultMemoryManager] 1670381158 memory requested, 1274056704 free
2023-11-26T20:47:24.354+0300 [DEBUG] [org.gradle.workers.internal.WorkerDaemonExpiration] Will attempt to release 1592 of memory
2023-11-26T20:47:24.354+0300 [DEBUG] [org.gradle.process.internal.health.memory.DefaultMemoryManager] 1670381158 memory requested, 0 released, 1274056704 free
2023-11-26T20:47:27.556+0300 [DEBUG] [org.gradle.cache.internal.DefaultFileLockManager] Waiting to acquire shared lock on daemon addresses registry.
2023-11-26T20:47:27.556+0300 [DEBUG] [org.gradle.cache.internal.DefaultFileLockManager] Lock acquired on daemon addresses registry.
2023-11-26T20:47:27.557+0300 [DEBUG] [org.gradle.cache.internal.DefaultFileLockManager] Releasing lock on daemon addresses registry.
2023-11-26T20:47:27.557+0300 [DEBUG] [org.gradle.cache.internal.DefaultFileLockManager] Waiting to acquire shared lock on daemon addresses registry.
2023-11-26T20:47:27.558+0300 [DEBUG] [org.gradle.cache.internal.DefaultFileLockManager] Lock acquired on daemon addresses registry.
2023-11-26T20:47:27.558+0300 [DEBUG] [org.gradle.cache.internal.DefaultFileLockManager] Releasing lock on daemon addresses registry.
2023-11-26T20:47:27.559+0300 [DEBUG] [org.gradle.cache.internal.DefaultFileLockManager] Waiting to acquire shared lock on daemon addresses registry.
2023-11-26T20:47:27.559+0300 [DEBUG] [org.gradle.cache.internal.DefaultFileLockManager] Lock acquired on daemon addresses registry.
2023-11-26T20:47:27.560+0300 [DEBUG] [org.gradle.cache.internal.DefaultFileLockManager] Releasing lock on daemon addresses registry.
2023-11-26T20:47:29.353+0300 [DEBUG] [org.gradle.process.internal.health.memory.DefaultMemoryManager] 1670381158 memory requested, 1267613696 free
2023-11-26T20:47:29.354+0300 [DEBUG] [org.gradle.workers.internal.WorkerDaemonExpiration] Will attempt to release 1592 of memory
2023-11-26T20:47:29.354+0300 [DEBUG] [org.gradle.process.internal.health.memory.DefaultMemoryManager] 1670381158 memory requested, 0 released, 1267613696 free
2023-11-26T20:47:34.353+0300 [DEBUG] [org.gradle.process.internal.health.memory.DefaultMemoryManager] 1670381158 memory requested, 1264271360 free
2023-11-26T20:47:34.355+0300 [DEBUG] [org.gradle.workers.internal.WorkerDaemonExpiration] Will attempt to release 1592 of memory
2023-11-26T20:47:34.357+0300 [DEBUG] [org.gradle.process.internal.health.memory.DefaultMemoryManager] 1670381158 memory requested, 0 released, 1264271360 free
2023-11-26T20:47:37.554+0300 [DEBUG] [org.gradle.cache.internal.DefaultFileLockManager] Waiting to acquire shared lock on daemon addresses registry.
2023-11-26T20:47:37.555+0300 [DEBUG] [org.gradle.cache.internal.DefaultFileLockManager] Lock acquired on daemon addresses registry.
2023-11-26T20:47:37.555+0300 [DEBUG] [org.gradle.cache.internal.DefaultFileLockManager] Releasing lock on daemon addresses registry.
2023-11-26T20:47:37.556+0300 [DEBUG] [org.gradle.cache.internal.DefaultFileLockManager] Waiting to acquire shared lock on daemon addresses registry.
2023-11-26T20:47:37.556+0300 [DEBUG] [org.gradle.cache.internal.DefaultFileLockManager] Lock acquired on daemon addresses registry.
2023-11-26T20:47:37.556+0300 [DEBUG] [org.gradle.cache.internal.DefaultFileLockManager] Releasing lock on daemon addresses registry.
2023-11-26T20:47:37.557+0300 [DEBUG] [org.gradle.cache.internal.DefaultFileLockManager] Waiting to acquire shared lock on daemon addresses registry.
2023-11-26T20:47:37.557+0300 [DEBUG] [org.gradle.cache.internal.DefaultFileLockManager] Lock acquired on daemon addresses registry.
2023-11-26T20:47:37.558+0300 [DEBUG] [org.gradle.cache.internal.DefaultFileLockManager] Releasing lock on daemon addresses registry.
2023-11-26T20:47:39.353+0300 [DEBUG] [org.gradle.process.internal.health.memory.DefaultMemoryManager] 1670381158 memory requested, 1251930112 free
2023-11-26T20:47:39.353+0300 [DEBUG] [org.gradle.workers.internal.WorkerDaemonExpiration] Will attempt to release 1592 of memory
2023-11-26T20:47:39.354+0300 [DEBUG] [org.gradle.process.internal.health.memory.DefaultMemoryManager] 1670381158 memory requested, 0 released, 1251930112 free
2023-11-26T20:47:44.353+0300 [DEBUG] [org.gradle.process.internal.health.memory.DefaultMemoryManager] 1670381158 memory requested, 1265754112 free
2023-11-26T20:47:44.355+0300 [DEBUG] [org.gradle.workers.internal.WorkerDaemonExpiration] Will attempt to release 1592 of memory
2023-11-26T20:47:44.356+0300 [DEBUG] [org.gradle.process.internal.health.memory.DefaultMemoryManager] 1670381158 memory requested, 0 released, 1265754112 free
2023-11-26T20:47:47.555+0300 [DEBUG] [org.gradle.cache.internal.DefaultFileLockManager] Waiting to acquire shared lock on daemon addresses registry.
2023-11-26T20:47:47.556+0300 [DEBUG] [org.gradle.cache.internal.DefaultFileLockManager] Lock acquired on daemon addresses registry.
2023-11-26T20:47:47.556+0300 [DEBUG] [org.gradle.cache.internal.DefaultFileLockManager] Releasing lock on daemon addresses registry.
2023-11-26T20:47:47.557+0300 [DEBUG] [org.gradle.cache.internal.DefaultFileLockManager] Waiting to acquire shared lock on daemon addresses registry.
2023-11-26T20:47:47.558+0300 [DEBUG] [org.gradle.cache.internal.DefaultFileLockManager] Lock acquired on daemon addresses registry.
2023-11-26T20:47:47.558+0300 [DEBUG] [org.gradle.cache.internal.DefaultFileLockManager] Releasing lock on daemon addresses registry.
2023-11-26T20:47:47.559+0300 [DEBUG] [org.gradle.cache.internal.DefaultFileLockManager] Waiting to acquire shared lock on daemon addresses registry.
2023-11-26T20:47:47.560+0300 [DEBUG] [org.gradle.cache.internal.DefaultFileLockManager] Lock acquired on daemon addresses registry.
2023-11-26T20:47:47.560+0300 [DEBUG] [org.gradle.cache.internal.DefaultFileLockManager] Releasing lock on daemon addresses registry.
2023-11-26T20:47:49.352+0300 [DEBUG] [org.gradle.process.internal.health.memory.DefaultMemoryManager] 1670381158 memory requested, 1262645248 free
2023-11-26T20:47:49.352+0300 [DEBUG] [org.gradle.workers.internal.WorkerDaemonExpiration] Will attempt to release 1592 of memory
2023-11-26T20:47:49.353+0300 [DEBUG] [org.gradle.process.internal.health.memory.DefaultMemoryManager] 1670381158 memory requested, 0 released, 1262645248 free
2023-11-26T20:47:54.352+0300 [DEBUG] [org.gradle.process.internal.health.memory.DefaultMemoryManager] 1670381158 memory requested, 1249357824 free
2023-11-26T20:47:54.353+0300 [DEBUG] [org.gradle.workers.internal.WorkerDaemonExpiration] Will attempt to release 1592 of memory
2023-11-26T20:47:54.353+0300 [DEBUG] [org.gradle.process.internal.health.memory.DefaultMemoryManager] 1670381158 memory requested, 0 released, 1249357824 free
2023-11-26T20:47:57.555+0300 [DEBUG] [org.gradle.cache.internal.DefaultFileLockManager] Waiting to acquire shared lock on daemon addresses registry.
2023-11-26T20:47:57.556+0300 [DEBUG] [org.gradle.cache.internal.DefaultFileLockManager] Lock acquired on daemon addresses registry.
2023-11-26T20:47:57.557+0300 [DEBUG] [org.gradle.cache.internal.DefaultFileLockManager] Releasing lock on daemon addresses registry.
2023-11-26T20:47:57.558+0300 [DEBUG] [org.gradle.cache.internal.DefaultFileLockManager] Waiting to acquire shared lock on daemon addresses registry.
2023-11-26T20:47:57.559+0300 [DEBUG] [org.gradle.cache.internal.DefaultFileLockManager] Lock acquired on daemon addresses registry.
2023-11-26T20:47:57.559+0300 [DEBUG] [org.gradle.cache.internal.DefaultFileLockManager] Releasing lock on daemon addresses registry.
2023-11-26T20:47:57.560+0300 [DEBUG] [org.gradle.cache.internal.DefaultFileLockManager] Waiting to acquire shared lock on daemon addresses registry.
2023-11-26T20:47:57.560+0300 [DEBUG] [org.gradle.cache.internal.DefaultFileLockManager] Lock acquired on daemon addresses registry.
2023-11-26T20:47:57.561+0300 [DEBUG] [org.gradle.cache.internal.DefaultFileLockManager] Releasing lock on daemon addresses registry.
2023-11-26T20:47:59.353+0300 [DEBUG] [org.gradle.process.internal.health.memory.DefaultMemoryManager] 1670381158 memory requested, 1223634944 free
2023-11-26T20:47:59.356+0300 [DEBUG] [org.gradle.workers.internal.WorkerDaemonExpiration] Will attempt to release 1592 of memory
2023-11-26T20:47:59.358+0300 [DEBUG] [org.gradle.process.internal.health.memory.DefaultMemoryManager] 1670381158 memory requested, 0 released, 1223634944 free
2023-11-26T20:48:04.353+0300 [DEBUG] [org.gradle.process.internal.health.memory.DefaultMemoryManager] 1670381158 memory requested, 1208193024 free
2023-11-26T20:48:04.353+0300 [DEBUG] [org.gradle.workers.internal.WorkerDaemonExpiration] Will attempt to release 1592 of memory
2023-11-26T20:48:04.353+0300 [DEBUG] [org.gradle.process.internal.health.memory.DefaultMemoryManager] 1670381158 memory requested, 0 released, 1208193024 free
2023-11-26T20:48:07.556+0300 [DEBUG] [org.gradle.cache.internal.DefaultFileLockManager] Waiting to acquire shared lock on daemon addresses registry.
2023-11-26T20:48:07.558+0300 [DEBUG] [org.gradle.cache.internal.DefaultFileLockManager] Lock acquired on daemon addresses registry.
2023-11-26T20:48:07.560+0300 [DEBUG] [org.gradle.cache.internal.DefaultFileLockManager] Releasing lock on daemon addresses registry.
2023-11-26T20:48:07.563+0300 [DEBUG] [org.gradle.cache.internal.DefaultFileLockManager] Waiting to acquire shared lock on daemon addresses registry.
2023-11-26T20:48:07.565+0300 [DEBUG] [org.gradle.cache.internal.DefaultFileLockManager] Lock acquired on daemon addresses registry.
2023-11-26T20:48:07.567+0300 [DEBUG] [org.gradle.cache.internal.DefaultFileLockManager] Releasing lock on daemon addresses registry.
2023-11-26T20:48:07.569+0300 [DEBUG] [org.gradle.cache.internal.DefaultFileLockManager] Waiting to acquire shared lock on daemon addresses registry.
2023-11-26T20:48:07.570+0300 [DEBUG] [org.gradle.cache.internal.DefaultFileLockManager] Lock acquired on daemon addresses registry.
2023-11-26T20:48:07.573+0300 [DEBUG] [org.gradle.cache.internal.DefaultFileLockManager] Releasing lock on daemon addresses registry.
2023-11-26T20:48:09.352+0300 [DEBUG] [org.gradle.process.internal.health.memory.DefaultMemoryManager] 1670381158 memory requested, 1206910976 free
2023-11-26T20:48:09.353+0300 [DEBUG] [org.gradle.workers.internal.WorkerDaemonExpiration] Will attempt to release 1592 of memory
2023-11-26T20:48:09.353+0300 [DEBUG] [org.gradle.process.internal.health.memory.DefaultMemoryManager] 1670381158 memory requested, 0 released, 1206910976 free
2023-11-26T20:48:14.353+0300 [DEBUG] [org.gradle.process.internal.health.memory.DefaultMemoryManager] 1670381158 memory requested, 1202135040 free
2023-11-26T20:48:14.355+0300 [DEBUG] [org.gradle.workers.internal.WorkerDaemonExpiration] Will attempt to release 1592 of memory
2023-11-26T20:48:14.357+0300 [DEBUG] [org.gradle.process.internal.health.memory.DefaultMemoryManager] 1670381158 memory requested, 0 released, 1202135040 free
2023-11-26T20:48:17.554+0300 [DEBUG] [org.gradle.cache.internal.DefaultFileLockManager] Waiting to acquire shared lock on daemon addresses registry.
2023-11-26T20:48:17.555+0300 [DEBUG] [org.gradle.cache.internal.DefaultFileLockManager] Lock acquired on daemon addresses registry.
2023-11-26T20:48:17.556+0300 [DEBUG] [org.gradle.cache.internal.DefaultFileLockManager] Releasing lock on daemon addresses registry.
2023-11-26T20:48:17.557+0300 [DEBUG] [org.gradle.cache.internal.DefaultFileLockManager] Waiting to acquire shared lock on daemon addresses registry.
2023-11-26T20:48:17.557+0300 [DEBUG] [org.gradle.cache.internal.DefaultFileLockManager] Lock acquired on daemon addresses registry.
2023-11-26T20:48:17.558+0300 [DEBUG] [org.gradle.cache.internal.DefaultFileLockManager] Releasing lock on daemon addresses registry.
2023-11-26T20:48:17.558+0300 [DEBUG] [org.gradle.cache.internal.DefaultFileLockManager] Waiting to acquire shared lock on daemon addresses registry.
2023-11-26T20:48:17.559+0300 [DEBUG] [org.gradle.cache.internal.DefaultFileLockManager] Lock acquired on daemon addresses registry.
2023-11-26T20:48:17.559+0300 [DEBUG] [org.gradle.cache.internal.DefaultFileLockManager] Releasing lock on daemon addresses registry.
2023-11-26T20:48:19.352+0300 [DEBUG] [org.gradle.process.internal.health.memory.DefaultMemoryManager] 1670381158 memory requested, 1202958336 free
2023-11-26T20:48:19.353+0300 [DEBUG] [org.gradle.workers.internal.WorkerDaemonExpiration] Will attempt to release 1592 of memory
2023-11-26T20:48:19.353+0300 [DEBUG] [org.gradle.process.internal.health.memory.DefaultMemoryManager] 1670381158 memory requested, 0 released, 1202958336 free
2023-11-26T20:48:24.352+0300 [DEBUG] [org.gradle.process.internal.health.memory.DefaultMemoryManager] 1670381158 memory requested, 1195540480 free
2023-11-26T20:48:24.353+0300 [DEBUG] [org.gradle.workers.internal.WorkerDaemonExpiration] Will attempt to release 1592 of memory
2023-11-26T20:48:24.354+0300 [DEBUG] [org.gradle.process.internal.health.memory.DefaultMemoryManager] 1670381158 memory requested, 0 released, 1195540480 free
2023-11-26T20:48:27.555+0300 [DEBUG] [org.gradle.cache.internal.DefaultFileLockManager] Waiting to acquire shared lock on daemon addresses registry.
2023-11-26T20:48:27.555+0300 [DEBUG] [org.gradle.cache.internal.DefaultFileLockManager] Lock acquired on daemon addresses registry.
2023-11-26T20:48:27.556+0300 [DEBUG] [org.gradle.cache.internal.DefaultFileLockManager] Releasing lock on daemon addresses registry.
2023-11-26T20:48:27.557+0300 [DEBUG] [org.gradle.cache.internal.DefaultFileLockManager] Waiting to acquire shared lock on daemon addresses registry.
2023-11-26T20:48:27.557+0300 [DEBUG] [org.gradle.cache.internal.DefaultFileLockManager] Lock acquired on daemon addresses registry.
2023-11-26T20:48:27.558+0300 [DEBUG] [org.gradle.cache.internal.DefaultFileLockManager] Releasing lock on daemon addresses registry.
2023-11-26T20:48:27.559+0300 [DEBUG] [org.gradle.cache.internal.DefaultFileLockManager] Waiting to acquire shared lock on daemon addresses registry.
2023-11-26T20:48:27.559+0300 [DEBUG] [org.gradle.cache.internal.DefaultFileLockManager] Lock acquired on daemon addresses registry.
2023-11-26T20:48:27.560+0300 [DEBUG] [org.gradle.cache.internal.DefaultFileLockManager] Releasing lock on daemon addresses registry.
2023-11-26T20:48:29.353+0300 [DEBUG] [org.gradle.process.internal.health.memory.DefaultMemoryManager] 1670381158 memory requested, 1191542784 free
2023-11-26T20:48:29.354+0300 [DEBUG] [org.gradle.workers.internal.WorkerDaemonExpiration] Will attempt to release 1592 of memory
2023-11-26T20:48:29.354+0300 [DEBUG] [org.gradle.process.internal.health.memory.DefaultMemoryManager] 1670381158 memory requested, 0 released, 1191542784 free
2023-11-26T20:48:34.353+0300 [DEBUG] [org.gradle.process.internal.health.memory.DefaultMemoryManager] 1670381158 memory requested, 1221881856 free
2023-11-26T20:48:34.353+0300 [DEBUG] [org.gradle.workers.internal.WorkerDaemonExpiration] Will attempt to release 1592 of memory
2023-11-26T20:48:34.353+0300 [DEBUG] [org.gradle.process.internal.health.memory.DefaultMemoryManager] 1670381158 memory requested, 0 released, 1221881856 free
2023-11-26T20:48:37.554+0300 [DEBUG] [org.gradle.cache.internal.DefaultFileLockManager] Waiting to acquire shared lock on daemon addresses registry.
2023-11-26T20:48:37.555+0300 [DEBUG] [org.gradle.cache.internal.DefaultFileLockManager] Lock acquired on daemon addresses registry.
2023-11-26T20:48:37.556+0300 [DEBUG] [org.gradle.cache.internal.DefaultFileLockManager] Releasing lock on daemon addresses registry.
2023-11-26T20:48:37.557+0300 [DEBUG] [org.gradle.cache.internal.DefaultFileLockManager] Waiting to acquire shared lock on daemon addresses registry.
2023-11-26T20:48:37.557+0300 [DEBUG] [org.gradle.cache.internal.DefaultFileLockManager] Lock acquired on daemon addresses registry.
2023-11-26T20:48:37.558+0300 [DEBUG] [org.gradle.cache.internal.DefaultFileLockManager] Releasing lock on daemon addresses registry.
2023-11-26T20:48:37.558+0300 [DEBUG] [org.gradle.cache.internal.DefaultFileLockManager] Waiting to acquire shared lock on daemon addresses registry.
2023-11-26T20:48:37.559+0300 [DEBUG] [org.gradle.cache.internal.DefaultFileLockManager] Lock acquired on daemon addresses registry.
2023-11-26T20:48:37.559+0300 [DEBUG] [org.gradle.cache.internal.DefaultFileLockManager] Releasing lock on daemon addresses registry.
2023-11-26T20:48:39.353+0300 [DEBUG] [org.gradle.process.internal.health.memory.DefaultMemoryManager] 1670381158 memory requested, 1220104192 free
2023-11-26T20:48:39.353+0300 [DEBUG] [org.gradle.workers.internal.WorkerDaemonExpiration] Will attempt to release 1592 of memory
2023-11-26T20:48:39.354+0300 [DEBUG] [org.gradle.process.internal.health.memory.DefaultMemoryManager] 1670381158 memory requested, 0 released, 1220104192 free
2023-11-26T20:48:44.352+0300 [DEBUG] [org.gradle.process.internal.health.memory.DefaultMemoryManager] 1670381158 memory requested, 1218940928 free
2023-11-26T20:48:44.353+0300 [DEBUG] [org.gradle.workers.internal.WorkerDaemonExpiration] Will attempt to release 1592 of memory
2023-11-26T20:48:44.353+0300 [DEBUG] [org.gradle.process.internal.health.memory.DefaultMemoryManager] 1670381158 memory requested, 0 released, 1218940928 free
2023-11-26T20:48:47.557+0300 [DEBUG] [org.gradle.cache.internal.DefaultFileLockManager] Waiting to acquire shared lock on daemon addresses registry.
2023-11-26T20:48:47.558+0300 [DEBUG] [org.gradle.cache.internal.DefaultFileLockManager] Lock acquired on daemon addresses registry.
2023-11-26T20:48:47.560+0300 [DEBUG] [org.gradle.cache.internal.DefaultFileLockManager] Releasing lock on daemon addresses registry.
2023-11-26T20:48:47.563+0300 [DEBUG] [org.gradle.cache.internal.DefaultFileLockManager] Waiting to acquire shared lock on daemon addresses registry.
2023-11-26T20:48:47.564+0300 [DEBUG] [org.gradle.cache.internal.DefaultFileLockManager] Lock acquired on daemon addresses registry.
2023-11-26T20:48:47.567+0300 [DEBUG] [org.gradle.cache.internal.DefaultFileLockManager] Releasing lock on daemon addresses registry.
2023-11-26T20:48:47.570+0300 [DEBUG] [org.gradle.cache.internal.DefaultFileLockManager] Waiting to acquire shared lock on daemon addresses registry.
2023-11-26T20:48:47.572+0300 [DEBUG] [org.gradle.cache.internal.DefaultFileLockManager] Lock acquired on daemon addresses registry.
2023-11-26T20:48:47.574+0300 [DEBUG] [org.gradle.cache.internal.DefaultFileLockManager] Releasing lock on daemon addresses registry.
2023-11-26T20:48:49.353+0300 [DEBUG] [org.gradle.process.internal.health.memory.DefaultMemoryManager] 1670381158 memory requested, 1222598656 free
2023-11-26T20:48:49.356+0300 [DEBUG] [org.gradle.workers.internal.WorkerDaemonExpiration] Will attempt to release 1592 of memory
2023-11-26T20:48:49.358+0300 [DEBUG] [org.gradle.process.internal.health.memory.DefaultMemoryManager] 1670381158 memory requested, 0 released, 1222598656 free
2023-11-26T20:48:54.353+0300 [DEBUG] [org.gradle.process.internal.health.memory.DefaultMemoryManager] 1670381158 memory requested, 1228439552 free
2023-11-26T20:48:54.353+0300 [DEBUG] [org.gradle.workers.internal.WorkerDaemonExpiration] Will attempt to release 1592 of memory
2023-11-26T20:48:54.353+0300 [DEBUG] [org.gradle.process.internal.health.memory.DefaultMemoryManager] 1670381158 memory requested, 0 released, 1228439552 free
2023-11-26T20:48:57.556+0300 [DEBUG] [org.gradle.cache.internal.DefaultFileLockManager] Waiting to acquire shared lock on daemon addresses registry.
2023-11-26T20:48:57.558+0300 [DEBUG] [org.gradle.cache.internal.DefaultFileLockManager] Lock acquired on daemon addresses registry.
2023-11-26T20:48:57.560+0300 [DEBUG] [org.gradle.cache.internal.DefaultFileLockManager] Releasing lock on daemon addresses registry.
2023-11-26T20:48:57.562+0300 [DEBUG] [org.gradle.cache.internal.DefaultFileLockManager] Waiting to acquire shared lock on daemon addresses registry.
2023-11-26T20:48:57.564+0300 [DEBUG] [org.gradle.cache.internal.DefaultFileLockManager] Lock acquired on daemon addresses registry.
2023-11-26T20:48:57.566+0300 [DEBUG] [org.gradle.cache.internal.DefaultFileLockManager] Releasing lock on daemon addresses registry.
2023-11-26T20:48:57.569+0300 [DEBUG] [org.gradle.cache.internal.DefaultFileLockManager] Waiting to acquire shared lock on daemon addresses registry.
2023-11-26T20:48:57.570+0300 [DEBUG] [org.gradle.cache.internal.DefaultFileLockManager] Lock acquired on daemon addresses registry.
2023-11-26T20:48:57.571+0300 [DEBUG] [org.gradle.cache.internal.DefaultFileLockManager] Releasing lock on daemon addresses registry.
2023-11-26T20:48:59.352+0300 [DEBUG] [org.gradle.process.internal.health.memory.DefaultMemoryManager] 1670381158 memory requested, 1220333568 free
2023-11-26T20:48:59.352+0300 [DEBUG] [org.gradle.workers.internal.WorkerDaemonExpiration] Will attempt to release 1592 of memory
2023-11-26T20:48:59.353+0300 [DEBUG] [org.gradle.process.internal.health.memory.DefaultMemoryManager] 1670381158 memory requested, 0 released, 1220333568 free
2023-11-26T20:49:04.353+0300 [DEBUG] [org.gradle.process.internal.health.memory.DefaultMemoryManager] 1670381158 memory requested, 1228337152 free
2023-11-26T20:49:04.353+0300 [DEBUG] [org.gradle.workers.internal.WorkerDaemonExpiration] Will attempt to release 1592 of memory
2023-11-26T20:49:04.354+0300 [DEBUG] [org.gradle.process.internal.health.memory.DefaultMemoryManager] 1670381158 memory requested, 0 released, 1228337152 free
2023-11-26T20:49:07.555+0300 [DEBUG] [org.gradle.cache.internal.DefaultFileLockManager] Waiting to acquire shared lock on daemon addresses registry.
2023-11-26T20:49:07.557+0300 [DEBUG] [org.gradle.cache.internal.DefaultFileLockManager] Lock acquired on daemon addresses registry.
2023-11-26T20:49:07.559+0300 [DEBUG] [org.gradle.cache.internal.DefaultFileLockManager] Releasing lock on daemon addresses registry.
2023-11-26T20:49:07.561+0300 [DEBUG] [org.gradle.cache.internal.DefaultFileLockManager] Waiting to acquire shared lock on daemon addresses registry.
2023-11-26T20:49:07.562+0300 [DEBUG] [org.gradle.cache.internal.DefaultFileLockManager] Lock acquired on daemon addresses registry.
2023-11-26T20:49:07.562+0300 [DEBUG] [org.gradle.cache.internal.DefaultFileLockManager] Releasing lock on daemon addresses registry.
2023-11-26T20:49:07.564+0300 [DEBUG] [org.gradle.cache.internal.DefaultFileLockManager] Waiting to acquire shared lock on daemon addresses registry.
2023-11-26T20:49:07.565+0300 [DEBUG] [org.gradle.cache.internal.DefaultFileLockManager] Lock acquired on daemon addresses registry.
2023-11-26T20:49:07.566+0300 [DEBUG] [org.gradle.cache.internal.DefaultFileLockManager] Releasing lock on daemon addresses registry.
2023-11-26T20:49:09.352+0300 [DEBUG] [org.gradle.process.internal.health.memory.DefaultMemoryManager] 1670381158 memory requested, 1202814976 free
2023-11-26T20:49:09.353+0300 [DEBUG] [org.gradle.workers.internal.WorkerDaemonExpiration] Will attempt to release 1592 of memory
2023-11-26T20:49:09.354+0300 [DEBUG] [org.gradle.process.internal.health.memory.DefaultMemoryManager] 1670381158 memory requested, 0 released, 1202814976 free
2023-11-26T20:49:14.352+0300 [DEBUG] [org.gradle.process.internal.health.memory.DefaultMemoryManager] 1670381158 memory requested, 1184624640 free
2023-11-26T20:49:14.353+0300 [DEBUG] [org.gradle.workers.internal.WorkerDaemonExpiration] Will attempt to release 1592 of memory
2023-11-26T20:49:14.354+0300 [DEBUG] [org.gradle.process.internal.health.memory.DefaultMemoryManager] 1670381158 memory requested, 0 released, 1184624640 free
2023-11-26T20:49:16.000+0300 [DEBUG] [sun.rmi.transport.tcp] RMI TCP Connection(2)-127.0.0.1: accepted socket from [127.0.0.1:55294]
2023-11-26T20:49:16.003+0300 [DEBUG] [sun.rmi.transport.tcp] RMI TCP Connection(2)-127.0.0.1: (port 37745) op = 80
2023-11-26T20:49:16.004+0300 [DEBUG] [sun.rmi.loader] RMI TCP Connection(2)-127.0.0.1: name = "[Ljava.rmi.server.ObjID;", codebase = "", defaultLoader = jdk.internal.loader.ClassLoaders$PlatformClassLoader@561d38fd
2023-11-26T20:49:16.004+0300 [DEBUG] [sun.rmi.loader] RMI TCP Connection(2)-127.0.0.1: name = "java.rmi.dgc.Lease", codebase = "", defaultLoader = jdk.internal.loader.ClassLoaders$PlatformClassLoader@561d38fd
2023-11-26T20:49:16.004+0300 [DEBUG] [sun.rmi.loader] RMI TCP Connection(2)-127.0.0.1: name = "java.rmi.dgc.VMID", codebase = "", defaultLoader = jdk.internal.loader.ClassLoaders$PlatformClassLoader@561d38fd
2023-11-26T20:49:16.005+0300 [DEBUG] [sun.rmi.loader] RMI TCP Connection(2)-127.0.0.1: name = "[B", codebase = "", defaultLoader = jdk.internal.loader.ClassLoaders$PlatformClassLoader@561d38fd
2023-11-26T20:49:16.005+0300 [DEBUG] [sun.rmi.loader] RMI TCP Connection(2)-127.0.0.1: name = "java.rmi.server.UID", codebase = "", defaultLoader = jdk.internal.loader.ClassLoaders$PlatformClassLoader@561d38fd
2023-11-26T20:49:17.555+0300 [DEBUG] [org.gradle.cache.internal.DefaultFileLockManager] Waiting to acquire shared lock on daemon addresses registry.
2023-11-26T20:49:17.555+0300 [DEBUG] [org.gradle.cache.internal.DefaultFileLockManager] Lock acquired on daemon addresses registry.
2023-11-26T20:49:17.556+0300 [DEBUG] [org.gradle.cache.internal.DefaultFileLockManager] Releasing lock on daemon addresses registry.
2023-11-26T20:49:17.556+0300 [DEBUG] [org.gradle.cache.internal.DefaultFileLockManager] Waiting to acquire shared lock on daemon addresses registry.
2023-11-26T20:49:17.557+0300 [DEBUG] [org.gradle.cache.internal.DefaultFileLockManager] Lock acquired on daemon addresses registry.
2023-11-26T20:49:17.557+0300 [DEBUG] [org.gradle.cache.internal.DefaultFileLockManager] Releasing lock on daemon addresses registry.
2023-11-26T20:49:17.558+0300 [DEBUG] [org.gradle.cache.internal.DefaultFileLockManager] Waiting to acquire shared lock on daemon addresses registry.
2023-11-26T20:49:17.558+0300 [DEBUG] [org.gradle.cache.internal.DefaultFileLockManager] Lock acquired on daemon addresses registry.
2023-11-26T20:49:17.558+0300 [DEBUG] [org.gradle.cache.internal.DefaultFileLockManager] Releasing lock on daemon addresses registry.
2023-11-26T20:49:19.352+0300 [DEBUG] [org.gradle.process.internal.health.memory.DefaultMemoryManager] 1670381158 memory requested, 1175826432 free
2023-11-26T20:49:19.352+0300 [DEBUG] [org.gradle.workers.internal.WorkerDaemonExpiration] Will attempt to release 1592 of memory
2023-11-26T20:49:19.353+0300 [DEBUG] [org.gradle.process.internal.health.memory.DefaultMemoryManager] 1670381158 memory requested, 0 released, 1175826432 free
2023-11-26T20:49:24.352+0300 [DEBUG] [org.gradle.process.internal.health.memory.DefaultMemoryManager] 1670381158 memory requested, 1184264192 free
2023-11-26T20:49:24.352+0300 [DEBUG] [org.gradle.workers.internal.WorkerDaemonExpiration] Will attempt to release 1592 of memory
2023-11-26T20:49:24.353+0300 [DEBUG] [org.gradle.process.internal.health.memory.DefaultMemoryManager] 1670381158 memory requested, 0 released, 1184264192 free
2023-11-26T20:49:27.556+0300 [DEBUG] [org.gradle.cache.internal.DefaultFileLockManager] Waiting to acquire shared lock on daemon addresses registry.
2023-11-26T20:49:27.556+0300 [DEBUG] [org.gradle.cache.internal.DefaultFileLockManager] Lock acquired on daemon addresses registry.
2023-11-26T20:49:27.557+0300 [DEBUG] [org.gradle.cache.internal.DefaultFileLockManager] Releasing lock on daemon addresses registry.
2023-11-26T20:49:27.557+0300 [DEBUG] [org.gradle.cache.internal.DefaultFileLockManager] Waiting to acquire shared lock on daemon addresses registry.
2023-11-26T20:49:27.558+0300 [DEBUG] [org.gradle.cache.internal.DefaultFileLockManager] Lock acquired on daemon addresses registry.
2023-11-26T20:49:27.558+0300 [DEBUG] [org.gradle.cache.internal.DefaultFileLockManager] Releasing lock on daemon addresses registry.
2023-11-26T20:49:27.559+0300 [DEBUG] [org.gradle.cache.internal.DefaultFileLockManager] Waiting to acquire shared lock on daemon addresses registry.
2023-11-26T20:49:27.559+0300 [DEBUG] [org.gradle.cache.internal.DefaultFileLockManager] Lock acquired on daemon addresses registry.
2023-11-26T20:49:27.560+0300 [DEBUG] [org.gradle.cache.internal.DefaultFileLockManager] Releasing lock on daemon addresses registry.
2023-11-26T20:49:29.353+0300 [DEBUG] [org.gradle.process.internal.health.memory.DefaultMemoryManager] 1670381158 memory requested, 1176141824 free
2023-11-26T20:49:29.353+0300 [DEBUG] [org.gradle.workers.internal.WorkerDaemonExpiration] Will attempt to release 1592 of memory
2023-11-26T20:49:29.354+0300 [DEBUG] [org.gradle.process.internal.health.memory.DefaultMemoryManager] 1670381158 memory requested, 0 released, 1176141824 free
2023-11-26T20:49:31.007+0300 [DEBUG] [sun.rmi.transport.tcp] RMI TCP Connection(2)-127.0.0.1: (port 37745) connection closed
2023-11-26T20:49:31.007+0300 [DEBUG] [sun.rmi.transport.tcp] RMI TCP Connection(2)-127.0.0.1: close connection, socket: Socket[addr=/127.0.0.1,port=55294,localport=37745]
2023-11-26T20:49:31.008+0300 [DEBUG] [sun.rmi.transport.tcp] RMI TCP Connection(2)-127.0.0.1: socket close: Socket[addr=/127.0.0.1,port=55294,localport=37745]
2023-11-26T20:49:34.353+0300 [DEBUG] [org.gradle.process.internal.health.memory.DefaultMemoryManager] 1670381158 memory requested, 1175674880 free
2023-11-26T20:49:34.353+0300 [DEBUG] [org.gradle.workers.internal.WorkerDaemonExpiration] Will attempt to release 1592 of memory
2023-11-26T20:49:34.353+0300 [DEBUG] [org.gradle.process.internal.health.memory.DefaultMemoryManager] 1670381158 memory requested, 0 released, 1175674880 free
2023-11-26T20:49:37.555+0300 [DEBUG] [org.gradle.cache.internal.DefaultFileLockManager] Waiting to acquire shared lock on daemon addresses registry.
2023-11-26T20:49:37.555+0300 [DEBUG] [org.gradle.cache.internal.DefaultFileLockManager] Lock acquired on daemon addresses registry.
2023-11-26T20:49:37.556+0300 [DEBUG] [org.gradle.cache.internal.DefaultFileLockManager] Releasing lock on daemon addresses registry.
2023-11-26T20:49:37.557+0300 [DEBUG] [org.gradle.cache.internal.DefaultFileLockManager] Waiting to acquire shared lock on daemon addresses registry.
2023-11-26T20:49:37.557+0300 [DEBUG] [org.gradle.cache.internal.DefaultFileLockManager] Lock acquired on daemon addresses registry.
2023-11-26T20:49:37.557+0300 [DEBUG] [org.gradle.cache.internal.DefaultFileLockManager] Releasing lock on daemon addresses registry.
2023-11-26T20:49:37.558+0300 [DEBUG] [org.gradle.cache.internal.DefaultFileLockManager] Waiting to acquire shared lock on daemon addresses registry.
2023-11-26T20:49:37.558+0300 [DEBUG] [org.gradle.cache.internal.DefaultFileLockManager] Lock acquired on daemon addresses registry.
2023-11-26T20:49:37.559+0300 [DEBUG] [org.gradle.cache.internal.DefaultFileLockManager] Releasing lock on daemon addresses registry.
2023-11-26T20:49:39.352+0300 [DEBUG] [org.gradle.process.internal.health.memory.DefaultMemoryManager] 1670381158 memory requested, 1171988480 free
2023-11-26T20:49:39.353+0300 [DEBUG] [org.gradle.workers.internal.WorkerDaemonExpiration] Will attempt to release 1592 of memory
2023-11-26T20:49:39.354+0300 [DEBUG] [org.gradle.process.internal.health.memory.DefaultMemoryManager] 1670381158 memory requested, 0 released, 1171988480 free
2023-11-26T20:49:43.978+0300 [DEBUG] [org.gradle.internal.remote.internal.inet.TcpIncomingConnector] Accepted connection from /127.0.0.1:46388 to /127.0.0.1:46219.
2023-11-26T20:49:43.979+0300 [DEBUG] [org.gradle.launcher.daemon.server.SynchronizedDispatchConnection] thread 140: received class org.gradle.launcher.daemon.protocol.Build
2023-11-26T20:49:43.980+0300 [DEBUG] [org.gradle.launcher.daemon.server.DefaultDaemonConnection] thread 140: Received non-IO message from client: Build{id=a09566d9-bee8-4a2c-aa91-9b07748d0a6a, currentDir=/mnt/code/AS/KotlinLvl1_2}
2023-11-26T20:49:43.980+0300 [INFO] [org.gradle.launcher.daemon.server.DefaultIncomingConnectionHandler] Received command: Build{id=a09566d9-bee8-4a2c-aa91-9b07748d0a6a, currentDir=/mnt/code/AS/KotlinLvl1_2}.
2023-11-26T20:49:43.980+0300 [DEBUG] [org.gradle.launcher.daemon.server.DefaultIncomingConnectionHandler] Starting executing command: Build{id=a09566d9-bee8-4a2c-aa91-9b07748d0a6a, currentDir=/mnt/code/AS/KotlinLvl1_2} with connection: socket connection from /127.0.0.1:46219 to /127.0.0.1:46388.
2023-11-26T20:49:43.981+0300 [DEBUG] [org.gradle.launcher.daemon.server.DaemonStateCoordinator] Command execution: started DaemonCommandExecution[command = Build{id=a09566d9-bee8-4a2c-aa91-9b07748d0a6a, currentDir=/mnt/code/AS/KotlinLvl1_2}, connection = DefaultDaemonConnection: socket connection from /127.0.0.1:46219 to /127.0.0.1:46388] after 5.0 minutes of idle
2023-11-26T20:49:43.981+0300 [INFO] [org.gradle.launcher.daemon.server.DaemonRegistryUpdater] Marking the daemon as busy, address: [cfc14ffa-491a-4726-bc3e-a200bd182603 port:46219, addresses:[localhost/127.0.0.1]]
2023-11-26T20:49:43.982+0300 [DEBUG] [org.gradle.launcher.daemon.registry.PersistentDaemonRegistry] Marking busy by address: [cfc14ffa-491a-4726-bc3e-a200bd182603 port:46219, addresses:[localhost/127.0.0.1]]
2023-11-26T20:49:43.998+0300 [DEBUG] [org.gradle.cache.internal.DefaultFileLockManager] Waiting to acquire exclusive lock on daemon addresses registry.
2023-11-26T20:49:43.999+0300 [DEBUG] [org.gradle.cache.internal.DefaultFileLockManager] Lock acquired on daemon addresses registry.
2023-11-26T20:49:44.003+0300 [DEBUG] [org.gradle.cache.internal.DefaultFileLockManager] Releasing lock on daemon addresses registry.
2023-11-26T20:49:44.004+0300 [DEBUG] [org.gradle.launcher.daemon.server.DaemonStateCoordinator] resetting idle timer
2023-11-26T20:49:44.004+0300 [DEBUG] [org.gradle.launcher.daemon.server.DaemonStateCoordinator] daemon is running. Sleeping until state changes.
2023-11-26T20:49:44.005+0300 [INFO] [org.gradle.launcher.daemon.server.exec.StartBuildOrRespondWithBusy] Daemon is about to start building Build{id=a09566d9-bee8-4a2c-aa91-9b07748d0a6a, currentDir=/mnt/code/AS/KotlinLvl1_2}. Dispatching build started information...
2023-11-26T20:49:44.005+0300 [DEBUG] [org.gradle.launcher.daemon.server.SynchronizedDispatchConnection] thread 142: dispatching org.gradle.launcher.daemon.protocol.BuildStarted@d2ab9d1
2023-11-26T20:49:44.006+0300 [DEBUG] [org.gradle.launcher.daemon.server.exec.EstablishBuildEnvironment] Configuring env variables: [PATH, XAUTHORITY, INVOCATION_ID, MOTD_SHOWN, DBUS_SESSION_BUS_ADDRESS, XDG_CURRENT_DESKTOP, JOURNAL_STREAM, QT_AUTO_SCREEN_SCALE_FACTOR, MAIL, LADSPA_PATH, SESSION_MANAGER, LOGNAME, PWD, PAM_KWALLET5_LOGIN, MANAGERPID, XCURSOR_THEME, KDE_SESSION_VERSION, SHELL, QT_SCREEN_SCALE_FACTORS, OLDPWD, CADENCE_AUTO_STARTED, VST_PATH, KDE_FULL_SESSION, GTK_MODULES, XDG_SESSION_PATH, DEBUGINFOD_URLS, DSSI_PATH, SYSTEMD_EXEC_PID, XDG_SESSION_DESKTOP, SHLVL, KDE_APPLICATIONS_AS_SCOPE, MEMORY_PRESSURE_WRITE, MEMORY_PRESSURE_WATCH, KDE_SESSION_UID, XDG_CONFIG_DIRS, LANG, XDG_SEAT_PATH, XDG_SESSION_TYPE, XDG_SESSION_ID, GRADLE_HOME, DISPLAY, GTK_RC_FILES, XDG_SESSION_CLASS, XCURSOR_SIZE, GTK3_MODULES, UBUNTU_MENUPROXY, DESKTOP_SESSION, USER, GTK2_RC_FILES, XDG_SEAT, XDG_RUNTIME_DIR, XDG_VTNR, HOME, LV2_PATH]
2023-11-26T20:49:44.008+0300 [DEBUG] [org.gradle.launcher.daemon.server.SynchronizedDispatchConnection] thread 140: received class org.gradle.launcher.daemon.protocol.CloseInput
2023-11-26T20:49:44.008+0300 [DEBUG] [org.gradle.launcher.daemon.server.exec.LogToClient] About to start relaying all logs to the client via the connection.
2023-11-26T20:49:44.008+0300 [DEBUG] [org.gradle.launcher.daemon.server.DefaultDaemonConnection] thread 140: Received IO message from client: org.gradle.launcher.daemon.protocol.CloseInput@63750747
2023-11-26T20:49:44.009+0300 [INFO] [org.gradle.launcher.daemon.server.exec.LogToClient] The client will now receive all logging from the daemon (pid: 166503). The daemon log file: /mnt/code/AS/SeverDroneClient/daemon/8.0/daemon-166503.out.log
2023-11-26T20:49:44.012+0300 [INFO] [org.gradle.launcher.daemon.server.exec.LogAndCheckHealth] Starting 2nd build in daemon [uptime: 6 mins 6.597 secs, performance: 100%, GC rate: 0.00/s, heap usage: 0% of 2 GiB]
2023-11-26T20:49:44.013+0300 [DEBUG] [org.gradle.launcher.daemon.server.exec.ExecuteBuild] The daemon has started executing the build.
2023-11-26T20:49:44.013+0300 [INFO] [org.gradle.launcher.daemon.server.exec.ForwardClientInput] Closing daemon's stdin at end of input.
2023-11-26T20:49:44.013+0300 [DEBUG] [org.gradle.launcher.daemon.server.exec.ExecuteBuild] Executing build with daemon context: DefaultDaemonContext[uid=1e39bba0-2495-4d90-9eea-3834b23a1cca,javaHome=/opt/android-studio-canary/jbr,daemonRegistryDir=/mnt/code/AS/SeverDroneClient/daemon,pid=166503,idleTimeout=10800000,priority=NORMAL,daemonOpts=--add-opens=java.base/java.util=ALL-UNNAMED,--add-opens=java.base/java.lang=ALL-UNNAMED,--add-opens=java.base/java.lang.invoke=ALL-UNNAMED,--add-opens=java.prefs/java.util.prefs=ALL-UNNAMED,--add-opens=java.base/java.nio.charset=ALL-UNNAMED,--add-opens=java.base/java.net=ALL-UNNAMED,--add-opens=java.base/java.util.concurrent.atomic=ALL-UNNAMED,-Xmx2048m,-Dfile.encoding=UTF-8,-Duser.country=US,-Duser.language=en,-Duser.variant]
2023-11-26T20:49:44.014+0300 [INFO] [org.gradle.launcher.daemon.server.exec.ForwardClientInput] The daemon will no longer process any standard input.
